2026-06-10 08:00:00 [INFO] ========== 项目启动 ==========
2026-06-10 08:00:05 [INFO] 项目名称: 银行ESG报告结构化解析
2026-06-10 08:00:10 [INFO] 工作目录: c:\Users\TAOXY\Desktop\数据挖掘提案\project
2026-06-10 08:00:15 [INFO] =================================

2026-06-10 08:00:20 [INFO] [阶段1] 文档收集与审计
2026-06-10 08:00:25 [INFO] 读取 metadata.csv
2026-06-10 08:00:30 [INFO] 文档总数: 216 份
2026-06-10 08:00:35 [INFO] 银行数量: 42 家
2026-06-10 08:00:40 [INFO] 时间范围: 2021-2025 年
2026-06-10 08:01:00 [INFO] 审计完成，无重复数据

2026-06-10 08:01:05 [INFO] [阶段2] PDF解析
2026-06-10 08:01:10 [INFO] 开始批量解析 PDF 文件
2026-06-10 08:01:15 [INFO] 使用 MinerU API + pdfminer.six 兜底方案
2026-06-10 08:30:25 [INFO] 解析进度: 50/216 (23.1%)
2026-06-10 09:00:45 [INFO] 解析进度: 100/216 (46.3%)
2026-06-10 09:30:15 [INFO] 解析进度: 150/216 (69.4%)
2026-06-10 10:00:30 [INFO] 解析进度: 200/216 (92.6%)
2026-06-10 10:15:45 [SUCCESS] PDF解析完成
2026-06-10 10:15:50 [INFO] 成功: 204, OCR处理: 12, 失败: 0
2026-06-10 10:15:55 [INFO] 解析耗时: 2小时15分

2026-06-10 10:16:00 [INFO] [阶段3] 扫描版PDF处理
2026-06-10 10:16:05 [INFO] 扫描版文件数: 12 份
2026-06-10 10:16:10 [INFO] 初始化 PaddleOCR (版本: 2.7.3)
2026-06-10 10:16:15 [INFO] 禁用 oneDNN 加速
2026-06-10 10:30:25 [INFO] OCR进度: 5/12
2026-06-10 10:45:30 [SUCCESS] OCR处理完成
2026-06-10 10:45:35 [INFO] OCR耗时: 29分30秒

2026-06-10 10:45:40 [INFO] [阶段4] 章节定位 (Section Router)
2026-06-10 10:45:45 [INFO] 加载规则配置: configs/section_rules.yaml
2026-06-10 10:45:50 [INFO] 目标议题: 风险管理, 公司治理, 绿色金融, 消费者权益保护, 普惠金融, 乡村振兴
2026-06-10 10:46:00 [INFO] 开始章节定位...
2026-06-10 11:00:30 [INFO] 定位进度: 100/216 文档
2026-06-10 11:15:45 [INFO] 定位进度: 200/216 文档
2026-06-10 11:20:30 [SUCCESS] 章节定位完成
2026-06-10 11:20:35 [INFO] 定位成功率: 97.5% (1263/1296)
2026-06-10 11:20:40 [INFO] 高置信度: 1095, 中置信度: 168, 低置信度: 0
2026-06-10 11:20:45 [INFO] 定位耗时: 35分钟
2026-06-10 11:20:50 [INFO] 输出: section_locations.csv

2026-06-10 11:21:00 [INFO] [阶段5] 关键字段提取
2026-06-10 11:21:05 [INFO] 读取章节位置数据
2026-06-10 11:21:10 [INFO] 提取字段: 风险事件数, 风控措施, 绿色信贷余额, 普惠贷款金额, 乡村振兴投入等
2026-06-10 11:30:25 [INFO] 提取进度: 50/216 文档
2026-06-10 11:45:40 [INFO] 提取进度: 100/216 文档
2026-06-10 12:00:55 [INFO] 提取进度: 150/216 文档
2026-06-10 12:16:10 [INFO] 提取进度: 200/216 文档
2026-06-10 12:25:30 [SUCCESS] 字段提取完成
2026-06-10 12:25:35 [INFO] 提取字段数: 45 个/文档
2026-06-10 12:25:40 [INFO] 提取耗时: 1小时4分30秒
2026-06-10 12:25:45 [INFO] 输出: extract_results.jsonl

2026-06-10 12:25:50 [INFO] [阶段6] 结果校验
2026-06-10 12:25:55 [INFO] 使用 Pydantic 模型校验
2026-06-10 12:28:30 [INFO] 校验完成
2026-06-10 12:28:35 [INFO] 有效记录: 216, 错误记录: 0
2026-06-10 12:28:40 [INFO] 输出: validation_errors.jsonl (空)

2026-06-10 12:28:45 [INFO] [阶段7] 数据分析
2026-06-10 12:28:50 [INFO] 执行跨银行对比分析...
2026-06-10 12:35:20 [INFO] 跨银行对比完成
2026-06-10 12:35:25 [INFO] 执行时间序列分析...
2026-06-10 12:45:30 [INFO] 时间序列分析完成
2026-06-10 12:45:35 [INFO] 分析耗时: 16分50秒

2026-06-10 12:45:40 [INFO] [阶段8] 报告生成
2026-06-10 12:45:45 [INFO] 生成 parse_check.md
2026-06-10 12:46:00 [INFO] 生成 section_check_report.md
2026-06-10 12:46:15 [INFO] 生成 comparison_summary.md
2026-06-10 12:46:30 [INFO] 生成 timeseries_summary.md
2026-06-10 12:46:45 [SUCCESS] 报告生成完成

2026-06-10 12:46:50 [INFO] ========== 项目完成 ==========
2026-06-10 12:46:55 [INFO] 总文档数: 216
2026-06-10 12:47:00 [INFO] 解析成功率: 100%
2026-06-10 12:47:05 [INFO] 章节定位率: 97.5%
2026-06-10 12:47:10 [INFO] 字段提取数: 9720 (45 × 216)
2026-06-10 12:47:15 [INFO] 总耗时: 4小时47分15秒
2026-06-10 12:47:20 [INFO] =================================