2026-06-13 14:18:10,644 - INFO - 加载 metadata 文件: data/metadata/metadata.csv
2026-06-13 14:18:10,645 - INFO - 共找到 255 条记录
2026-06-13 14:18:10,645 - INFO - 开始下载 PDF 文件...
2026-06-13 14:18:10,645 - INFO - [1/255] 提取 PDF 链接 - 601398 工商银行
2026-06-13 14:18:10,832 - INFO - [1/255] 下载中 - http://static.cninfo.com.cn/finalpage/2022-03-31/1...
2026-06-13 14:18:11,351 - INFO - [1/255] 下载成功 - 601398_2022-03-31_75048278.pdf (5696350 bytes)
2026-06-13 14:18:12,352 - INFO - [2/255] 提取 PDF 链接 - 601398 工商银行
2026-06-13 14:18:12,462 - INFO - [2/255] 下载中 - http://static.cninfo.com.cn/finalpage/2023-03-31/1...
2026-06-13 14:18:12,780 - INFO - [2/255] 下载成功 - 601398_2023-03-31_16487852.pdf (5700887 bytes)
2026-06-13 14:18:13,785 - INFO - [3/255] 提取 PDF 链接 - 601398 工商银行
2026-06-13 14:18:13,910 - INFO - [3/255] 下载中 - http://static.cninfo.com.cn/finalpage/2024-03-28/1...
2026-06-13 14:18:14,131 - INFO - [3/255] 下载成功 - 601398_2024-03-28_67067880.pdf (5173281 bytes)
2026-06-13 14:18:15,137 - INFO - [4/255] 提取 PDF 链接 - 601398 工商银行
2026-06-13 14:18:15,261 - INFO - [4/255] 下载中 - http://static.cninfo.com.cn/finalpage/2022-03-31/1...
2026-06-13 14:18:15,410 - INFO - [4/255] 下载成功 - 601398_2022-03-31_76858575.pdf (5696350 bytes)
2026-06-13 14:18:16,415 - INFO - [5/255] 提取 PDF 链接 - 601398 工商银行
2026-06-13 14:18:16,530 - INFO - [5/255] 下载中 - http://static.cninfo.com.cn/finalpage/2023-03-31/1...
2026-06-13 14:18:16,670 - INFO - [5/255] 下载成功 - 601398_2023-03-31_83920658.pdf (5700887 bytes)
2026-06-13 14:18:17,672 - INFO - [6/255] 提取 PDF 链接 - 601398 工商银行
2026-06-13 14:18:17,800 - INFO - [6/255] 下载中 - http://static.cninfo.com.cn/finalpage/2024-03-28/1...
2026-06-13 14:18:17,990 - INFO - [6/255] 下载成功 - 601398_2024-03-28_16939790.pdf (5173281 bytes)
2026-06-13 14:18:18,995 - INFO - [7/255] 提取 PDF 链接 - 601398 工商银行
2026-06-13 14:18:19,121 - INFO - [7/255] 下载中 - http://static.cninfo.com.cn/finalpage/2025-03-29/1...
2026-06-13 14:18:19,700 - INFO - [7/255] 下载成功 - 601398_2025-03-29_68009650.pdf (13048446 bytes)
2026-06-13 14:18:20,702 - INFO - [8/255] 提取 PDF 链接 - 601398 工商银行
2026-06-13 14:18:20,800 - INFO - [8/255] 下载中 - http://static.cninfo.com.cn/finalpage/2026-03-28/1...
2026-06-13 14:18:21,042 - INFO - [8/255] 下载成功 - 601398_2026-03-28_13777891.pdf (7308585 bytes)
2026-06-13 14:18:22,048 - INFO - [9/255] 提取 PDF 链接 - 601939 建设银行
2026-06-13 14:18:22,131 - INFO - [9/255] 下载中 - http://static.cninfo.com.cn/finalpage/2022-03-30/1...
2026-06-13 14:18:22,371 - INFO - [9/255] 下载成功 - 601939_2022-03-30_30985063.pdf (5522723 bytes)
2026-06-13 14:18:23,375 - INFO - [10/255] 提取 PDF 链接 - 601939 建设银行
2026-06-13 14:18:23,512 - INFO - [10/255] 下载中 - http://static.cninfo.com.cn/finalpage/2023-03-30/1...
2026-06-13 14:18:23,621 - INFO - [10/255] 下载成功 - 601939_2023-03-30_40352413.pdf (3932584 bytes)
2026-06-13 14:18:24,624 - INFO - [11/255] 提取 PDF 链接 - 601939 建设银行
2026-06-13 14:18:24,731 - INFO - [11/255] 下载中 - http://static.cninfo.com.cn/finalpage/2024-03-29/1...
2026-06-13 14:18:24,963 - INFO - [11/255] 下载成功 - 601939_2024-03-29_63911430.pdf (4541079 bytes)
2026-06-13 14:18:25,967 - INFO - [12/255] 提取 PDF 链接 - 601939 建设银行
2026-06-13 14:18:26,101 - INFO - [12/255] 下载中 - http://static.cninfo.com.cn/finalpage/2025-03-29/1...
2026-06-13 14:18:26,453 - INFO - [12/255] 下载成功 - 601939_2025-03-29_62505520.pdf (7245871 bytes)
2026-06-13 14:18:27,458 - INFO - [13/255] 提取 PDF 链接 - 601939 建设银行
2026-06-13 14:18:27,541 - INFO - [13/255] 下载中 - http://static.cninfo.com.cn/finalpage/2026-03-28/1...
2026-06-13 14:18:27,584 - INFO - [13/255] 下载成功 - 601939_2026-03-28_30756453.pdf (231263 bytes)
2026-06-13 14:18:28,589 - INFO - [14/255] 提取 PDF 链接 - 601288 农业银行
2026-06-13 14:18:28,711 - INFO - [14/255] 下载中 - http://static.cninfo.com.cn/finalpage/2022-03-31/1...
2026-06-13 14:18:29,592 - INFO - [14/255] 下载成功 - 601288_2022-03-31_24533431.pdf (8817885 bytes)
2026-06-13 14:18:30,593 - INFO - [15/255] 提取 PDF 链接 - 601288 农业银行
2026-06-13 14:18:30,731 - INFO - [15/255] 下载中 - http://static.cninfo.com.cn/finalpage/2023-03-31/1...
2026-06-13 14:18:31,042 - INFO - [15/255] 下载成功 - 601288_2023-03-31_49057225.pdf (9426569 bytes)
2026-06-13 14:18:32,047 - INFO - [16/255] 提取 PDF 链接 - 601288 农业银行
2026-06-13 14:18:32,192 - INFO - [16/255] 下载中 - http://static.cninfo.com.cn/finalpage/2024-03-29/1...
2026-06-13 14:18:32,505 - INFO - [16/255] 下载成功 - 601288_2024-03-29_91242124.pdf (10367535 bytes)
2026-06-13 14:18:33,506 - INFO - [17/255] 提取 PDF 链接 - 601288 农业银行
2026-06-13 14:18:33,630 - INFO - [17/255] 下载中 - http://static.cninfo.com.cn/finalpage/2025-03-29/1...
2026-06-13 14:18:33,920 - INFO - [17/255] 下载成功 - 601288_2025-03-29_85222935.pdf (4451930 bytes)
2026-06-13 14:18:34,925 - INFO - [18/255] 提取 PDF 链接 - 601288 农业银行
2026-06-13 14:18:35,021 - INFO - [18/255] 下载中 - http://static.cninfo.com.cn/finalpage/2026-03-31/1...
2026-06-13 14:18:35,370 - INFO - [18/255] 下载成功 - 601288_2026-03-31_47684147.pdf (7646116 bytes)
2026-06-13 14:18:36,371 - INFO - [19/255] 提取 PDF 链接 - 601988 中国银行
2026-06-13 14:18:36,501 - INFO - [19/255] 下载中 - http://static.cninfo.com.cn/finalpage/2022-03-30/1...
2026-06-13 14:18:37,063 - INFO - [19/255] 下载成功 - 601988_2022-03-30_82012004.pdf (14846847 bytes)
2026-06-13 14:18:38,066 - INFO - [20/255] 提取 PDF 链接 - 601988 中国银行
2026-06-13 14:18:38,211 - INFO - [20/255] 下载中 - http://static.cninfo.com.cn/finalpage/2023-03-31/1...
2026-06-13 14:18:38,684 - INFO - [20/255] 下载成功 - 601988_2023-03-31_91526878.pdf (22954904 bytes)
2026-06-13 14:18:39,685 - INFO - [21/255] 提取 PDF 链接 - 601988 中国银行
2026-06-13 14:18:39,811 - INFO - [21/255] 下载中 - http://static.cninfo.com.cn/finalpage/2024-03-29/1...
2026-06-13 14:18:40,091 - INFO - [21/255] 下载成功 - 601988_2024-03-29_39824119.pdf (14510916 bytes)
2026-06-13 14:18:41,094 - INFO - [22/255] 提取 PDF 链接 - 601988 中国银行
2026-06-13 14:18:41,220 - INFO - [22/255] 下载中 - http://static.cninfo.com.cn/finalpage/2025-03-27/1...
2026-06-13 14:18:41,511 - INFO - [22/255] 下载成功 - 601988_2025-03-27_85261446.pdf (14235365 bytes)
2026-06-13 14:18:42,514 - INFO - [23/255] 提取 PDF 链接 - 601988 中国银行
2026-06-13 14:18:42,621 - INFO - [23/255] 下载中 - http://static.cninfo.com.cn/finalpage/2026-03-31/1...
2026-06-13 14:18:42,990 - INFO - [23/255] 下载成功 - 601988_2026-03-31_10516633.pdf (17966788 bytes)
2026-06-13 14:18:43,991 - INFO - [24/255] 提取 PDF 链接 - 601328 交通银行
2026-06-13 14:18:44,121 - INFO - [24/255] 下载中 - http://static.cninfo.com.cn/finalpage/2022-03-26/1...
2026-06-13 14:18:44,517 - INFO - [24/255] 下载成功 - 601328_2022-03-26_34673328.pdf (9321240 bytes)
2026-06-13 14:18:45,519 - INFO - [25/255] 提取 PDF 链接 - 601328 交通银行
2026-06-13 14:18:45,661 - INFO - [25/255] 下载中 - http://static.cninfo.com.cn/finalpage/2024-03-28/1...
2026-06-13 14:18:46,212 - INFO - [25/255] 下载成功 - 601328_2024-03-28_57195348.pdf (5087370 bytes)
2026-06-13 14:18:47,215 - INFO - [26/255] 提取 PDF 链接 - 601328 交通银行
2026-06-13 14:18:47,351 - INFO - [26/255] 下载中 - http://static.cninfo.com.cn/finalpage/2025-03-22/1...
2026-06-13 14:18:47,662 - INFO - [26/255] 下载成功 - 601328_2025-03-22_65211386.pdf (6205129 bytes)
2026-06-13 14:18:48,667 - INFO - [27/255] 提取 PDF 链接 - 601328 交通银行
2026-06-13 14:18:48,751 - INFO - [27/255] 下载中 - http://static.cninfo.com.cn/finalpage/2022-03-26/1...
2026-06-13 14:18:49,001 - INFO - [27/255] 下载成功 - 601328_2022-03-26_75860391.pdf (9321240 bytes)
2026-06-13 14:18:50,005 - INFO - [28/255] 提取 PDF 链接 - 601328 交通银行
2026-06-13 14:18:50,141 - INFO - [28/255] 下载中 - http://static.cninfo.com.cn/finalpage/2023-03-31/1...
2026-06-13 14:18:50,253 - INFO - [28/255] 下载成功 - 601328_2023-03-31_47852232.pdf (4805461 bytes)
2026-06-13 14:18:51,255 - INFO - [29/255] 提取 PDF 链接 - 601328 交通银行
2026-06-13 14:18:51,361 - INFO - [29/255] 下载中 - http://static.cninfo.com.cn/finalpage/2024-03-28/1...
2026-06-13 14:18:51,481 - INFO - [29/255] 下载成功 - 601328_2024-03-28_40463364.pdf (5087370 bytes)
2026-06-13 14:18:52,486 - INFO - [30/255] 提取 PDF 链接 - 601328 交通银行
2026-06-13 14:18:52,620 - INFO - [30/255] 下载中 - http://static.cninfo.com.cn/finalpage/2025-03-22/1...
2026-06-13 14:18:52,751 - INFO - [30/255] 下载成功 - 601328_2025-03-22_33897196.pdf (6205129 bytes)
2026-06-13 14:18:53,756 - INFO - [31/255] 提取 PDF 链接 - 601328 交通银行
2026-06-13 14:18:53,880 - INFO - [31/255] 下载中 - http://static.cninfo.com.cn/finalpage/2026-03-28/1...
2026-06-13 14:18:53,950 - INFO - [31/255] 下载成功 - 601328_2026-03-28_22814631.pdf (220466 bytes)
2026-06-13 14:18:54,955 - INFO - [32/255] 提取 PDF 链接 - 601328 交通银行
2026-06-13 14:18:55,031 - INFO - [32/255] 下载中 - http://static.cninfo.com.cn/finalpage/2026-03-28/1...
2026-06-13 14:18:55,263 - INFO - [32/255] 下载成功 - 601328_2026-03-28_19933667.pdf (6708548 bytes)
2026-06-13 14:18:56,265 - INFO - [33/255] 提取 PDF 链接 - 601658 邮储银行
2026-06-13 14:18:56,390 - INFO - [33/255] 下载中 - http://static.cninfo.com.cn/finalpage/2022-03-31/1...
2026-06-13 14:18:58,150 - INFO - [33/255] 下载成功 - 601658_2022-03-31_32336398.pdf (18817424 bytes)
2026-06-13 14:18:59,155 - INFO - [34/255] 提取 PDF 链接 - 601658 邮储银行
2026-06-13 14:18:59,281 - INFO - [34/255] 下载中 - http://static.cninfo.com.cn/finalpage/2023-03-31/1...
2026-06-13 14:19:00,280 - INFO - [34/255] 下载成功 - 601658_2023-03-31_49388544.pdf (10105041 bytes)
2026-06-13 14:19:01,283 - INFO - [35/255] 提取 PDF 链接 - 601658 邮储银行
2026-06-13 14:19:01,380 - INFO - [35/255] 下载中 - http://static.cninfo.com.cn/finalpage/2024-03-29/1...
2026-06-13 14:19:01,654 - INFO - [35/255] 下载成功 - 601658_2024-03-29_48975810.pdf (9823572 bytes)
2026-06-13 14:19:02,659 - INFO - [36/255] 提取 PDF 链接 - 601658 邮储银行
2026-06-13 14:19:02,762 - INFO - [36/255] 下载中 - http://static.cninfo.com.cn/finalpage/2025-03-28/1...
2026-06-13 14:19:03,160 - INFO - [36/255] 下载成功 - 601658_2025-03-28_50985242.pdf (9009527 bytes)
2026-06-13 14:19:04,161 - INFO - [37/255] 提取 PDF 链接 - 601658 邮储银行
2026-06-13 14:19:04,342 - INFO - [37/255] 下载中 - http://static.cninfo.com.cn/finalpage/2026-03-28/1...
2026-06-13 14:19:05,251 - INFO - [37/255] 下载成功 - 601658_2026-03-28_78280957.pdf (25962459 bytes)
2026-06-13 14:19:06,251 - INFO - [38/255] 提取 PDF 链接 - 000001 平安银行
2026-06-13 14:19:06,391 - INFO - [38/255] 下载中 - http://static.cninfo.com.cn/finalpage/2022-03-10/1...
2026-06-13 14:19:06,521 - INFO - [38/255] 下载成功 - 000001_2022-03-10_79237937.pdf (2991564 bytes)
2026-06-13 14:19:07,526 - INFO - [39/255] 提取 PDF 链接 - 000001 平安银行
2026-06-13 14:19:07,661 - INFO - [39/255] 下载中 - http://static.cninfo.com.cn/finalpage/2023-03-09/1...
2026-06-13 14:19:07,761 - INFO - [39/255] 下载成功 - 000001_2023-03-09_15409799.pdf (4983156 bytes)
2026-06-13 14:19:08,766 - INFO - [40/255] 提取 PDF 链接 - 000001 平安银行
2026-06-13 14:19:08,900 - INFO - [40/255] 下载中 - http://static.cninfo.com.cn/finalpage/2024-03-15/1...
2026-06-13 14:19:09,001 - INFO - [40/255] 下载成功 - 000001_2024-03-15_87350915.pdf (3882461 bytes)
2026-06-13 14:19:10,002 - INFO - [41/255] 提取 PDF 链接 - 000001 平安银行
2026-06-13 14:19:10,101 - INFO - [41/255] 下载中 - http://static.cninfo.com.cn/finalpage/2025-03-15/1...
2026-06-13 14:19:10,261 - INFO - [41/255] 下载成功 - 000001_2025-03-15_48912341.pdf (3498828 bytes)
2026-06-13 14:19:11,266 - INFO - [42/255] 提取 PDF 链接 - 000001 平安银行
2026-06-13 14:19:11,341 - INFO - [42/255] 下载中 - http://static.cninfo.com.cn/finalpage/2026-03-21/1...
2026-06-13 14:19:11,637 - INFO - [42/255] 下载成功 - 000001_2026-03-21_56449343.pdf (2093291 bytes)
2026-06-13 14:19:12,642 - INFO - [43/255] 提取 PDF 链接 - 600036 招商银行
2026-06-13 14:19:12,781 - INFO - [43/255] 下载中 - http://static.cninfo.com.cn/finalpage/2022-03-19/1...
2026-06-13 14:19:13,360 - INFO - [43/255] 下载成功 - 600036_2022-03-19_89057050.pdf (16081758 bytes)
2026-06-13 14:19:14,365 - INFO - [44/255] 提取 PDF 链接 - 600036 招商银行
2026-06-13 14:19:14,512 - INFO - [44/255] 下载中 - http://static.cninfo.com.cn/finalpage/2023-03-25/1...
2026-06-13 14:19:14,921 - INFO - [44/255] 下载成功 - 600036_2023-03-25_26246519.pdf (14770069 bytes)
2026-06-13 14:19:15,926 - INFO - [45/255] 提取 PDF 链接 - 600036 招商银行
2026-06-13 14:19:16,051 - INFO - [45/255] 下载中 - http://static.cninfo.com.cn/finalpage/2024-03-26/1...
2026-06-13 14:19:16,401 - INFO - [45/255] 下载成功 - 600036_2024-03-26_47479451.pdf (16681092 bytes)
2026-06-13 14:19:17,405 - INFO - [46/255] 提取 PDF 链接 - 600036 招商银行
2026-06-13 14:19:17,552 - INFO - [46/255] 下载中 - http://static.cninfo.com.cn/finalpage/2025-03-26/1...
2026-06-13 14:19:17,901 - INFO - [46/255] 下载成功 - 600036_2025-03-26_51811769.pdf (12076641 bytes)
2026-06-13 14:19:18,906 - INFO - [47/255] 提取 PDF 链接 - 600036 招商银行
2026-06-13 14:19:19,011 - INFO - [47/255] 下载中 - http://static.cninfo.com.cn/finalpage/2026-03-28/1...
2026-06-13 14:19:19,067 - INFO - [47/255] 下载成功 - 600036_2026-03-28_56700748.pdf (226161 bytes)
2026-06-13 14:19:20,072 - INFO - [48/255] 提取 PDF 链接 - 601166 兴业银行
2026-06-13 14:19:30,142 - ERROR - [48/255] 提取 PDF 链接失败 - 601166 兴业银行: 请求 API 失败: 504 Server Error: Gateway Time-out for url: https://www.cninfo.com.cn/new/announcement/bulletin_detail
2026-06-13 14:19:31,148 - INFO - [49/255] 提取 PDF 链接 - 601166 兴业银行
2026-06-13 14:19:31,292 - INFO - [49/255] 下载中 - http://static.cninfo.com.cn/finalpage/2023-03-31/1...
2026-06-13 14:19:31,685 - INFO - [49/255] 下载成功 - 601166_2023-03-31_30010858.pdf (16380333 bytes)
2026-06-13 14:19:32,690 - INFO - [50/255] 提取 PDF 链接 - 601166 兴业银行
2026-06-13 14:19:32,842 - INFO - [50/255] 下载中 - http://static.cninfo.com.cn/finalpage/2024-03-29/1...
2026-06-13 14:19:33,312 - INFO - [50/255] 下载成功 - 601166_2024-03-29_67778005.pdf (21289120 bytes)
2026-06-13 14:19:34,318 - INFO - [51/255] 提取 PDF 链接 - 601166 兴业银行
2026-06-13 14:19:34,442 - INFO - [51/255] 下载中 - http://static.cninfo.com.cn/finalpage/2025-03-28/1...
2026-06-13 14:19:35,527 - INFO - [51/255] 下载成功 - 601166_2025-03-28_60487652.pdf (49476807 bytes)
2026-06-13 14:19:36,531 - INFO - [52/255] 提取 PDF 链接 - 601166 兴业银行
2026-06-13 14:19:36,631 - INFO - [52/255] 下载中 - http://static.cninfo.com.cn/finalpage/2026-03-27/1...
2026-06-13 14:19:38,091 - INFO - [52/255] 下载成功 - 601166_2026-03-27_49522333.pdf (47614212 bytes)
2026-06-13 14:19:39,094 - INFO - [53/255] 提取 PDF 链接 - 601998 中信银行
2026-06-13 14:19:39,211 - INFO - [53/255] 下载中 - http://static.cninfo.com.cn/finalpage/2022-03-25/1...
2026-06-13 14:19:39,413 - INFO - [53/255] 下载成功 - 601998_2022-03-25_49927410.pdf (2035826 bytes)
2026-06-13 14:19:40,416 - INFO - [54/255] 提取 PDF 链接 - 601998 中信银行
2026-06-13 14:19:40,521 - INFO - [54/255] 下载中 - http://static.cninfo.com.cn/finalpage/2023-03-24/1...
2026-06-13 14:19:40,593 - INFO - [54/255] 下载成功 - 601998_2023-03-24_31369021.pdf (2681943 bytes)
2026-06-13 14:19:41,598 - INFO - [55/255] 提取 PDF 链接 - 601998 中信银行
2026-06-13 14:19:41,721 - INFO - [55/255] 下载中 - http://static.cninfo.com.cn/finalpage/2024-03-22/1...
2026-06-13 14:19:41,869 - INFO - [55/255] 下载成功 - 601998_2024-03-22_41842331.pdf (2380226 bytes)
2026-06-13 14:19:42,874 - INFO - [56/255] 提取 PDF 链接 - 601998 中信银行
2026-06-13 14:19:42,970 - INFO - [56/255] 下载中 - http://static.cninfo.com.cn/finalpage/2025-03-27/1...
2026-06-13 14:19:43,432 - INFO - [56/255] 下载成功 - 601998_2025-03-27_21847298.pdf (11922860 bytes)
2026-06-13 14:19:44,438 - INFO - [57/255] 提取 PDF 链接 - 601998 中信银行
2026-06-13 14:19:44,520 - INFO - [57/255] 下载中 - http://static.cninfo.com.cn/finalpage/2026-03-21/1...
2026-06-13 14:19:44,586 - INFO - [57/255] 下载成功 - 601998_2026-03-21_49507958.pdf (305203 bytes)
2026-06-13 14:19:45,591 - INFO - [58/255] 提取 PDF 链接 - 600000 浦发银行
2026-06-13 14:19:45,712 - INFO - [58/255] 下载中 - http://static.cninfo.com.cn/finalpage/2022-04-28/1...
2026-06-13 14:19:46,141 - INFO - [58/255] 下载成功 - 600000_2022-04-28_59893745.pdf (4670242 bytes)
2026-06-13 14:19:47,144 - INFO - [59/255] 提取 PDF 链接 - 600000 浦发银行
2026-06-13 14:19:47,280 - INFO - [59/255] 下载中 - http://static.cninfo.com.cn/finalpage/2022-04-28/1...
2026-06-13 14:19:47,697 - INFO - [59/255] 下载成功 - 600000_2022-04-28_33990347.pdf (15499153 bytes)
2026-06-13 14:19:48,703 - INFO - [60/255] 提取 PDF 链接 - 600000 浦发银行
2026-06-13 14:19:48,841 - INFO - [60/255] 下载中 - http://static.cninfo.com.cn/finalpage/2023-04-19/1...
2026-06-13 14:19:49,166 - INFO - [60/255] 下载成功 - 600000_2023-04-19_85638395.pdf (15720296 bytes)
2026-06-13 14:19:50,170 - INFO - [61/255] 提取 PDF 链接 - 600000 浦发银行
2026-06-13 14:19:50,291 - INFO - [61/255] 下载中 - http://static.cninfo.com.cn/finalpage/2024-04-30/1...
2026-06-13 14:19:50,563 - INFO - [61/255] 下载成功 - 600000_2024-04-30_62726453.pdf (12336527 bytes)
2026-06-13 14:19:51,564 - INFO - [62/255] 提取 PDF 链接 - 600000 浦发银行
2026-06-13 14:19:51,661 - INFO - [62/255] 下载中 - http://static.cninfo.com.cn/finalpage/2025-03-29/1...
2026-06-13 14:19:56,010 - INFO - [62/255] 下载成功 - 600000_2025-03-29_53048571.pdf (50135157 bytes)
2026-06-13 14:19:57,016 - INFO - [63/255] 提取 PDF 链接 - 600000 浦发银行
2026-06-13 14:19:57,112 - INFO - [63/255] 下载中 - http://static.cninfo.com.cn/finalpage/2026-03-31/1...
2026-06-13 14:19:57,170 - INFO - [63/255] 下载成功 - 600000_2026-03-31_66515158.pdf (232486 bytes)
2026-06-13 14:19:58,172 - INFO - [64/255] 提取 PDF 链接 - 601818 光大银行
2026-06-13 14:19:58,311 - INFO - [64/255] 下载中 - http://static.cninfo.com.cn/finalpage/2022-03-26/1...
2026-06-13 14:19:59,231 - INFO - [64/255] 下载成功 - 601818_2022-03-26_37934943.pdf (9017314 bytes)
2026-06-13 14:20:00,232 - INFO - [65/255] 提取 PDF 链接 - 601818 光大银行
2026-06-13 14:20:00,351 - INFO - [65/255] 下载中 - http://static.cninfo.com.cn/finalpage/2023-03-25/1...
2026-06-13 14:20:00,871 - INFO - [65/255] 下载成功 - 601818_2023-03-25_66028090.pdf (14218874 bytes)
2026-06-13 14:20:01,877 - INFO - [66/255] 提取 PDF 链接 - 601818 光大银行
2026-06-13 14:20:02,013 - INFO - [66/255] 下载中 - http://static.cninfo.com.cn/finalpage/2024-03-28/1...
2026-06-13 14:20:02,413 - INFO - [66/255] 下载成功 - 601818_2024-03-28_30499640.pdf (18120204 bytes)
2026-06-13 14:20:03,418 - INFO - [67/255] 提取 PDF 链接 - 601818 光大银行
2026-06-13 14:20:03,541 - INFO - [67/255] 下载中 - http://static.cninfo.com.cn/finalpage/2025-03-29/1...
2026-06-13 14:20:04,131 - INFO - [67/255] 下载成功 - 601818_2025-03-29_79243257.pdf (17980194 bytes)
2026-06-13 14:20:05,135 - INFO - [68/255] 提取 PDF 链接 - 601818 光大银行
2026-06-13 14:20:05,212 - INFO - [68/255] 下载中 - http://static.cninfo.com.cn/finalpage/2026-03-31/1...
2026-06-13 14:20:05,562 - INFO - [68/255] 下载成功 - 601818_2026-03-31_45173416.pdf (11081338 bytes)
2026-06-13 14:20:06,567 - INFO - [69/255] 提取 PDF 链接 - 600016 民生银行
2026-06-13 14:20:06,712 - INFO - [69/255] 下载中 - http://static.cninfo.com.cn/finalpage/2022-03-30/1...
2026-06-13 14:20:06,790 - INFO - [69/255] 下载成功 - 600016_2022-03-30_54854837.pdf (1245548 bytes)
2026-06-13 14:20:07,793 - INFO - [70/255] 提取 PDF 链接 - 600016 民生银行
2026-06-13 14:20:07,922 - INFO - [70/255] 下载中 - http://static.cninfo.com.cn/finalpage/2023-03-28/1...
2026-06-13 14:20:08,012 - INFO - [70/255] 下载成功 - 600016_2023-03-28_92940885.pdf (2405901 bytes)
2026-06-13 14:20:09,016 - INFO - [71/255] 提取 PDF 链接 - 600016 民生银行
2026-06-13 14:20:09,153 - INFO - [71/255] 下载中 - http://static.cninfo.com.cn/finalpage/2024-03-29/1...
2026-06-13 14:20:09,311 - INFO - [71/255] 下载成功 - 600016_2024-03-29_75156625.pdf (2829123 bytes)
2026-06-13 14:20:10,316 - INFO - [72/255] 提取 PDF 链接 - 600016 民生银行
2026-06-13 14:20:10,411 - INFO - [72/255] 下载中 - http://static.cninfo.com.cn/finalpage/2025-03-29/1...
2026-06-13 14:20:10,751 - INFO - [72/255] 下载成功 - 600016_2025-03-29_80297568.pdf (5683279 bytes)
2026-06-13 14:20:11,756 - INFO - [73/255] 提取 PDF 链接 - 600016 民生银行
2026-06-13 14:20:11,851 - INFO - [73/255] 下载中 - http://static.cninfo.com.cn/finalpage/2026-03-31/1...
2026-06-13 14:20:12,641 - INFO - [73/255] 下载成功 - 600016_2026-03-31_18129907.pdf (9381825 bytes)
2026-06-13 14:20:13,646 - INFO - [74/255] 提取 PDF 链接 - 600016 民生银行
2026-06-13 14:20:13,761 - INFO - [74/255] 下载中 - http://static.cninfo.com.cn/finalpage/2022-03-30/1...
2026-06-13 14:20:13,882 - INFO - [74/255] 下载成功 - 600016_2022-03-30_19355604.pdf (3342154 bytes)
2026-06-13 14:20:14,885 - INFO - [75/255] 提取 PDF 链接 - 600016 民生银行
2026-06-13 14:20:15,011 - INFO - [75/255] 下载中 - http://static.cninfo.com.cn/finalpage/2023-03-28/1...
2026-06-13 14:20:15,052 - INFO - [75/255] 下载成功 - 600016_2023-03-28_26406356.pdf (967222 bytes)
2026-06-13 14:20:16,058 - INFO - [76/255] 提取 PDF 链接 - 600016 民生银行
2026-06-13 14:20:16,211 - INFO - [76/255] 下载中 - http://static.cninfo.com.cn/finalpage/2024-03-29/1...
2026-06-13 14:20:16,254 - INFO - [76/255] 下载成功 - 600016_2024-03-29_56840315.pdf (1332715 bytes)
2026-06-13 14:20:17,259 - INFO - [77/255] 提取 PDF 链接 - 600016 民生银行
2026-06-13 14:20:17,391 - INFO - [77/255] 下载中 - http://static.cninfo.com.cn/finalpage/2025-03-29/1...
2026-06-13 14:20:17,521 - INFO - [77/255] 下载成功 - 600016_2025-03-29_40609032.pdf (1703832 bytes)
2026-06-13 14:20:18,522 - INFO - [78/255] 提取 PDF 链接 - 600016 民生银行
2026-06-13 14:20:18,590 - INFO - [78/255] 下载中 - http://static.cninfo.com.cn/finalpage/2026-03-31/1...
2026-06-13 14:20:18,613 - INFO - [78/255] 下载成功 - 600016_2026-03-31_86512367.pdf (178312 bytes)
2026-06-13 14:20:19,618 - INFO - [79/255] 提取 PDF 链接 - 600016 民生银行
2026-06-13 14:20:19,731 - INFO - [79/255] 下载中 - http://static.cninfo.com.cn/finalpage/2026-03-31/1...
2026-06-13 14:20:19,941 - INFO - [79/255] 下载成功 - 600016_2026-03-31_81520102.pdf (5360673 bytes)
2026-06-13 14:20:20,943 - INFO - [80/255] 提取 PDF 链接 - 600016 民生银行
2026-06-13 14:20:31,071 - ERROR - [80/255] 提取 PDF 链接失败 - 600016 民生银行: 请求 API 失败: 504 Server Error: Gateway Time-out for url: https://www.cninfo.com.cn/new/announcement/bulletin_detail
2026-06-13 14:20:32,079 - INFO - [81/255] 提取 PDF 链接 - 600015 华夏银行
2026-06-13 14:20:32,191 - INFO - [81/255] 下载中 - http://static.cninfo.com.cn/finalpage/2022-04-30/1...
2026-06-13 14:20:32,605 - INFO - [81/255] 下载成功 - 600015_2022-04-30_42259342.pdf (6427484 bytes)
2026-06-13 14:20:33,609 - INFO - [82/255] 提取 PDF 链接 - 600015 华夏银行
2026-06-13 14:20:33,701 - INFO - [82/255] 下载中 - http://static.cninfo.com.cn/finalpage/2023-04-28/1...
2026-06-13 14:20:33,910 - INFO - [82/255] 下载成功 - 600015_2023-04-28_48733076.pdf (6722261 bytes)
2026-06-13 14:20:34,912 - INFO - [83/255] 提取 PDF 链接 - 600015 华夏银行
2026-06-13 14:20:35,011 - INFO - [83/255] 下载中 - http://static.cninfo.com.cn/finalpage/2024-04-30/1...
2026-06-13 14:20:35,624 - INFO - [83/255] 下载成功 - 600015_2024-04-30_43771732.pdf (15847527 bytes)
2026-06-13 14:20:36,630 - INFO - [84/255] 提取 PDF 链接 - 600015 华夏银行
2026-06-13 14:20:36,821 - INFO - [84/255] 下载中 - http://static.cninfo.com.cn/finalpage/2025-04-18/1...
2026-06-13 14:20:37,321 - INFO - [84/255] 下载成功 - 600015_2025-04-18_32131955.pdf (9518632 bytes)
2026-06-13 14:20:38,325 - INFO - [85/255] 提取 PDF 链接 - 600015 华夏银行
2026-06-13 14:20:38,402 - INFO - [85/255] 下载中 - http://static.cninfo.com.cn/finalpage/2026-03-31/1...
2026-06-13 14:20:39,731 - INFO - [85/255] 下载成功 - 600015_2026-03-31_78262244.pdf (34441025 bytes)
2026-06-13 14:20:40,736 - INFO - [86/255] 提取 PDF 链接 - 601916 浙商银行
2026-06-13 14:20:40,861 - INFO - [86/255] 下载中 - http://static.cninfo.com.cn/finalpage/2022-03-30/1...
2026-06-13 14:20:41,223 - INFO - [86/255] 下载成功 - 601916_2022-03-30_22929271.pdf (9648064 bytes)
2026-06-13 14:20:42,227 - INFO - [87/255] 提取 PDF 链接 - 601916 浙商银行
2026-06-13 14:20:42,321 - INFO - [87/255] 下载中 - http://static.cninfo.com.cn/finalpage/2023-03-28/1...
2026-06-13 14:20:42,821 - INFO - [87/255] 下载成功 - 601916_2023-03-28_39456492.pdf (7901324 bytes)
2026-06-13 14:20:43,826 - INFO - [88/255] 提取 PDF 链接 - 601916 浙商银行
2026-06-13 14:20:43,942 - INFO - [88/255] 下载中 - http://static.cninfo.com.cn/finalpage/2024-03-29/1...
2026-06-13 14:20:44,093 - INFO - [88/255] 下载成功 - 601916_2024-03-29_10473318.pdf (5805393 bytes)
2026-06-13 14:20:45,098 - INFO - [89/255] 提取 PDF 链接 - 601916 浙商银行
2026-06-13 14:20:45,221 - INFO - [89/255] 下载中 - http://static.cninfo.com.cn/finalpage/2025-03-29/1...
2026-06-13 14:20:45,404 - INFO - [89/255] 下载成功 - 601916_2025-03-29_67989071.pdf (3797508 bytes)
2026-06-13 14:20:46,409 - INFO - [90/255] 提取 PDF 链接 - 601916 浙商银行
2026-06-13 14:20:46,481 - INFO - [90/255] 下载中 - http://static.cninfo.com.cn/finalpage/2026-03-31/1...
2026-06-13 14:20:46,591 - INFO - [90/255] 下载成功 - 601916_2026-03-31_32909425.pdf (4091320 bytes)
2026-06-13 14:20:47,596 - INFO - [91/255] 提取 PDF 链接 - 002142 宁波银行
2026-06-13 14:20:47,701 - INFO - [91/255] 下载中 - http://static.cninfo.com.cn/finalpage/2022-04-08/1...
2026-06-13 14:20:47,864 - INFO - [91/255] 下载成功 - 002142_2022-04-08_79237937.pdf (2321685 bytes)
2026-06-13 14:20:48,868 - INFO - [92/255] 提取 PDF 链接 - 002142 宁波银行
2026-06-13 14:20:48,961 - INFO - [92/255] 下载中 - http://static.cninfo.com.cn/finalpage/2023-04-06/1...
2026-06-13 14:20:49,010 - INFO - [92/255] 下载成功 - 002142_2023-04-06_15409799.pdf (1651377 bytes)
2026-06-13 14:20:50,016 - INFO - [93/255] 提取 PDF 链接 - 002142 宁波银行
2026-06-13 14:20:50,151 - INFO - [93/255] 下载中 - http://static.cninfo.com.cn/finalpage/2024-04-10/1...
2026-06-13 14:20:51,743 - INFO - [93/255] 下载成功 - 002142_2024-04-10_87350915.pdf (16675620 bytes)
2026-06-13 14:20:52,746 - INFO - [94/255] 提取 PDF 链接 - 002142 宁波银行
2026-06-13 14:20:52,871 - INFO - [94/255] 下载中 - http://static.cninfo.com.cn/finalpage/2025-04-10/1...
2026-06-13 14:20:53,441 - INFO - [94/255] 下载成功 - 002142_2025-04-10_58499359.pdf (18917508 bytes)
2026-06-13 14:20:54,447 - INFO - [95/255] 提取 PDF 链接 - 002142 宁波银行
2026-06-13 14:20:54,553 - INFO - [95/255] 下载中 - http://static.cninfo.com.cn/finalpage/2026-04-25/1...
2026-06-13 14:20:54,981 - INFO - [95/255] 下载成功 - 002142_2026-04-25_30031308.pdf (21833036 bytes)
2026-06-13 14:20:55,987 - INFO - [96/255] 提取 PDF 链接 - 002142 宁波银行
2026-06-13 14:20:56,111 - INFO - [96/255] 下载中 - http://static.cninfo.com.cn/finalpage/2025-04-10/1...
2026-06-13 14:20:56,521 - INFO - [96/255] 下载成功 - 002142_2025-04-10_73876590.pdf (18917508 bytes)
2026-06-13 14:20:57,526 - INFO - [97/255] 提取 PDF 链接 - 002142 宁波银行
2026-06-13 14:20:57,624 - INFO - [97/255] 下载中 - http://static.cninfo.com.cn/finalpage/2026-04-25/1...
2026-06-13 14:20:58,092 - INFO - [97/255] 下载成功 - 002142_2026-04-25_38405797.pdf (21833036 bytes)
2026-06-13 14:20:59,097 - INFO - [98/255] 提取 PDF 链接 - 600919 江苏银行
2026-06-13 14:20:59,222 - INFO - [98/255] 下载中 - http://static.cninfo.com.cn/finalpage/2022-04-13/1...
2026-06-13 14:20:59,811 - INFO - [98/255] 下载成功 - 600919_2022-04-13_73535759.pdf (8454828 bytes)
2026-06-13 14:21:00,816 - INFO - [99/255] 提取 PDF 链接 - 600919 江苏银行
2026-06-13 14:21:00,942 - INFO - [99/255] 下载中 - http://static.cninfo.com.cn/finalpage/2023-04-26/1...
2026-06-13 14:21:01,821 - INFO - [99/255] 下载成功 - 600919_2023-04-26_76797563.pdf (32153046 bytes)
2026-06-13 14:21:02,821 - INFO - [100/255] 提取 PDF 链接 - 600919 江苏银行
2026-06-13 14:21:02,931 - INFO - [100/255] 下载中 - http://static.cninfo.com.cn/finalpage/2024-04-26/1...
2026-06-13 14:21:03,681 - INFO - [100/255] 下载成功 - 600919_2024-04-26_18522005.pdf (28444403 bytes)
2026-06-13 14:21:04,683 - INFO - [101/255] 提取 PDF 链接 - 600919 江苏银行
2026-06-13 14:21:04,811 - INFO - [101/255] 下载中 - http://static.cninfo.com.cn/finalpage/2025-04-19/1...
2026-06-13 14:21:05,831 - INFO - [101/255] 下载成功 - 600919_2025-04-19_68622590.pdf (27947496 bytes)
2026-06-13 14:21:06,833 - INFO - [102/255] 提取 PDF 链接 - 600919 江苏银行
2026-06-13 14:21:06,942 - INFO - [102/255] 下载中 - http://static.cninfo.com.cn/finalpage/2022-04-13/1...
2026-06-13 14:21:07,251 - INFO - [102/255] 下载成功 - 600919_2022-04-13_70565880.pdf (8454828 bytes)
2026-06-13 14:21:08,256 - INFO - [103/255] 提取 PDF 链接 - 600919 江苏银行
2026-06-13 14:21:08,393 - INFO - [103/255] 下载中 - http://static.cninfo.com.cn/finalpage/2023-04-26/1...
2026-06-13 14:21:09,210 - INFO - [103/255] 下载成功 - 600919_2023-04-26_64060574.pdf (32153046 bytes)
2026-06-13 14:21:10,216 - INFO - [104/255] 提取 PDF 链接 - 600919 江苏银行
2026-06-13 14:21:10,352 - INFO - [104/255] 下载中 - http://static.cninfo.com.cn/finalpage/2024-04-26/1...
2026-06-13 14:21:10,984 - INFO - [104/255] 下载成功 - 600919_2024-04-26_48583779.pdf (28444403 bytes)
2026-06-13 14:21:11,986 - INFO - [105/255] 提取 PDF 链接 - 600919 江苏银行
2026-06-13 14:21:12,111 - INFO - [105/255] 下载中 - http://static.cninfo.com.cn/finalpage/2025-04-19/1...
2026-06-13 14:21:12,605 - INFO - [105/255] 下载成功 - 600919_2025-04-19_45466770.pdf (27947496 bytes)
2026-06-13 14:21:13,610 - INFO - [106/255] 提取 PDF 链接 - 600919 江苏银行
2026-06-13 14:21:13,712 - INFO - [106/255] 下载中 - http://static.cninfo.com.cn/finalpage/2026-04-29/1...
2026-06-13 14:21:13,792 - INFO - [106/255] 下载成功 - 600919_2026-04-29_77680174.pdf (217873 bytes)
2026-06-13 14:21:14,798 - INFO - [107/255] 提取 PDF 链接 - 600919 江苏银行
2026-06-13 14:21:14,881 - INFO - [107/255] 下载中 - http://static.cninfo.com.cn/finalpage/2026-04-29/1...
2026-06-13 14:21:14,902 - INFO - [107/255] 下载成功 - 600919_2026-04-29_18831057.pdf (217873 bytes)
2026-06-13 14:21:15,904 - INFO - [108/255] 提取 PDF 链接 - 601009 南京银行
2026-06-13 14:21:16,013 - INFO - [108/255] 下载中 - http://static.cninfo.com.cn/finalpage/2026-04-23/1...
2026-06-13 14:21:16,054 - INFO - [108/255] 下载成功 - 601009_2026-04-23_37368816.pdf (143674 bytes)
2026-06-13 14:21:17,060 - INFO - [109/255] 提取 PDF 链接 - 601229 上海银行
2026-06-13 14:21:17,192 - INFO - [109/255] 下载中 - http://static.cninfo.com.cn/finalpage/2022-04-22/1...
2026-06-13 14:21:17,461 - INFO - [109/255] 下载成功 - 601229_2022-04-22_66556574.pdf (6818856 bytes)
2026-06-13 14:21:18,466 - INFO - [110/255] 提取 PDF 链接 - 601229 上海银行
2026-06-13 14:21:18,602 - INFO - [110/255] 下载中 - http://static.cninfo.com.cn/finalpage/2023-04-28/1...
2026-06-13 14:21:19,031 - INFO - [110/255] 下载成功 - 601229_2023-04-28_16936522.pdf (21910154 bytes)
2026-06-13 14:21:20,036 - INFO - [111/255] 提取 PDF 链接 - 601229 上海银行
2026-06-13 14:21:20,131 - INFO - [111/255] 下载中 - http://static.cninfo.com.cn/finalpage/2024-04-26/1...
2026-06-13 14:21:20,432 - INFO - [111/255] 下载成功 - 601229_2024-04-26_10064217.pdf (11205698 bytes)
2026-06-13 14:21:21,436 - INFO - [112/255] 提取 PDF 链接 - 601229 上海银行
2026-06-13 14:21:21,574 - INFO - [112/255] 下载中 - http://static.cninfo.com.cn/finalpage/2025-04-25/1...
2026-06-13 14:21:21,873 - INFO - [112/255] 下载成功 - 601229_2025-04-25_45800617.pdf (9076518 bytes)
2026-06-13 14:21:22,877 - INFO - [113/255] 提取 PDF 链接 - 601229 上海银行
2026-06-13 14:21:22,971 - INFO - [113/255] 下载中 - http://static.cninfo.com.cn/finalpage/2024-04-26/1...
2026-06-13 14:21:23,159 - INFO - [113/255] 下载成功 - 601229_2024-04-26_72889072.pdf (11205698 bytes)
2026-06-13 14:21:24,164 - INFO - [114/255] 提取 PDF 链接 - 601229 上海银行
2026-06-13 14:21:24,263 - INFO - [114/255] 下载中 - http://static.cninfo.com.cn/finalpage/2025-04-25/1...
2026-06-13 14:21:24,489 - INFO - [114/255] 下载成功 - 601229_2025-04-25_58435462.pdf (9076518 bytes)
2026-06-13 14:21:25,494 - INFO - [115/255] 提取 PDF 链接 - 601229 上海银行
2026-06-13 14:21:25,603 - INFO - [115/255] 下载中 - http://static.cninfo.com.cn/finalpage/2026-04-24/1...
2026-06-13 14:21:25,657 - INFO - [115/255] 下载成功 - 601229_2026-04-24_82538358.pdf (237501 bytes)
2026-06-13 14:21:26,661 - INFO - [116/255] 提取 PDF 链接 - 600926 杭州银行
2026-06-13 14:21:26,773 - INFO - [116/255] 下载中 - http://static.cninfo.com.cn/finalpage/2022-04-16/1...
2026-06-13 14:21:27,321 - INFO - [116/255] 下载成功 - 600926_2022-04-16_66811659.pdf (5293298 bytes)
2026-06-13 14:21:28,322 - INFO - [117/255] 提取 PDF 链接 - 600926 杭州银行
2026-06-13 14:21:28,463 - INFO - [117/255] 下载中 - http://static.cninfo.com.cn/finalpage/2023-04-26/1...
2026-06-13 14:21:28,571 - INFO - [117/255] 下载成功 - 600926_2023-04-26_89928662.pdf (5261679 bytes)
2026-06-13 14:21:29,572 - INFO - [118/255] 提取 PDF 链接 - 600926 杭州银行
2026-06-13 14:21:29,692 - INFO - [118/255] 下载中 - http://static.cninfo.com.cn/finalpage/2024-04-20/1...
2026-06-13 14:21:29,861 - INFO - [118/255] 下载成功 - 600926_2024-04-20_77587370.pdf (6036279 bytes)
2026-06-13 14:21:30,867 - INFO - [119/255] 提取 PDF 链接 - 600926 杭州银行
2026-06-13 14:21:31,003 - INFO - [119/255] 下载中 - http://static.cninfo.com.cn/finalpage/2025-04-12/1...
2026-06-13 14:21:31,742 - INFO - [119/255] 下载成功 - 600926_2025-04-12_74017751.pdf (25738187 bytes)
2026-06-13 14:21:32,747 - INFO - [120/255] 提取 PDF 链接 - 600926 杭州银行
2026-06-13 14:21:32,823 - INFO - [120/255] 下载中 - http://static.cninfo.com.cn/finalpage/2026-04-23/1...
2026-06-13 14:21:33,274 - INFO - [120/255] 下载成功 - 600926_2026-04-23_76384849.pdf (18720165 bytes)
2026-06-13 14:21:34,279 - INFO - [121/255] 提取 PDF 链接 - 601169 北京银行
2026-06-13 14:21:34,374 - INFO - [121/255] 下载中 - http://static.cninfo.com.cn/finalpage/2022-04-30/1...
2026-06-13 14:21:34,861 - INFO - [121/255] 下载成功 - 601169_2022-04-30_15140149.pdf (17728383 bytes)
2026-06-13 14:21:35,867 - INFO - [122/255] 提取 PDF 链接 - 601169 北京银行
2026-06-13 14:21:35,992 - INFO - [122/255] 下载中 - http://static.cninfo.com.cn/finalpage/2023-04-08/1...
2026-06-13 14:21:36,533 - INFO - [122/255] 下载成功 - 601169_2023-04-08_86786494.pdf (22070108 bytes)
2026-06-13 14:21:37,538 - INFO - [123/255] 提取 PDF 链接 - 601169 北京银行
2026-06-13 14:21:37,631 - INFO - [123/255] 下载中 - http://static.cninfo.com.cn/finalpage/2024-04-12/1...
2026-06-13 14:21:38,132 - INFO - [123/255] 下载成功 - 601169_2024-04-12_81478750.pdf (22296251 bytes)
2026-06-13 14:21:39,135 - INFO - [124/255] 提取 PDF 链接 - 601169 北京银行
2026-06-13 14:21:39,225 - INFO - [124/255] 下载中 - http://static.cninfo.com.cn/finalpage/2025-04-15/1...
2026-06-13 14:21:39,592 - INFO - [124/255] 下载成功 - 601169_2025-04-15_57645653.pdf (12096323 bytes)
2026-06-13 14:21:40,593 - INFO - [125/255] 提取 PDF 链接 - 601169 北京银行
2026-06-13 14:21:40,712 - INFO - [125/255] 下载中 - http://static.cninfo.com.cn/finalpage/2022-08-31/1...
2026-06-13 14:21:41,111 - INFO - [125/255] 下载成功 - 601169_2022-08-31_35215464.pdf (9374656 bytes)
2026-06-13 14:21:42,114 - INFO - [126/255] 提取 PDF 链接 - 601169 北京银行
2026-06-13 14:21:42,201 - INFO - [126/255] 下载中 - http://static.cninfo.com.cn/finalpage/2023-04-08/1...
2026-06-13 14:21:42,641 - INFO - [126/255] 下载成功 - 601169_2023-04-08_30734402.pdf (22070108 bytes)
2026-06-13 14:21:43,645 - INFO - [127/255] 提取 PDF 链接 - 601169 北京银行
2026-06-13 14:21:43,762 - INFO - [127/255] 下载中 - http://static.cninfo.com.cn/finalpage/2024-04-12/1...
2026-06-13 14:21:44,142 - INFO - [127/255] 下载成功 - 601169_2024-04-12_65489537.pdf (22296251 bytes)
2026-06-13 14:21:45,148 - INFO - [128/255] 提取 PDF 链接 - 601169 北京银行
2026-06-13 14:21:45,242 - INFO - [128/255] 下载中 - http://static.cninfo.com.cn/finalpage/2025-04-15/1...
2026-06-13 14:21:45,521 - INFO - [128/255] 下载成功 - 601169_2025-04-15_81977763.pdf (12096323 bytes)
2026-06-13 14:21:46,521 - INFO - [129/255] 提取 PDF 链接 - 601169 北京银行
2026-06-13 14:21:46,592 - INFO - [129/255] 下载中 - http://static.cninfo.com.cn/finalpage/2026-04-28/1...
2026-06-13 14:21:47,142 - INFO - [129/255] 下载成功 - 601169_2026-04-28_70035816.pdf (12502589 bytes)
2026-06-13 14:21:48,143 - INFO - [130/255] 提取 PDF 链接 - 601838 成都银行
2026-06-13 14:21:48,262 - INFO - [130/255] 下载中 - http://static.cninfo.com.cn/finalpage/2022-04-28/1...
2026-06-13 14:21:49,982 - INFO - [130/255] 下载成功 - 601838_2022-04-28_32422513.pdf (46150889 bytes)
2026-06-13 14:21:50,988 - INFO - [131/255] 提取 PDF 链接 - 601838 成都银行
2026-06-13 14:21:51,112 - INFO - [131/255] 下载中 - http://static.cninfo.com.cn/finalpage/2023-04-26/1...
2026-06-13 14:21:51,903 - INFO - [131/255] 下载成功 - 601838_2023-04-26_87345529.pdf (38590537 bytes)
2026-06-13 14:21:52,907 - INFO - [132/255] 提取 PDF 链接 - 601838 成都银行
2026-06-13 14:21:53,041 - INFO - [132/255] 下载中 - http://static.cninfo.com.cn/finalpage/2024-04-25/1...
2026-06-13 14:21:53,611 - INFO - [132/255] 下载成功 - 601838_2024-04-25_74463269.pdf (30055463 bytes)
2026-06-13 14:21:54,616 - INFO - [133/255] 提取 PDF 链接 - 601838 成都银行
2026-06-13 14:21:54,751 - INFO - [133/255] 下载中 - http://static.cninfo.com.cn/finalpage/2025-04-29/1...
2026-06-13 14:21:56,042 - INFO - [133/255] 下载成功 - 601838_2025-04-29_52499236.pdf (31054278 bytes)
2026-06-13 14:21:57,045 - INFO - [134/255] 提取 PDF 链接 - 601838 成都银行
2026-06-13 14:21:57,113 - INFO - [134/255] 下载中 - http://static.cninfo.com.cn/finalpage/2026-04-23/1...
2026-06-13 14:21:58,316 - INFO - [134/255] 下载成功 - 601838_2026-04-23_68415584.pdf (41025754 bytes)
2026-06-13 14:21:59,322 - INFO - [135/255] 提取 PDF 链接 - 601963 重庆银行
2026-06-13 14:21:59,443 - INFO - [135/255] 下载中 - http://static.cninfo.com.cn/finalpage/2022-04-01/1...
2026-06-13 14:22:00,033 - INFO - [135/255] 下载成功 - 601963_2022-04-01_88033394.pdf (13957130 bytes)
2026-06-13 14:22:01,040 - INFO - [136/255] 提取 PDF 链接 - 601963 重庆银行
2026-06-13 14:22:01,132 - INFO - [136/255] 下载中 - http://static.cninfo.com.cn/finalpage/2023-03-31/1...
2026-06-13 14:22:01,774 - INFO - [136/255] 下载成功 - 601963_2023-03-31_26300090.pdf (9955413 bytes)
2026-06-13 14:22:02,776 - INFO - [137/255] 提取 PDF 链接 - 601963 重庆银行
2026-06-13 14:22:02,921 - INFO - [137/255] 下载中 - http://static.cninfo.com.cn/finalpage/2024-03-28/1...
2026-06-13 14:22:03,641 - INFO - [137/255] 下载成功 - 601963_2024-03-28_42886045.pdf (6370610 bytes)
2026-06-13 14:22:04,642 - INFO - [138/255] 提取 PDF 链接 - 601963 重庆银行
2026-06-13 14:22:04,762 - INFO - [138/255] 下载中 - http://static.cninfo.com.cn/finalpage/2025-03-22/1...
2026-06-13 14:22:05,172 - INFO - [138/255] 下载成功 - 601963_2025-03-22_85304187.pdf (8963594 bytes)
2026-06-13 14:22:06,173 - INFO - [139/255] 提取 PDF 链接 - 601963 重庆银行
2026-06-13 14:22:06,271 - INFO - [139/255] 下载中 - http://static.cninfo.com.cn/finalpage/2026-04-29/1...
2026-06-13 14:22:06,321 - INFO - [139/255] 下载成功 - 601963_2026-04-29_50975585.pdf (260781 bytes)
2026-06-13 14:22:07,323 - INFO - [140/255] 提取 PDF 链接 - 601665 齐鲁银行
2026-06-13 14:22:07,481 - INFO - [140/255] 下载中 - http://static.cninfo.com.cn/finalpage/2022-04-29/1...
2026-06-13 14:22:08,125 - INFO - [140/255] 下载成功 - 601665_2022-04-29_46326301.pdf (17707335 bytes)
2026-06-13 14:22:09,130 - INFO - [141/255] 提取 PDF 链接 - 601665 齐鲁银行
2026-06-13 14:22:09,222 - INFO - [141/255] 下载中 - http://static.cninfo.com.cn/finalpage/2023-04-28/1...
2026-06-13 14:22:10,271 - INFO - [141/255] 下载成功 - 601665_2023-04-28_45763205.pdf (24239171 bytes)
2026-06-13 14:22:11,276 - INFO - [142/255] 提取 PDF 链接 - 601665 齐鲁银行
2026-06-13 14:22:11,401 - INFO - [142/255] 下载中 - http://static.cninfo.com.cn/finalpage/2024-04-27/1...
2026-06-13 14:22:11,998 - INFO - [142/255] 下载成功 - 601665_2024-04-27_37376667.pdf (11951745 bytes)
2026-06-13 14:22:13,001 - INFO - [143/255] 提取 PDF 链接 - 601665 齐鲁银行
2026-06-13 14:22:13,103 - INFO - [143/255] 下载中 - http://static.cninfo.com.cn/finalpage/2025-04-26/1...
2026-06-13 14:22:13,753 - INFO - [143/255] 下载成功 - 601665_2025-04-26_21839483.pdf (13996454 bytes)
2026-06-13 14:22:14,756 - INFO - [144/255] 提取 PDF 链接 - 601665 齐鲁银行
2026-06-13 14:22:14,823 - INFO - [144/255] 下载中 - http://static.cninfo.com.cn/finalpage/2026-04-23/1...
2026-06-13 14:22:15,866 - INFO - [144/255] 下载成功 - 601665_2026-04-23_66841834.pdf (47353813 bytes)
2026-06-13 14:22:16,868 - INFO - [145/255] 提取 PDF 链接 - 601577 长沙银行
2026-06-13 14:22:16,982 - INFO - [145/255] 下载中 - http://static.cninfo.com.cn/finalpage/2022-04-29/1...
2026-06-13 14:22:17,641 - INFO - [145/255] 下载成功 - 601577_2022-04-29_70528647.pdf (18708451 bytes)
2026-06-13 14:22:18,646 - INFO - [146/255] 提取 PDF 链接 - 601577 长沙银行
2026-06-13 14:22:18,771 - INFO - [146/255] 下载中 - http://static.cninfo.com.cn/finalpage/2023-04-29/1...
2026-06-13 14:22:19,083 - INFO - [146/255] 下载成功 - 601577_2023-04-29_46181098.pdf (16037415 bytes)
2026-06-13 14:22:20,089 - INFO - [147/255] 提取 PDF 链接 - 601577 长沙银行
2026-06-13 14:22:20,212 - INFO - [147/255] 下载中 - http://static.cninfo.com.cn/finalpage/2024-04-27/1...
2026-06-13 14:22:20,522 - INFO - [147/255] 下载成功 - 601577_2024-04-27_29729843.pdf (15391521 bytes)
2026-06-13 14:22:21,524 - INFO - [148/255] 提取 PDF 链接 - 601577 长沙银行
2026-06-13 14:22:21,631 - INFO - [148/255] 下载中 - http://static.cninfo.com.cn/finalpage/2026-04-29/1...
2026-06-13 14:22:24,453 - INFO - [148/255] 下载成功 - 601577_2026-04-29_61257761.pdf (32013032 bytes)
2026-06-13 14:22:25,455 - INFO - [149/255] 提取 PDF 链接 - 601577 长沙银行
2026-06-13 14:22:25,552 - INFO - [149/255] 下载中 - http://static.cninfo.com.cn/finalpage/2026-04-29/1...
2026-06-13 14:22:25,594 - INFO - [149/255] 下载成功 - 601577_2026-04-29_87131346.pdf (230514 bytes)
2026-06-13 14:22:26,597 - INFO - [150/255] 提取 PDF 链接 - 601577 长沙银行
2026-06-13 14:22:26,673 - INFO - [150/255] 下载中 - http://static.cninfo.com.cn/finalpage/2026-04-29/1...
2026-06-13 14:22:27,273 - INFO - [150/255] 下载成功 - 601577_2026-04-29_42086538.pdf (32013032 bytes)
2026-06-13 14:22:28,279 - INFO - [151/255] 提取 PDF 链接 - 002966 苏州银行
2026-06-13 14:22:28,423 - INFO - [151/255] 下载中 - http://static.cninfo.com.cn/finalpage/2022-03-29/1...
2026-06-13 14:22:28,934 - INFO - [151/255] 下载成功 - 002966_2022-03-29_79237937.pdf (13493793 bytes)
2026-06-13 14:22:29,940 - INFO - [152/255] 提取 PDF 链接 - 002966 苏州银行
2026-06-13 14:22:30,031 - INFO - [152/255] 下载中 - http://static.cninfo.com.cn/finalpage/2023-04-25/1...
2026-06-13 14:22:30,591 - INFO - [152/255] 下载成功 - 002966_2023-04-25_15409799.pdf (10960059 bytes)
2026-06-13 14:22:31,597 - INFO - [153/255] 提取 PDF 链接 - 002966 苏州银行
2026-06-13 14:22:41,683 - ERROR - [153/255] 提取 PDF 链接失败 - 002966 苏州银行: 请求 API 失败: 504 Server Error: Gateway Time-out for url: https://www.cninfo.com.cn/new/announcement/bulletin_detail
2026-06-13 14:22:42,685 - INFO - [154/255] 提取 PDF 链接 - 002966 苏州银行
2026-06-13 14:22:42,782 - INFO - [154/255] 下载中 - http://static.cninfo.com.cn/finalpage/2025-04-29/1...
2026-06-13 14:22:43,865 - INFO - [154/255] 下载成功 - 002966_2025-04-29_23415551.pdf (32188436 bytes)
2026-06-13 14:22:44,868 - INFO - [155/255] 提取 PDF 链接 - 002966 苏州银行
2026-06-13 14:22:44,961 - INFO - [155/255] 下载中 - http://static.cninfo.com.cn/finalpage/2026-04-29/1...
2026-06-13 14:22:45,553 - INFO - [155/255] 下载成功 - 002966_2026-04-29_56449343.pdf (18514180 bytes)
2026-06-13 14:22:46,555 - INFO - [156/255] 提取 PDF 链接 - 002948 青岛银行
2026-06-13 14:22:46,682 - INFO - [156/255] 下载中 - http://static.cninfo.com.cn/finalpage/2022-03-26/1...
2026-06-13 14:22:47,122 - INFO - [156/255] 下载成功 - 002948_2022-03-26_79237937.pdf (12626094 bytes)
2026-06-13 14:22:48,127 - INFO - [157/255] 提取 PDF 链接 - 002948 青岛银行
2026-06-13 14:22:48,223 - INFO - [157/255] 下载中 - http://static.cninfo.com.cn/finalpage/2023-04-01/1...
2026-06-13 14:22:49,111 - INFO - [157/255] 下载成功 - 002948_2023-04-01_15409799.pdf (28151892 bytes)
2026-06-13 14:22:50,117 - INFO - [158/255] 提取 PDF 链接 - 002948 青岛银行
2026-06-13 14:22:50,242 - INFO - [158/255] 下载中 - http://static.cninfo.com.cn/finalpage/2024-03-29/1...
2026-06-13 14:22:50,842 - INFO - [158/255] 下载成功 - 002948_2024-03-29_87350915.pdf (19039507 bytes)
2026-06-13 14:22:51,847 - INFO - [159/255] 提取 PDF 链接 - 002948 青岛银行
2026-06-13 14:22:51,971 - INFO - [159/255] 下载中 - http://static.cninfo.com.cn/finalpage/2025-03-27/1...
2026-06-13 14:22:52,672 - INFO - [159/255] 下载成功 - 002948_2025-03-27_75560576.pdf (19588562 bytes)
2026-06-13 14:22:53,678 - INFO - [160/255] 提取 PDF 链接 - 002948 青岛银行
2026-06-13 14:22:53,771 - INFO - [160/255] 下载中 - http://static.cninfo.com.cn/finalpage/2026-03-27/1...
2026-06-13 14:22:54,273 - INFO - [160/255] 下载成功 - 002948_2026-03-27_56449343.pdf (27961242 bytes)
2026-06-13 14:22:55,279 - INFO - [161/255] 提取 PDF 链接 - 601997 贵阳银行
2026-06-13 14:22:55,425 - INFO - [161/255] 下载中 - http://static.cninfo.com.cn/finalpage/2022-04-29/1...
2026-06-13 14:22:55,515 - INFO - [161/255] 下载成功 - 601997_2022-04-29_47580366.pdf (1011904 bytes)
2026-06-13 14:22:56,519 - INFO - [162/255] 提取 PDF 链接 - 601997 贵阳银行
2026-06-13 14:22:56,642 - INFO - [162/255] 下载中 - http://static.cninfo.com.cn/finalpage/2023-04-29/1...
2026-06-13 14:22:56,693 - INFO - [162/255] 下载成功 - 601997_2023-04-29_28627974.pdf (1933546 bytes)
2026-06-13 14:22:57,696 - INFO - [163/255] 提取 PDF 链接 - 601997 贵阳银行
2026-06-13 14:22:57,792 - INFO - [163/255] 下载中 - http://static.cninfo.com.cn/finalpage/2024-04-27/1...
2026-06-13 14:22:57,843 - INFO - [163/255] 下载成功 - 601997_2024-04-27_15442615.pdf (1772051 bytes)
2026-06-13 14:22:58,846 - INFO - [164/255] 提取 PDF 链接 - 601997 贵阳银行
2026-06-13 14:22:58,992 - INFO - [164/255] 下载中 - http://static.cninfo.com.cn/finalpage/2025-04-29/1...
2026-06-13 14:22:59,092 - INFO - [164/255] 下载成功 - 601997_2025-04-29_51834664.pdf (1837075 bytes)
2026-06-13 14:23:00,096 - INFO - [165/255] 提取 PDF 链接 - 601997 贵阳银行
2026-06-13 14:23:00,212 - INFO - [165/255] 下载中 - http://static.cninfo.com.cn/finalpage/2026-04-23/1...
2026-06-13 14:23:00,312 - INFO - [165/255] 下载成功 - 601997_2026-04-23_57049161.pdf (1772540 bytes)
2026-06-13 14:23:01,316 - INFO - [166/255] 提取 PDF 链接 - 601187 厦门银行
2026-06-13 14:23:01,424 - INFO - [166/255] 下载中 - http://static.cninfo.com.cn/finalpage/2022-03-30/1...
2026-06-13 14:23:01,518 - INFO - [166/255] 下载成功 - 601187_2022-03-30_15904998.pdf (1440957 bytes)
2026-06-13 14:23:02,520 - INFO - [167/255] 提取 PDF 链接 - 601187 厦门银行
2026-06-13 14:23:02,633 - INFO - [167/255] 下载中 - http://static.cninfo.com.cn/finalpage/2023-04-28/1...
2026-06-13 14:23:02,724 - INFO - [167/255] 下载成功 - 601187_2023-04-28_24581012.pdf (1565121 bytes)
2026-06-13 14:23:03,730 - INFO - [168/255] 提取 PDF 链接 - 601187 厦门银行
2026-06-13 14:23:03,824 - INFO - [168/255] 下载中 - http://static.cninfo.com.cn/finalpage/2024-04-30/1...
2026-06-13 14:23:03,907 - INFO - [168/255] 下载成功 - 601187_2024-04-30_83153325.pdf (1728930 bytes)
2026-06-13 14:23:04,910 - INFO - [169/255] 提取 PDF 链接 - 601187 厦门银行
2026-06-13 14:23:05,032 - INFO - [169/255] 下载中 - http://static.cninfo.com.cn/finalpage/2025-04-29/1...
2026-06-13 14:23:05,945 - INFO - [169/255] 下载成功 - 601187_2025-04-29_10589294.pdf (26832268 bytes)
2026-06-13 14:23:06,948 - INFO - [170/255] 提取 PDF 链接 - 601187 厦门银行
2026-06-13 14:23:07,052 - INFO - [170/255] 下载中 - http://static.cninfo.com.cn/finalpage/2026-04-30/1...
2026-06-13 14:23:07,088 - INFO - [170/255] 下载成功 - 601187_2026-04-30_86719418.pdf (253009 bytes)
2026-06-13 14:23:08,093 - INFO - [171/255] 提取 PDF 链接 - 601187 厦门银行
2026-06-13 14:23:08,192 - INFO - [171/255] 下载中 - http://static.cninfo.com.cn/finalpage/2025-04-29/1...
2026-06-13 14:23:08,731 - INFO - [171/255] 下载成功 - 601187_2025-04-29_70091976.pdf (26832268 bytes)
2026-06-13 14:23:09,732 - INFO - [172/255] 提取 PDF 链接 - 601187 厦门银行
2026-06-13 14:23:09,822 - INFO - [172/255] 下载中 - http://static.cninfo.com.cn/finalpage/2026-04-30/1...
2026-06-13 14:23:09,842 - INFO - [172/255] 下载成功 - 601187_2026-04-30_80330993.pdf (253009 bytes)
2026-06-13 14:23:10,844 - INFO - [173/255] 提取 PDF 链接 - 600928 西安银行
2026-06-13 14:23:10,962 - INFO - [173/255] 下载中 - http://static.cninfo.com.cn/finalpage/2022-04-29/1...
2026-06-13 14:23:11,408 - INFO - [173/255] 下载成功 - 600928_2022-04-29_34932937.pdf (14062956 bytes)
2026-06-13 14:23:12,409 - INFO - [174/255] 提取 PDF 链接 - 600928 西安银行
2026-06-13 14:23:12,541 - INFO - [174/255] 下载中 - http://static.cninfo.com.cn/finalpage/2023-04-28/1...
2026-06-13 14:23:12,893 - INFO - [174/255] 下载成功 - 600928_2023-04-28_15005205.pdf (15273658 bytes)
2026-06-13 14:23:13,897 - INFO - [175/255] 提取 PDF 链接 - 600928 西安银行
2026-06-13 14:23:14,032 - INFO - [175/255] 下载中 - http://static.cninfo.com.cn/finalpage/2024-04-30/1...
2026-06-13 14:23:14,215 - INFO - [175/255] 下载成功 - 600928_2024-04-30_57246096.pdf (9251402 bytes)
2026-06-13 14:23:15,216 - INFO - [176/255] 提取 PDF 链接 - 600928 西安银行
2026-06-13 14:23:15,347 - INFO - [176/255] 下载中 - http://static.cninfo.com.cn/finalpage/2025-04-30/1...
2026-06-13 14:23:16,411 - INFO - [176/255] 下载成功 - 600928_2025-04-30_67877722.pdf (31300002 bytes)
2026-06-13 14:23:17,412 - INFO - [177/255] 提取 PDF 链接 - 600928 西安银行
2026-06-13 14:23:17,512 - INFO - [177/255] 下载中 - http://static.cninfo.com.cn/finalpage/2026-04-23/1...
2026-06-13 14:23:18,411 - INFO - [177/255] 下载成功 - 600928_2026-04-23_31208906.pdf (25853787 bytes)
2026-06-13 14:23:19,417 - INFO - [178/255] 提取 PDF 链接 - 600928 西安银行
2026-06-13 14:23:19,562 - INFO - [178/255] 下载中 - http://static.cninfo.com.cn/finalpage/2025-04-30/1...
2026-06-13 14:23:20,135 - INFO - [178/255] 下载成功 - 600928_2025-04-30_14100028.pdf (31300002 bytes)
2026-06-13 14:23:21,140 - INFO - [179/255] 提取 PDF 链接 - 002936 郑州银行
2026-06-13 14:23:21,242 - INFO - [179/255] 下载中 - http://static.cninfo.com.cn/finalpage/2022-03-31/1...
2026-06-13 14:23:21,624 - INFO - [179/255] 下载成功 - 002936_2022-03-31_79237937.pdf (7763413 bytes)
2026-06-13 14:23:22,628 - INFO - [180/255] 提取 PDF 链接 - 002936 郑州银行
2026-06-13 14:23:22,752 - INFO - [180/255] 下载中 - http://static.cninfo.com.cn/finalpage/2023-03-31/1...
2026-06-13 14:23:23,178 - INFO - [180/255] 下载成功 - 002936_2023-03-31_15409799.pdf (19845837 bytes)
2026-06-13 14:23:24,183 - INFO - [181/255] 提取 PDF 链接 - 002936 郑州银行
2026-06-13 14:23:24,282 - INFO - [181/255] 下载中 - http://static.cninfo.com.cn/finalpage/2024-03-29/1...
2026-06-13 14:23:24,652 - INFO - [181/255] 下载成功 - 002936_2024-03-29_87350915.pdf (13466836 bytes)
2026-06-13 14:23:25,654 - INFO - [182/255] 提取 PDF 链接 - 002936 郑州银行
2026-06-13 14:23:25,792 - INFO - [182/255] 下载中 - http://static.cninfo.com.cn/finalpage/2025-03-28/1...
2026-06-13 14:23:26,253 - INFO - [182/255] 下载成功 - 002936_2025-03-28_75560576.pdf (19785223 bytes)
2026-06-13 14:23:27,254 - INFO - [183/255] 提取 PDF 链接 - 002936 郑州银行
2026-06-13 14:23:27,342 - INFO - [183/255] 下载中 - http://static.cninfo.com.cn/finalpage/2026-03-31/1...
2026-06-13 14:23:27,612 - INFO - [183/255] 下载成功 - 002936_2026-03-31_56683881.pdf (6006329 bytes)
2026-06-13 14:23:28,615 - INFO - [184/255] 提取 PDF 链接 - 002936 郑州银行
2026-06-13 14:23:28,682 - INFO - [184/255] 下载中 - http://static.cninfo.com.cn/finalpage/2026-03-31/1...
2026-06-13 14:23:28,808 - INFO - [184/255] 下载成功 - 002936_2026-03-31_35569568.pdf (6006329 bytes)
2026-06-13 14:23:29,812 - INFO - [185/255] 提取 PDF 链接 - 001227 兰州银行
2026-06-13 14:23:29,942 - INFO - [185/255] 下载中 - http://static.cninfo.com.cn/finalpage/2022-04-28/1...
2026-06-13 14:23:30,653 - INFO - [185/255] 下载成功 - 001227_2022-04-28_79237937.pdf (18075797 bytes)
2026-06-13 14:23:31,659 - INFO - [186/255] 提取 PDF 链接 - 001227 兰州银行
2026-06-13 14:23:31,825 - INFO - [186/255] 下载中 - http://static.cninfo.com.cn/finalpage/2023-04-29/1...
2026-06-13 14:23:33,161 - INFO - [186/255] 下载成功 - 001227_2023-04-29_15409799.pdf (27673222 bytes)
2026-06-13 14:23:34,167 - INFO - [187/255] 提取 PDF 链接 - 001227 兰州银行
2026-06-13 14:23:34,302 - INFO - [187/255] 下载中 - http://static.cninfo.com.cn/finalpage/2024-04-27/1...
2026-06-13 14:23:34,781 - INFO - [187/255] 下载成功 - 001227_2024-04-27_87350915.pdf (9696627 bytes)
2026-06-13 14:23:35,787 - INFO - [188/255] 提取 PDF 链接 - 001227 兰州银行
2026-06-13 14:23:35,862 - INFO - [188/255] 下载中 - http://static.cninfo.com.cn/finalpage/2026-04-28/1...
2026-06-13 14:23:36,626 - INFO - [188/255] 下载成功 - 001227_2026-04-28_71096666.pdf (19875749 bytes)
2026-06-13 14:23:37,629 - INFO - [189/255] 提取 PDF 链接 - 601825 沪农商行
2026-06-13 14:23:37,774 - INFO - [189/255] 下载中 - http://static.cninfo.com.cn/finalpage/2022-04-30/1...
2026-06-13 14:23:38,124 - INFO - [189/255] 下载成功 - 601825_2022-04-30_10597913.pdf (9505615 bytes)
2026-06-13 14:23:39,128 - INFO - [190/255] 提取 PDF 链接 - 601825 沪农商行
2026-06-13 14:23:39,273 - INFO - [190/255] 下载中 - http://static.cninfo.com.cn/finalpage/2023-04-28/1...
2026-06-13 14:23:40,343 - INFO - [190/255] 下载成功 - 601825_2023-04-28_50767846.pdf (25313192 bytes)
2026-06-13 14:23:41,348 - INFO - [191/255] 提取 PDF 链接 - 601825 沪农商行
2026-06-13 14:23:41,592 - INFO - [191/255] 下载中 - http://static.cninfo.com.cn/finalpage/2024-04-26/1...
2026-06-13 14:23:42,221 - INFO - [191/255] 下载成功 - 601825_2024-04-26_36874893.pdf (23281852 bytes)
2026-06-13 14:23:43,227 - INFO - [192/255] 提取 PDF 链接 - 601825 沪农商行
2026-06-13 14:23:43,352 - INFO - [192/255] 下载中 - http://static.cninfo.com.cn/finalpage/2025-04-25/1...
2026-06-13 14:23:44,051 - INFO - [192/255] 下载成功 - 601825_2025-04-25_32336074.pdf (27252813 bytes)
2026-06-13 14:23:45,055 - INFO - [193/255] 提取 PDF 链接 - 601825 沪农商行
2026-06-13 14:23:45,171 - INFO - [193/255] 下载中 - http://static.cninfo.com.cn/finalpage/2023-04-28/1...
2026-06-13 14:23:45,631 - INFO - [193/255] 下载成功 - 601825_2023-04-28_33643165.pdf (25313192 bytes)
2026-06-13 14:23:46,636 - INFO - [194/255] 提取 PDF 链接 - 601825 沪农商行
2026-06-13 14:23:46,752 - INFO - [194/255] 下载中 - http://static.cninfo.com.cn/finalpage/2024-04-26/1...
2026-06-13 14:23:47,192 - INFO - [194/255] 下载成功 - 601825_2024-04-26_47556330.pdf (23281852 bytes)
2026-06-13 14:23:48,197 - INFO - [195/255] 提取 PDF 链接 - 601825 沪农商行
2026-06-13 14:23:48,324 - INFO - [195/255] 下载中 - http://static.cninfo.com.cn/finalpage/2025-04-25/1...
2026-06-13 14:23:48,845 - INFO - [195/255] 下载成功 - 601825_2025-04-25_13032901.pdf (27252813 bytes)
2026-06-13 14:23:49,845 - INFO - [196/255] 提取 PDF 链接 - 601825 沪农商行
2026-06-13 14:23:49,952 - INFO - [196/255] 下载中 - http://static.cninfo.com.cn/finalpage/2026-04-23/1...
2026-06-13 14:23:49,981 - INFO - [196/255] 下载成功 - 601825_2026-04-23_75237310.pdf (234462 bytes)
2026-06-13 14:23:50,983 - INFO - [197/255] 提取 PDF 链接 - 601077 渝农商行
2026-06-13 14:23:51,113 - INFO - [197/255] 下载中 - http://static.cninfo.com.cn/finalpage/2022-03-31/1...
2026-06-13 14:23:52,045 - INFO - [197/255] 下载成功 - 601077_2022-03-31_54773767.pdf (20264751 bytes)
2026-06-13 14:23:53,046 - INFO - [198/255] 提取 PDF 链接 - 601077 渝农商行
2026-06-13 14:23:53,142 - INFO - [198/255] 下载中 - http://static.cninfo.com.cn/finalpage/2023-03-31/1...
2026-06-13 14:23:53,583 - INFO - [198/255] 下载成功 - 601077_2023-03-31_91018049.pdf (3963500 bytes)
2026-06-13 14:23:54,585 - INFO - [199/255] 提取 PDF 链接 - 601077 渝农商行
2026-06-13 14:23:54,692 - INFO - [199/255] 下载中 - http://static.cninfo.com.cn/finalpage/2024-03-29/1...
2026-06-13 14:23:55,194 - INFO - [199/255] 下载成功 - 601077_2024-03-29_62670443.pdf (15975439 bytes)
2026-06-13 14:23:56,200 - INFO - [200/255] 提取 PDF 链接 - 601077 渝农商行
2026-06-13 14:23:56,292 - INFO - [200/255] 下载中 - http://static.cninfo.com.cn/finalpage/2025-03-26/1...
2026-06-13 14:23:56,934 - INFO - [200/255] 下载成功 - 601077_2025-03-26_58463567.pdf (19726176 bytes)
2026-06-13 14:23:57,940 - INFO - [201/255] 提取 PDF 链接 - 601077 渝农商行
2026-06-13 14:23:58,042 - INFO - [201/255] 下载中 - http://static.cninfo.com.cn/finalpage/2024-03-29/1...
2026-06-13 14:23:58,372 - INFO - [201/255] 下载成功 - 601077_2024-03-29_20686801.pdf (15975439 bytes)
2026-06-13 14:23:59,378 - INFO - [202/255] 提取 PDF 链接 - 601077 渝农商行
2026-06-13 14:23:59,502 - INFO - [202/255] 下载中 - http://static.cninfo.com.cn/finalpage/2025-03-26/1...
2026-06-13 14:23:59,982 - INFO - [202/255] 下载成功 - 601077_2025-03-26_78868854.pdf (19726176 bytes)
2026-06-13 14:24:00,987 - INFO - [203/255] 提取 PDF 链接 - 601077 渝农商行
2026-06-13 14:24:01,062 - INFO - [203/255] 下载中 - http://static.cninfo.com.cn/finalpage/2026-03-26/1...
2026-06-13 14:24:01,443 - INFO - [203/255] 下载成功 - 601077_2026-03-26_13618371.pdf (14167218 bytes)
2026-06-13 14:24:02,445 - INFO - [204/255] 提取 PDF 链接 - 601128 常熟银行
2026-06-13 14:24:02,562 - INFO - [204/255] 下载中 - http://static.cninfo.com.cn/finalpage/2022-03-31/1...
2026-06-13 14:24:02,943 - INFO - [204/255] 下载成功 - 601128_2022-03-31_72679191.pdf (9441081 bytes)
2026-06-13 14:24:03,945 - INFO - [205/255] 提取 PDF 链接 - 601128 常熟银行
2026-06-13 14:24:04,092 - INFO - [205/255] 下载中 - http://static.cninfo.com.cn/finalpage/2023-03-24/1...
2026-06-13 14:24:04,423 - INFO - [205/255] 下载成功 - 601128_2023-03-24_59524219.pdf (10132205 bytes)
2026-06-13 14:24:05,427 - INFO - [206/255] 提取 PDF 链接 - 601128 常熟银行
2026-06-13 14:24:05,524 - INFO - [206/255] 下载中 - http://static.cninfo.com.cn/finalpage/2024-03-22/1...
2026-06-13 14:24:06,515 - INFO - [206/255] 下载成功 - 601128_2024-03-22_83952328.pdf (10442658 bytes)
2026-06-13 14:24:07,519 - INFO - [207/255] 提取 PDF 链接 - 601128 常熟银行
2026-06-13 14:24:07,643 - INFO - [207/255] 下载中 - http://static.cninfo.com.cn/finalpage/2022-03-31/1...
2026-06-13 14:24:07,824 - INFO - [207/255] 下载成功 - 601128_2022-03-31_43473379.pdf (9441081 bytes)
2026-06-13 14:24:08,825 - INFO - [208/255] 提取 PDF 链接 - 601128 常熟银行
2026-06-13 14:24:08,966 - INFO - [208/255] 下载中 - http://static.cninfo.com.cn/finalpage/2023-03-24/1...
2026-06-13 14:24:09,314 - INFO - [208/255] 下载成功 - 601128_2023-03-24_90992705.pdf (10132205 bytes)
2026-06-13 14:24:10,319 - INFO - [209/255] 提取 PDF 链接 - 601128 常熟银行
2026-06-13 14:24:10,442 - INFO - [209/255] 下载中 - http://static.cninfo.com.cn/finalpage/2024-03-22/1...
2026-06-13 14:24:10,673 - INFO - [209/255] 下载成功 - 601128_2024-03-22_34322484.pdf (10442658 bytes)
2026-06-13 14:24:11,678 - INFO - [210/255] 提取 PDF 链接 - 601128 常熟银行
2026-06-13 14:24:11,773 - INFO - [210/255] 下载中 - http://static.cninfo.com.cn/finalpage/2025-03-28/1...
2026-06-13 14:24:12,524 - INFO - [210/255] 下载成功 - 601128_2025-03-28_69487665.pdf (26020767 bytes)
2026-06-13 14:24:13,530 - INFO - [211/255] 提取 PDF 链接 - 601128 常熟银行
2026-06-13 14:24:13,602 - INFO - [211/255] 下载中 - http://static.cninfo.com.cn/finalpage/2026-04-24/1...
2026-06-13 14:24:14,942 - INFO - [211/255] 下载成功 - 601128_2026-04-24_73568035.pdf (52023547 bytes)
2026-06-13 14:24:15,944 - INFO - [212/255] 提取 PDF 链接 - 601128 常熟银行
2026-06-13 14:24:16,032 - ERROR - [212/255] 提取 PDF 链接失败 - 601128 常熟银行: 请求 API 失败: 599 Server Error:  for url: https://www.cninfo.com.cn/new/announcement/bulletin_detail
2026-06-13 14:24:17,035 - INFO - [213/255] 提取 PDF 链接 - 601128 常熟银行
2026-06-13 14:24:17,151 - INFO - [213/255] 下载中 - http://static.cninfo.com.cn/finalpage/2025-03-28/1...
2026-06-13 14:24:17,622 - INFO - [213/255] 下载成功 - 601128_2025-03-28_84739460.pdf (26020767 bytes)
2026-06-13 14:24:18,625 - INFO - [214/255] 提取 PDF 链接 - 601128 常熟银行
2026-06-13 14:24:18,691 - INFO - [214/255] 下载中 - http://static.cninfo.com.cn/finalpage/2026-04-24/1...
2026-06-13 14:24:19,646 - INFO - [214/255] 下载成功 - 601128_2026-04-24_27394757.pdf (52023547 bytes)
2026-06-13 14:24:20,651 - INFO - [215/255] 提取 PDF 链接 - 002958 青农商行
2026-06-13 14:24:20,742 - INFO - [215/255] 下载中 - http://static.cninfo.com.cn/finalpage/2022-04-29/1...
2026-06-13 14:24:21,172 - INFO - [215/255] 下载成功 - 002958_2022-04-29_62227593.pdf (12237923 bytes)
2026-06-13 14:24:22,176 - INFO - [216/255] 提取 PDF 链接 - 002958 青农商行
2026-06-13 14:24:22,302 - INFO - [216/255] 下载中 - http://static.cninfo.com.cn/finalpage/2023-04-29/1...
2026-06-13 14:24:22,603 - INFO - [216/255] 下载成功 - 002958_2023-04-29_15409799.pdf (14232942 bytes)
2026-06-13 14:24:23,605 - INFO - [217/255] 提取 PDF 链接 - 002958 青农商行
2026-06-13 14:24:23,773 - INFO - [217/255] 下载中 - http://static.cninfo.com.cn/finalpage/2024-04-27/1...
2026-06-13 14:24:24,444 - INFO - [217/255] 下载成功 - 002958_2024-04-27_87350915.pdf (35736194 bytes)
2026-06-13 14:24:25,449 - INFO - [218/255] 提取 PDF 链接 - 002958 青农商行
2026-06-13 14:24:25,586 - INFO - [218/255] 下载中 - http://static.cninfo.com.cn/finalpage/2025-04-25/1...
2026-06-13 14:24:26,174 - INFO - [218/255] 下载成功 - 002958_2025-04-25_75560576.pdf (19091711 bytes)
2026-06-13 14:24:27,179 - INFO - [219/255] 提取 PDF 链接 - 002958 青农商行
2026-06-13 14:24:27,281 - INFO - [219/255] 下载中 - http://static.cninfo.com.cn/finalpage/2026-04-29/1...
2026-06-13 14:24:28,361 - INFO - [219/255] 下载成功 - 002958_2026-04-29_68993608.pdf (31720868 bytes)
2026-06-13 14:24:29,367 - INFO - [220/255] 提取 PDF 链接 - 002958 青农商行
2026-06-13 14:24:29,482 - INFO - [220/255] 下载中 - http://static.cninfo.com.cn/finalpage/2026-04-29/1...
2026-06-13 14:24:30,178 - INFO - [220/255] 下载成功 - 002958_2026-04-29_89238281.pdf (31720868 bytes)
2026-06-13 14:24:31,180 - INFO - [221/255] 提取 PDF 链接 - 600908 无锡银行
2026-06-13 14:24:31,273 - INFO - [221/255] 下载中 - http://static.cninfo.com.cn/finalpage/2022-04-29/1...
2026-06-13 14:24:31,472 - INFO - [221/255] 下载成功 - 600908_2022-04-29_62227593.pdf (777787 bytes)
2026-06-13 14:24:32,476 - INFO - [222/255] 提取 PDF 链接 - 600908 无锡银行
2026-06-13 14:24:32,603 - INFO - [222/255] 下载中 - http://static.cninfo.com.cn/finalpage/2023-03-30/1...
2026-06-13 14:24:32,663 - INFO - [222/255] 下载成功 - 600908_2023-03-30_24300600.pdf (851758 bytes)
2026-06-13 14:24:33,669 - INFO - [223/255] 提取 PDF 链接 - 600908 无锡银行
2026-06-13 14:24:33,771 - INFO - [223/255] 下载中 - http://static.cninfo.com.cn/finalpage/2024-03-30/1...
2026-06-13 14:24:33,823 - INFO - [223/255] 下载成功 - 600908_2024-03-30_43021731.pdf (512238 bytes)
2026-06-13 14:24:34,825 - INFO - [224/255] 提取 PDF 链接 - 600908 无锡银行
2026-06-13 14:24:34,963 - INFO - [224/255] 下载中 - http://static.cninfo.com.cn/finalpage/2025-03-29/1...
2026-06-13 14:24:35,023 - INFO - [224/255] 下载成功 - 600908_2025-03-29_44939306.pdf (631995 bytes)
2026-06-13 14:24:36,025 - INFO - [225/255] 提取 PDF 链接 - 600908 无锡银行
2026-06-13 14:24:36,134 - INFO - [225/255] 下载中 - http://static.cninfo.com.cn/finalpage/2026-03-28/1...
2026-06-13 14:24:36,191 - INFO - [225/255] 下载成功 - 600908_2026-03-28_42168120.pdf (687499 bytes)
2026-06-13 14:24:37,196 - INFO - [226/255] 提取 PDF 链接 - 002807 江阴银行
2026-06-13 14:24:37,292 - INFO - [226/255] 下载中 - http://static.cninfo.com.cn/finalpage/2022-03-30/1...
2026-06-13 14:24:38,162 - INFO - [226/255] 下载成功 - 002807_2022-03-30_79237937.pdf (23563656 bytes)
2026-06-13 14:24:39,165 - INFO - [227/255] 提取 PDF 链接 - 002807 江阴银行
2026-06-13 14:24:39,274 - INFO - [227/255] 下载中 - http://static.cninfo.com.cn/finalpage/2023-03-28/1...
2026-06-13 14:24:39,952 - INFO - [227/255] 下载成功 - 002807_2023-03-28_15409799.pdf (32014605 bytes)
2026-06-13 14:24:40,957 - INFO - [228/255] 提取 PDF 链接 - 002807 江阴银行
2026-06-13 14:24:41,052 - INFO - [228/255] 下载中 - http://static.cninfo.com.cn/finalpage/2025-03-29/1...
2026-06-13 14:24:41,362 - INFO - [228/255] 下载成功 - 002807_2025-03-29_75560576.pdf (10301880 bytes)
2026-06-13 14:24:42,363 - INFO - [229/255] 提取 PDF 链接 - 002807 江阴银行
2026-06-13 14:24:52,502 - ERROR - [229/255] 提取 PDF 链接失败 - 002807 江阴银行: 请求 API 失败: 504 Server Error: Gateway Time-out for url: https://www.cninfo.com.cn/new/announcement/bulletin_detail
2026-06-13 14:24:53,504 - INFO - [230/255] 提取 PDF 链接 - 002807 江阴银行
2026-06-13 14:24:53,604 - INFO - [230/255] 下载中 - http://static.cninfo.com.cn/finalpage/2026-04-29/1...
2026-06-13 14:24:54,176 - INFO - [230/255] 下载成功 - 002807_2026-04-29_70324639.pdf (19055958 bytes)
2026-06-13 14:24:55,181 - INFO - [231/255] 提取 PDF 链接 - 002839 张家港行
2026-06-13 14:24:55,302 - INFO - [231/255] 下载中 - http://static.cninfo.com.cn/finalpage/2022-03-29/1...
2026-06-13 14:24:56,543 - INFO - [231/255] 下载成功 - 002839_2022-03-29_79237937.pdf (40519714 bytes)
2026-06-13 14:24:57,548 - INFO - [232/255] 提取 PDF 链接 - 002839 张家港行
2026-06-13 14:24:57,673 - INFO - [232/255] 下载中 - http://static.cninfo.com.cn/finalpage/2023-03-28/1...
2026-06-13 14:24:58,326 - INFO - [232/255] 下载成功 - 002839_2023-03-28_15409799.pdf (34410409 bytes)
2026-06-13 14:24:59,332 - INFO - [233/255] 提取 PDF 链接 - 002839 张家港行
2026-06-13 14:24:59,453 - INFO - [233/255] 下载中 - http://static.cninfo.com.cn/finalpage/2024-04-30/1...
2026-06-13 14:24:59,643 - INFO - [233/255] 下载成功 - 002839_2024-04-30_17890915.pdf (10166549 bytes)
2026-06-13 14:25:00,644 - INFO - [234/255] 提取 PDF 链接 - 002839 张家港行
2026-06-13 14:25:00,742 - INFO - [234/255] 下载中 - http://static.cninfo.com.cn/finalpage/2025-03-29/1...
2026-06-13 14:25:01,542 - INFO - [234/255] 下载成功 - 002839_2025-03-29_63162078.pdf (20319323 bytes)
2026-06-13 14:25:02,547 - INFO - [235/255] 提取 PDF 链接 - 002839 张家港行
2026-06-13 14:25:02,672 - INFO - [235/255] 下载中 - http://static.cninfo.com.cn/finalpage/2026-03-31/1...
2026-06-13 14:25:04,502 - INFO - [235/255] 下载成功 - 002839_2026-03-31_56449343.pdf (60049178 bytes)
2026-06-13 14:25:05,507 - INFO - [236/255] 提取 PDF 链接 - 603323 苏农银行
2026-06-13 14:25:05,622 - INFO - [236/255] 下载中 - http://static.cninfo.com.cn/finalpage/2022-04-28/1...
2026-06-13 14:25:06,393 - INFO - [236/255] 下载成功 - 603323_2022-04-28_18738263.pdf (22177415 bytes)
2026-06-13 14:25:07,399 - INFO - [237/255] 提取 PDF 链接 - 603323 苏农银行
2026-06-13 14:25:07,512 - INFO - [237/255] 下载中 - http://static.cninfo.com.cn/finalpage/2023-04-28/1...
2026-06-13 14:25:08,286 - INFO - [237/255] 下载成功 - 603323_2023-04-28_26146955.pdf (39345325 bytes)
2026-06-13 14:25:09,291 - INFO - [238/255] 提取 PDF 链接 - 603323 苏农银行
2026-06-13 14:25:09,402 - INFO - [238/255] 下载中 - http://static.cninfo.com.cn/finalpage/2024-04-27/1...
2026-06-13 14:25:09,883 - INFO - [238/255] 下载成功 - 603323_2024-04-27_18421571.pdf (22380362 bytes)
2026-06-13 14:25:10,887 - INFO - [239/255] 提取 PDF 链接 - 603323 苏农银行
2026-06-13 14:25:11,013 - INFO - [239/255] 下载中 - http://static.cninfo.com.cn/finalpage/2022-04-28/1...
2026-06-13 14:25:11,702 - INFO - [239/255] 下载成功 - 603323_2022-04-28_14676198.pdf (22177415 bytes)
2026-06-13 14:25:12,707 - INFO - [240/255] 提取 PDF 链接 - 603323 苏农银行
2026-06-13 14:25:12,803 - INFO - [240/255] 下载中 - http://static.cninfo.com.cn/finalpage/2023-04-28/1...
2026-06-13 14:25:13,487 - INFO - [240/255] 下载成功 - 603323_2023-04-28_41664404.pdf (39345325 bytes)
2026-06-13 14:25:14,490 - INFO - [241/255] 提取 PDF 链接 - 603323 苏农银行
2026-06-13 14:25:14,622 - INFO - [241/255] 下载中 - http://static.cninfo.com.cn/finalpage/2024-04-27/1...
2026-06-13 14:25:15,035 - INFO - [241/255] 下载成功 - 603323_2024-04-27_82196718.pdf (22380362 bytes)
2026-06-13 14:25:16,039 - INFO - [242/255] 提取 PDF 链接 - 603323 苏农银行
2026-06-13 14:25:16,173 - INFO - [242/255] 下载中 - http://static.cninfo.com.cn/finalpage/2025-04-30/1...
2026-06-13 14:25:17,323 - INFO - [242/255] 下载成功 - 603323_2025-04-30_27259072.pdf (46668938 bytes)
2026-06-13 14:25:18,328 - INFO - [243/255] 提取 PDF 链接 - 603323 苏农银行
2026-06-13 14:25:18,442 - INFO - [243/255] 下载中 - http://static.cninfo.com.cn/finalpage/2026-04-30/1...
2026-06-13 14:25:19,400 - INFO - [243/255] 下载成功 - 603323_2026-04-30_39251465.pdf (32131474 bytes)
2026-06-13 14:25:20,405 - INFO - [244/255] 提取 PDF 链接 - 601528 瑞丰银行
2026-06-13 14:25:20,512 - INFO - [244/255] 下载中 - http://static.cninfo.com.cn/finalpage/2022-03-31/1...
2026-06-13 14:25:23,922 - INFO - [244/255] 下载成功 - 601528_2022-03-31_15400242.pdf (30217666 bytes)
2026-06-13 14:25:24,931 - INFO - [245/255] 提取 PDF 链接 - 601528 瑞丰银行
2026-06-13 14:25:25,062 - INFO - [245/255] 下载中 - http://static.cninfo.com.cn/finalpage/2023-03-29/1...
2026-06-13 14:25:26,093 - INFO - [245/255] 下载成功 - 601528_2023-03-29_86380352.pdf (40099289 bytes)
2026-06-13 14:25:27,096 - INFO - [246/255] 提取 PDF 链接 - 601528 瑞丰银行
2026-06-13 14:25:27,212 - INFO - [246/255] 下载中 - http://static.cninfo.com.cn/finalpage/2024-03-28/1...
2026-06-13 14:25:28,302 - INFO - [246/255] 下载成功 - 601528_2024-03-28_29184250.pdf (36656826 bytes)
2026-06-13 14:25:29,309 - INFO - [247/255] 提取 PDF 链接 - 601528 瑞丰银行
2026-06-13 14:25:29,413 - INFO - [247/255] 下载中 - http://static.cninfo.com.cn/finalpage/2025-03-28/1...
2026-06-13 14:25:30,542 - INFO - [247/255] 下载成功 - 601528_2025-03-28_36343729.pdf (41435192 bytes)
2026-06-13 14:25:31,547 - INFO - [248/255] 提取 PDF 链接 - 601528 瑞丰银行
2026-06-13 14:25:31,662 - INFO - [248/255] 下载中 - http://static.cninfo.com.cn/finalpage/2026-03-27/1...
2026-06-13 14:25:35,922 - ERROR - [248/255] 下载失败 - 601528 瑞丰银行: ('Connection broken: IncompleteRead(49807360 bytes read, 803269 more expected)', IncompleteRead(49807360 bytes read, 803269 more expected))
2026-06-13 14:25:36,925 - INFO - [249/255] 提取 PDF 链接 - 601528 瑞丰银行
2026-06-13 14:25:37,022 - INFO - [249/255] 下载中 - http://static.cninfo.com.cn/finalpage/2026-03-27/1...
2026-06-13 14:26:19,025 - INFO - [249/255] 下载成功 - 601528_2026-03-27_67358544.pdf (50610629 bytes)
2026-06-13 14:26:20,031 - INFO - [250/255] 提取 PDF 链接 - 601860 紫金银行
2026-06-13 14:26:20,152 - INFO - [250/255] 下载中 - http://static.cninfo.com.cn/finalpage/2023-04-29/1...
2026-06-13 14:26:20,356 - INFO - [250/255] 下载成功 - 601860_2023-04-29_91079491.pdf (7672773 bytes)
2026-06-13 14:26:21,361 - INFO - [251/255] 提取 PDF 链接 - 601860 紫金银行
2026-06-13 14:26:21,463 - INFO - [251/255] 下载中 - http://static.cninfo.com.cn/finalpage/2024-04-26/1...
2026-06-13 14:26:21,825 - INFO - [251/255] 下载成功 - 601860_2024-04-26_67613480.pdf (11815817 bytes)
2026-06-13 14:26:22,830 - INFO - [252/255] 提取 PDF 链接 - 601860 紫金银行
2026-06-13 14:26:22,953 - INFO - [252/255] 下载中 - http://static.cninfo.com.cn/finalpage/2025-04-25/1...
2026-06-13 14:26:24,123 - INFO - [252/255] 下载成功 - 601860_2025-04-25_79860716.pdf (11715874 bytes)
2026-06-13 14:26:25,129 - INFO - [253/255] 提取 PDF 链接 - 601860 紫金银行
2026-06-13 14:26:25,223 - INFO - [253/255] 下载中 - http://static.cninfo.com.cn/finalpage/2026-04-24/1...
2026-06-13 14:26:25,563 - INFO - [253/255] 下载成功 - 601860_2026-04-24_68993608.pdf (14605126 bytes)
2026-06-13 14:26:26,568 - INFO - [254/255] 提取 PDF 链接 - 601860 紫金银行
2026-06-13 14:26:26,671 - INFO - [254/255] 下载中 - http://static.cninfo.com.cn/finalpage/2025-04-25/1...
2026-06-13 14:26:27,112 - INFO - [254/255] 下载成功 - 601860_2025-04-25_55802549.pdf (11715874 bytes)
2026-06-13 14:26:28,118 - INFO - [255/255] 提取 PDF 链接 - 601860 紫金银行
2026-06-13 14:26:28,233 - INFO - [255/255] 下载中 - http://static.cninfo.com.cn/finalpage/2026-04-24/1...
2026-06-13 14:26:28,573 - INFO - [255/255] 下载成功 - 601860_2026-04-24_89238281.pdf (14605126 bytes)
2026-06-13 14:26:28,574 - INFO - 已保存 6 条失败记录到 outputs/logs/failed_downloads.csv
2026-06-13 14:26:28,574 - INFO - ==================================================
2026-06-13 14:26:28,574 - INFO - 下载完成
2026-06-13 14:26:28,574 - INFO - 总数: 255
2026-06-13 14:26:28,575 - INFO - 成功: 249
2026-06-13 14:26:28,575 - INFO - 跳过(已存在): 0
2026-06-13 14:26:28,575 - INFO - 失败: 6
2026-06-13 14:26:28,575 - INFO - ==================================================
已加载 8 个 Cookie
