2026-06-13 15:39:41,801 - INFO - 加载 metadata 文件: data/metadata/metadata.csv
2026-06-13 15:39:41,801 - INFO - 共找到 220 条记录
2026-06-13 15:39:41,802 - INFO - 开始下载 PDF 文件...
2026-06-13 15:39:41,802 - INFO - [1/220] 跳过已存在 - 601398/2021_1212753514.pdf
2026-06-13 15:39:41,802 - INFO - [2/220] 提取 PDF 链接 - 601398 工商银行
2026-06-13 15:39:41,975 - INFO - [2/220] 下载中 - http://static.cninfo.com.cn/finalpage/2023-03-31/1...
2026-06-13 15:39:42,292 - INFO - [2/220] 下载成功 - 601398/2022_1216282262.pdf (5700887 bytes)
2026-06-13 15:39:44,297 - INFO - [3/220] 提取 PDF 链接 - 601398 工商银行
2026-06-13 15:39:44,381 - INFO - [3/220] 下载中 - http://static.cninfo.com.cn/finalpage/2024-03-28/1...
2026-06-13 15:39:44,485 - INFO - [3/220] 下载成功 - 601398/2023_1219429136.pdf (5173281 bytes)
2026-06-13 15:39:46,490 - INFO - [4/220] 提取 PDF 链接 - 601398 工商银行
2026-06-13 15:39:46,612 - INFO - [4/220] 下载中 - http://static.cninfo.com.cn/finalpage/2025-03-29/1...
2026-06-13 15:39:46,848 - INFO - [4/220] 下载成功 - 601398/2024_1222948913.pdf (13048446 bytes)
2026-06-13 15:39:48,853 - INFO - [5/220] 提取 PDF 链接 - 601398 工商银行
2026-06-13 15:39:48,972 - INFO - [5/220] 下载中 - http://static.cninfo.com.cn/finalpage/2026-03-28/1...
2026-06-13 15:39:49,103 - INFO - [5/220] 下载成功 - 601398/2025_1225047021.pdf (7308585 bytes)
2026-06-13 15:39:51,108 - INFO - [6/220] 提取 PDF 链接 - 601939 建设银行
2026-06-13 15:39:51,232 - INFO - [6/220] 下载中 - http://static.cninfo.com.cn/finalpage/2022-03-30/1...
2026-06-13 15:39:51,343 - INFO - [6/220] 下载成功 - 601939/2021_1212730968.pdf (5522723 bytes)
2026-06-13 15:39:53,345 - INFO - [7/220] 提取 PDF 链接 - 601939 建设银行
2026-06-13 15:39:53,690 - INFO - [7/220] 下载中 - http://static.cninfo.com.cn/finalpage/2023-03-30/1...
2026-06-13 15:39:53,794 - INFO - [7/220] 下载成功 - 601939/2022_1216262765.pdf (3932584 bytes)
2026-06-13 15:39:55,814 - INFO - [8/220] 提取 PDF 链接 - 601939 建设银行
2026-06-13 15:39:55,961 - INFO - [8/220] 下载中 - http://static.cninfo.com.cn/finalpage/2024-03-29/1...
2026-06-13 15:39:56,051 - INFO - [8/220] 下载成功 - 601939/2023_1219447699.pdf (4541079 bytes)
2026-06-13 15:39:58,057 - INFO - [9/220] 提取 PDF 链接 - 601939 建设银行
2026-06-13 15:39:58,192 - INFO - [9/220] 下载中 - http://static.cninfo.com.cn/finalpage/2025-03-29/1...
2026-06-13 15:39:58,322 - INFO - [9/220] 下载成功 - 601939/2024_1222940495.pdf (7245871 bytes)
2026-06-13 15:40:00,327 - INFO - [10/220] 提取 PDF 链接 - 601939 建设银行
2026-06-13 15:40:00,402 - INFO - [10/220] 下载中 - http://static.cninfo.com.cn/finalpage/2026-03-28/1...
2026-06-13 15:40:00,423 - INFO - [10/220] 下载成功 - 601939/2025_1225047672.pdf (231263 bytes)
2026-06-13 15:40:02,428 - INFO - [11/220] 提取 PDF 链接 - 601288 农业银行
2026-06-13 15:40:02,565 - INFO - [11/220] 下载中 - http://static.cninfo.com.cn/finalpage/2022-03-31/1...
2026-06-13 15:40:02,887 - INFO - [11/220] 下载成功 - 601288/2021_1212749877.pdf (8817885 bytes)
2026-06-13 15:40:04,893 - INFO - [12/220] 提取 PDF 链接 - 601288 农业银行
2026-06-13 15:40:05,023 - INFO - [12/220] 下载中 - http://static.cninfo.com.cn/finalpage/2023-03-31/1...
2026-06-13 15:40:05,404 - INFO - [12/220] 下载成功 - 601288/2022_1216276180.pdf (9426569 bytes)
2026-06-13 15:40:07,411 - INFO - [13/220] 提取 PDF 链接 - 601288 农业银行
2026-06-13 15:40:07,552 - INFO - [13/220] 下载中 - http://static.cninfo.com.cn/finalpage/2024-03-29/1...
2026-06-13 15:40:07,802 - INFO - [13/220] 下载成功 - 601288/2023_1219445729.pdf (10367535 bytes)
2026-06-13 15:40:09,804 - INFO - [14/220] 提取 PDF 链接 - 601288 农业银行
2026-06-13 15:40:09,952 - INFO - [14/220] 下载中 - http://static.cninfo.com.cn/finalpage/2025-03-29/1...
2026-06-13 15:40:10,063 - INFO - [14/220] 下载成功 - 601288/2024_1222943090.pdf (4451930 bytes)
2026-06-13 15:40:12,069 - INFO - [15/220] 提取 PDF 链接 - 601288 农业银行
2026-06-13 15:40:12,181 - INFO - [15/220] 下载中 - http://static.cninfo.com.cn/finalpage/2026-03-31/1...
2026-06-13 15:40:12,353 - INFO - [15/220] 下载成功 - 601288/2025_1225056284.pdf (7646116 bytes)
2026-06-13 15:40:14,357 - INFO - [16/220] 提取 PDF 链接 - 601988 中国银行
2026-06-13 15:40:14,492 - INFO - [16/220] 下载中 - http://static.cninfo.com.cn/finalpage/2022-03-30/1...
2026-06-13 15:40:14,862 - INFO - [16/220] 下载成功 - 601988/2021_1212727439.pdf (14846847 bytes)
2026-06-13 15:40:16,867 - INFO - [17/220] 提取 PDF 链接 - 601988 中国银行
2026-06-13 15:40:17,013 - INFO - [17/220] 下载中 - http://static.cninfo.com.cn/finalpage/2023-03-31/1...
2026-06-13 15:40:17,443 - INFO - [17/220] 下载成功 - 601988/2022_1216276311.pdf (22954904 bytes)
2026-06-13 15:40:19,445 - INFO - [18/220] 提取 PDF 链接 - 601988 中国银行
2026-06-13 15:40:19,582 - INFO - [18/220] 下载中 - http://static.cninfo.com.cn/finalpage/2024-03-29/1...
2026-06-13 15:40:19,857 - INFO - [18/220] 下载成功 - 601988/2023_1219445794.pdf (14510916 bytes)
2026-06-13 15:40:21,857 - INFO - [19/220] 提取 PDF 链接 - 601988 中国银行
2026-06-13 15:40:21,996 - INFO - [19/220] 下载中 - http://static.cninfo.com.cn/finalpage/2025-03-27/1...
2026-06-13 15:40:22,396 - INFO - [19/220] 下载成功 - 601988/2024_1222911235.pdf (14235365 bytes)
2026-06-13 15:40:24,402 - INFO - [20/220] 提取 PDF 链接 - 601988 中国银行
2026-06-13 15:40:24,482 - INFO - [20/220] 下载中 - http://static.cninfo.com.cn/finalpage/2026-03-31/1...
2026-06-13 15:40:24,843 - INFO - [20/220] 下载成功 - 601988/2025_1225058484.pdf (17966788 bytes)
2026-06-13 15:40:26,845 - INFO - [21/220] 提取 PDF 链接 - 601328 交通银行
2026-06-13 15:40:26,982 - INFO - [21/220] 下载中 - http://static.cninfo.com.cn/finalpage/2022-03-26/1...
2026-06-13 15:40:27,243 - INFO - [21/220] 下载成功 - 601328/2021_1212686677.pdf (9321240 bytes)
2026-06-13 15:40:29,246 - INFO - [22/220] 提取 PDF 链接 - 601328 交通银行
2026-06-13 15:40:29,334 - INFO - [22/220] 下载中 - http://static.cninfo.com.cn/finalpage/2024-03-28/1...
2026-06-13 15:40:29,563 - INFO - [22/220] 下载成功 - 601328/2023_1219427322.pdf (5087370 bytes)
2026-06-13 15:40:31,569 - INFO - [23/220] 提取 PDF 链接 - 601328 交通银行
2026-06-13 15:40:31,692 - INFO - [23/220] 下载中 - http://static.cninfo.com.cn/finalpage/2025-03-22/1...
2026-06-13 15:40:32,055 - INFO - [23/220] 下载成功 - 601328/2024_1222869569.pdf (6205129 bytes)
2026-06-13 15:40:34,058 - INFO - [24/220] 提取 PDF 链接 - 601328 交通银行
2026-06-13 15:40:34,194 - INFO - [24/220] 下载中 - http://static.cninfo.com.cn/finalpage/2023-03-31/1...
2026-06-13 15:40:34,314 - INFO - [24/220] 下载成功 - 601328/2022_1216276216.pdf (4805461 bytes)
2026-06-13 15:40:36,316 - INFO - [25/220] 提取 PDF 链接 - 601328 交通银行
2026-06-13 15:40:36,422 - INFO - [25/220] 下载中 - http://static.cninfo.com.cn/finalpage/2026-03-28/1...
2026-06-13 15:40:36,454 - INFO - [25/220] 下载成功 - 601328/2025_1225046566.pdf (220466 bytes)
2026-06-13 15:40:38,456 - INFO - [26/220] 提取 PDF 链接 - 601328 交通银行
2026-06-13 15:40:38,550 - INFO - [26/220] 下载中 - http://static.cninfo.com.cn/finalpage/2026-03-28/1...
2026-06-13 15:40:38,727 - INFO - [26/220] 下载成功 - 601328/2025_1225047340.pdf (6708548 bytes)
2026-06-13 15:40:40,732 - INFO - [27/220] 提取 PDF 链接 - 601658 邮储银行
2026-06-13 15:40:40,862 - INFO - [27/220] 下载中 - http://static.cninfo.com.cn/finalpage/2022-03-31/1...
2026-06-13 15:40:41,472 - INFO - [27/220] 下载成功 - 601658/2021_1212744226.pdf (18817424 bytes)
2026-06-13 15:40:43,475 - INFO - [28/220] 提取 PDF 链接 - 601658 邮储银行
2026-06-13 15:40:43,612 - INFO - [28/220] 下载中 - http://static.cninfo.com.cn/finalpage/2023-03-31/1...
2026-06-13 15:40:43,965 - INFO - [28/220] 下载成功 - 601658/2022_1216273537.pdf (10105041 bytes)
2026-06-13 15:40:45,971 - INFO - [29/220] 提取 PDF 链接 - 601658 邮储银行
2026-06-13 15:40:46,104 - INFO - [29/220] 下载中 - http://static.cninfo.com.cn/finalpage/2024-03-29/1...
2026-06-13 15:40:46,383 - INFO - [29/220] 下载成功 - 601658/2023_1219443318.pdf (9823572 bytes)
2026-06-13 15:40:48,385 - INFO - [30/220] 提取 PDF 链接 - 601658 邮储银行
2026-06-13 15:40:48,533 - INFO - [30/220] 下载中 - http://static.cninfo.com.cn/finalpage/2025-03-28/1...
2026-06-13 15:40:48,781 - INFO - [30/220] 下载成功 - 601658/2024_1222927897.pdf (9009527 bytes)
2026-06-13 15:40:50,783 - INFO - [31/220] 跳过已存在 - 601658/2025_1225047866.pdf
2026-06-13 15:40:50,783 - INFO - [32/220] 提取 PDF 链接 - 000001 平安银行
2026-06-13 15:40:50,913 - INFO - [32/220] 下载中 - http://static.cninfo.com.cn/finalpage/2022-03-10/1...
2026-06-13 15:40:50,982 - INFO - [32/220] 下载成功 - 000001/2021_1212533363.pdf (2991564 bytes)
2026-06-13 15:40:52,984 - INFO - [33/220] 跳过已存在 - 000001/2022_1216072949.pdf
2026-06-13 15:40:52,984 - INFO - [34/220] 提取 PDF 链接 - 000001 平安银行
2026-06-13 15:40:53,091 - INFO - [34/220] 下载中 - http://static.cninfo.com.cn/finalpage/2024-03-15/1...
2026-06-13 15:40:53,221 - INFO - [34/220] 下载成功 - 000001/2023_1219306480.pdf (3882461 bytes)
2026-06-13 15:40:55,225 - INFO - [35/220] 跳过已存在 - 000001/2024_1222806510.pdf
2026-06-13 15:40:55,226 - INFO - [36/220] 提取 PDF 链接 - 000001 平安银行
2026-06-13 15:40:55,332 - INFO - [36/220] 下载中 - http://static.cninfo.com.cn/finalpage/2026-03-21/1...
2026-06-13 15:40:55,393 - INFO - [36/220] 下载成功 - 000001/2025_1225022899.pdf (2093291 bytes)
2026-06-13 15:40:57,396 - INFO - [37/220] 跳过已存在 - 600036/2021_1212626213.pdf
2026-06-13 15:40:57,396 - INFO - [38/220] 提取 PDF 链接 - 600036 招商银行
2026-06-13 15:40:57,525 - INFO - [38/220] 下载中 - http://static.cninfo.com.cn/finalpage/2023-03-25/1...
2026-06-13 15:40:57,822 - INFO - [38/220] 下载成功 - 600036/2022_1216221325.pdf (14770069 bytes)
2026-06-13 15:40:59,827 - INFO - [39/220] 提取 PDF 链接 - 600036 招商银行
2026-06-13 15:40:59,947 - INFO - [39/220] 下载中 - http://static.cninfo.com.cn/finalpage/2024-03-26/1...
2026-06-13 15:41:00,348 - INFO - [39/220] 下载成功 - 600036/2023_1219403492.pdf (16681092 bytes)
2026-06-13 15:41:02,355 - INFO - [40/220] 提取 PDF 链接 - 600036 招商银行
2026-06-13 15:41:02,492 - INFO - [40/220] 下载中 - http://static.cninfo.com.cn/finalpage/2025-03-26/1...
2026-06-13 15:41:02,738 - INFO - [40/220] 下载成功 - 600036/2024_1222895146.pdf (12076641 bytes)
2026-06-13 15:41:04,744 - INFO - [41/220] 跳过已存在 - 600036/2025_1225047510.pdf
2026-06-13 15:41:04,744 - INFO - [42/220] 提取 PDF 链接 - 601166 兴业银行
2026-06-13 15:41:04,843 - INFO - [42/220] 下载中 - http://static.cninfo.com.cn/finalpage/2022-03-25/1...
2026-06-13 15:41:05,191 - INFO - [42/220] 下载成功 - 601166/2021_1212671858.pdf (2111659 bytes)
2026-06-13 15:41:07,197 - INFO - [43/220] 提取 PDF 链接 - 601166 兴业银行
2026-06-13 15:41:07,323 - INFO - [43/220] 下载中 - http://static.cninfo.com.cn/finalpage/2023-03-31/1...
2026-06-13 15:41:08,683 - INFO - [43/220] 下载成功 - 601166/2022_1216279419.pdf (16380333 bytes)
2026-06-13 15:41:10,688 - INFO - [44/220] 提取 PDF 链接 - 601166 兴业银行
2026-06-13 15:41:10,815 - INFO - [44/220] 下载中 - http://static.cninfo.com.cn/finalpage/2024-03-29/1...
2026-06-13 15:41:13,177 - INFO - [44/220] 下载成功 - 601166/2023_1219445712.pdf (21289120 bytes)
2026-06-13 15:41:15,179 - INFO - [45/220] 跳过已存在 - 601166/2024_1222927162.pdf
2026-06-13 15:41:15,179 - INFO - [46/220] 提取 PDF 链接 - 601166 兴业银行
2026-06-13 15:41:15,322 - INFO - [46/220] 下载中 - http://static.cninfo.com.cn/finalpage/2026-03-27/1...
2026-06-13 15:41:16,654 - INFO - [46/220] 下载成功 - 601166/2025_1225039296.pdf (47614212 bytes)
2026-06-13 15:41:18,660 - INFO - [47/220] 跳过已存在 - 601998/2021_1212669953.pdf
2026-06-13 15:41:18,660 - INFO - [48/220] 提取 PDF 链接 - 601998 中信银行
2026-06-13 15:41:18,802 - INFO - [48/220] 下载中 - http://static.cninfo.com.cn/finalpage/2023-03-24/1...
2026-06-13 15:41:18,925 - INFO - [48/220] 下载成功 - 601998/2022_1216202398.pdf (2681943 bytes)
2026-06-13 15:41:20,930 - INFO - [49/220] 跳过已存在 - 601998/2023_1219375053.pdf
2026-06-13 15:41:20,930 - INFO - [50/220] 提取 PDF 链接 - 601998 中信银行
2026-06-13 15:41:21,082 - INFO - [50/220] 下载中 - http://static.cninfo.com.cn/finalpage/2025-03-27/1...
2026-06-13 15:41:21,294 - INFO - [50/220] 下载成功 - 601998/2024_1222911387.pdf (11922860 bytes)
2026-06-13 15:41:23,299 - INFO - [51/220] 跳过已存在 - 601998/2025_1225022336.pdf
2026-06-13 15:41:23,299 - INFO - [52/220] 提取 PDF 链接 - 600000 浦发银行
2026-06-13 15:41:23,422 - INFO - [52/220] 下载中 - http://static.cninfo.com.cn/finalpage/2022-04-28/1...
2026-06-13 15:41:23,655 - INFO - [52/220] 下载成功 - 600000/2021_1213175137.pdf (4670242 bytes)
2026-06-13 15:41:25,658 - INFO - [53/220] 跳过已存在 - 600000/2021_1213175134.pdf
2026-06-13 15:41:25,658 - INFO - [54/220] 提取 PDF 链接 - 600000 浦发银行
2026-06-13 15:41:25,822 - INFO - [54/220] 下载中 - http://static.cninfo.com.cn/finalpage/2023-04-19/1...
2026-06-13 15:41:26,233 - INFO - [54/220] 下载成功 - 600000/2022_1216456472.pdf (15720296 bytes)
2026-06-13 15:41:28,235 - INFO - [55/220] 跳过已存在 - 600000/2023_1219910195.pdf
2026-06-13 15:41:28,236 - INFO - [56/220] 提取 PDF 链接 - 600000 浦发银行
2026-06-13 15:41:28,362 - INFO - [56/220] 下载中 - http://static.cninfo.com.cn/finalpage/2025-03-29/1...
2026-06-13 15:41:29,825 - INFO - [56/220] 下载成功 - 600000/2024_1222948224.pdf (50135157 bytes)
2026-06-13 15:41:31,829 - INFO - [57/220] 跳过已存在 - 600000/2025_1225062333.pdf
2026-06-13 15:41:31,830 - INFO - [58/220] 提取 PDF 链接 - 601818 光大银行
2026-06-13 15:41:31,993 - INFO - [58/220] 下载中 - http://static.cninfo.com.cn/finalpage/2022-03-26/1...
2026-06-13 15:41:32,313 - INFO - [58/220] 下载成功 - 601818/2021_1212687499.pdf (9017314 bytes)
2026-06-13 15:41:34,316 - INFO - [59/220] 跳过已存在 - 601818/2022_1216221039.pdf
2026-06-13 15:41:34,316 - INFO - [60/220] 提取 PDF 链接 - 601818 光大银行
2026-06-13 15:41:34,442 - INFO - [60/220] 下载中 - http://static.cninfo.com.cn/finalpage/2024-03-28/1...
2026-06-13 15:41:34,812 - INFO - [60/220] 下载成功 - 601818/2023_1219427336.pdf (18120204 bytes)
2026-06-13 15:41:36,813 - INFO - [61/220] 跳过已存在 - 601818/2024_1222947755.pdf
2026-06-13 15:41:36,814 - INFO - [62/220] 提取 PDF 链接 - 601818 光大银行
2026-06-13 15:41:36,922 - INFO - [62/220] 下载中 - http://static.cninfo.com.cn/finalpage/2026-03-31/1...
2026-06-13 15:41:37,122 - INFO - [62/220] 下载成功 - 601818/2025_1225061518.pdf (11081338 bytes)
2026-06-13 15:41:39,124 - INFO - [63/220] 跳过已存在 - 600016/2021_1212728495.pdf
2026-06-13 15:41:39,125 - INFO - [64/220] 提取 PDF 链接 - 600016 民生银行
2026-06-13 15:41:39,243 - INFO - [64/220] 下载中 - http://static.cninfo.com.cn/finalpage/2023-03-28/1...
2026-06-13 15:41:39,364 - INFO - [64/220] 下载成功 - 600016/2022_1216238252.pdf (2405901 bytes)
2026-06-13 15:41:41,367 - INFO - [65/220] 跳过已存在 - 600016/2023_1219445427.pdf
2026-06-13 15:41:41,368 - INFO - [66/220] 提取 PDF 链接 - 600016 民生银行
2026-06-13 15:41:41,532 - INFO - [66/220] 下载中 - http://static.cninfo.com.cn/finalpage/2025-03-29/1...
2026-06-13 15:41:41,647 - INFO - [66/220] 下载成功 - 600016/2024_1222951343.pdf (5683279 bytes)
2026-06-13 15:41:43,651 - INFO - [67/220] 跳过已存在 - 600016/2025_1225062833.pdf
2026-06-13 15:41:43,652 - INFO - [68/220] 提取 PDF 链接 - 600016 民生银行
2026-06-13 15:41:43,783 - INFO - [68/220] 下载中 - http://static.cninfo.com.cn/finalpage/2022-03-30/1...
2026-06-13 15:41:45,368 - INFO - [68/220] 下载成功 - 600016/2021_1212728499.pdf (3342154 bytes)
2026-06-13 15:41:47,372 - INFO - [69/220] 提取 PDF 链接 - 600016 民生银行
2026-06-13 15:41:47,483 - INFO - [69/220] 下载中 - http://static.cninfo.com.cn/finalpage/2023-03-28/1...
2026-06-13 15:41:47,533 - INFO - [69/220] 下载成功 - 600016/2022_1216238247.pdf (967222 bytes)
2026-06-13 15:41:49,538 - INFO - [70/220] 提取 PDF 链接 - 600016 民生银行
2026-06-13 15:41:49,652 - INFO - [70/220] 下载中 - http://static.cninfo.com.cn/finalpage/2024-03-29/1...
2026-06-13 15:41:49,694 - INFO - [70/220] 下载成功 - 600016/2023_1219445432.pdf (1332715 bytes)
2026-06-13 15:41:51,699 - INFO - [71/220] 提取 PDF 链接 - 600016 民生银行
2026-06-13 15:41:51,822 - INFO - [71/220] 下载中 - http://static.cninfo.com.cn/finalpage/2025-03-29/1...
2026-06-13 15:41:51,943 - INFO - [71/220] 下载成功 - 600016/2024_1222951338.pdf (1703832 bytes)
2026-06-13 15:41:53,946 - INFO - [72/220] 提取 PDF 链接 - 600016 民生银行
2026-06-13 15:41:54,114 - INFO - [72/220] 下载中 - http://static.cninfo.com.cn/finalpage/2026-03-31/1...
2026-06-13 15:41:54,222 - INFO - [72/220] 下载成功 - 600016/2025_1225062836.pdf (5360673 bytes)
2026-06-13 15:41:56,223 - INFO - [73/220] 跳过已存在 - 600016/2025_1225062845.pdf
2026-06-13 15:41:56,223 - INFO - [74/220] 提取 PDF 链接 - 600015 华夏银行
2026-06-13 15:41:56,342 - INFO - [74/220] 下载中 - http://static.cninfo.com.cn/finalpage/2022-04-30/1...
2026-06-13 15:41:56,566 - INFO - [74/220] 下载成功 - 600015/2021_1213267945.pdf (6427484 bytes)
2026-06-13 15:41:58,568 - INFO - [75/220] 提取 PDF 链接 - 600015 华夏银行
2026-06-13 15:41:58,732 - INFO - [75/220] 下载中 - http://static.cninfo.com.cn/finalpage/2023-04-28/1...
2026-06-13 15:41:58,973 - INFO - [75/220] 下载成功 - 600015/2022_1216660905.pdf (6722261 bytes)
2026-06-13 15:42:00,979 - INFO - [76/220] 提取 PDF 链接 - 600015 华夏银行
2026-06-13 15:42:01,102 - INFO - [76/220] 下载中 - http://static.cninfo.com.cn/finalpage/2024-04-30/1...
2026-06-13 15:42:01,682 - INFO - [76/220] 下载成功 - 600015/2023_1219904606.pdf (15847527 bytes)
2026-06-13 15:42:03,688 - INFO - [77/220] 提取 PDF 链接 - 600015 华夏银行
2026-06-13 15:42:03,822 - INFO - [77/220] 下载中 - http://static.cninfo.com.cn/finalpage/2025-04-18/1...
2026-06-13 15:42:04,082 - INFO - [77/220] 下载成功 - 600015/2024_1223129821.pdf (9518632 bytes)
2026-06-13 15:42:06,088 - INFO - [78/220] 跳过已存在 - 600015/2025_1225058304.pdf
2026-06-13 15:42:06,090 - INFO - [79/220] 提取 PDF 链接 - 601916 浙商银行
2026-06-13 15:42:06,194 - INFO - [79/220] 下载中 - http://static.cninfo.com.cn/finalpage/2022-03-30/1...
2026-06-13 15:42:06,392 - INFO - [79/220] 下载成功 - 601916/2021_1212729910.pdf (9648064 bytes)
2026-06-13 15:42:08,397 - INFO - [80/220] 跳过已存在 - 601916/2022_1216234455.pdf
2026-06-13 15:42:08,397 - INFO - [81/220] 提取 PDF 链接 - 601916 浙商银行
2026-06-13 15:42:08,553 - INFO - [81/220] 下载中 - http://static.cninfo.com.cn/finalpage/2024-03-29/1...
2026-06-13 15:42:08,732 - INFO - [81/220] 下载成功 - 601916/2023_1219447647.pdf (5805393 bytes)
2026-06-13 15:42:10,738 - INFO - [82/220] 跳过已存在 - 601916/2024_1222947800.pdf
2026-06-13 15:42:10,739 - INFO - [83/220] 提取 PDF 链接 - 601916 浙商银行
2026-06-13 15:42:10,953 - INFO - [83/220] 下载中 - http://static.cninfo.com.cn/finalpage/2026-03-31/1...
2026-06-13 15:42:11,032 - INFO - [83/220] 下载成功 - 601916/2025_1225060844.pdf (4091320 bytes)
2026-06-13 15:42:13,033 - INFO - [84/220] 跳过已存在 - 002142/2021_1212837562.pdf
2026-06-13 15:42:13,033 - INFO - [85/220] 提取 PDF 链接 - 002142 宁波银行
2026-06-13 15:42:13,173 - INFO - [85/220] 下载中 - http://static.cninfo.com.cn/finalpage/2023-04-06/1...
2026-06-13 15:42:13,214 - INFO - [85/220] 下载成功 - 002142/2022_1216331264.pdf (1651377 bytes)
2026-06-13 15:42:15,218 - INFO - [86/220] 跳过已存在 - 002142/2023_1219551828.pdf
2026-06-13 15:42:15,219 - INFO - [87/220] 提取 PDF 链接 - 002142 宁波银行
2026-06-13 15:42:15,352 - INFO - [87/220] 下载中 - http://static.cninfo.com.cn/finalpage/2025-04-10/1...
2026-06-13 15:42:15,753 - INFO - [87/220] 下载成功 - 002142/2024_1223045161.pdf (18917508 bytes)
2026-06-13 15:42:17,758 - INFO - [88/220] 跳过已存在 - 002142/2025_1225189445.pdf
2026-06-13 15:42:17,758 - INFO - [89/220] 提取 PDF 链接 - 600919 江苏银行
2026-06-13 15:42:17,872 - INFO - [89/220] 下载中 - http://static.cninfo.com.cn/finalpage/2022-04-13/1...
2026-06-13 15:42:18,173 - INFO - [89/220] 下载成功 - 600919/2021_1212897906.pdf (8454828 bytes)
2026-06-13 15:42:20,178 - INFO - [90/220] 提取 PDF 链接 - 600919 江苏银行
2026-06-13 15:42:20,292 - INFO - [90/220] 下载中 - http://static.cninfo.com.cn/finalpage/2023-04-26/1...
2026-06-13 15:42:20,822 - INFO - [90/220] 下载成功 - 600919/2022_1216586596.pdf (32153046 bytes)
2026-06-13 15:42:22,824 - INFO - [91/220] 提取 PDF 链接 - 600919 江苏银行
2026-06-13 15:42:22,923 - INFO - [91/220] 下载中 - http://static.cninfo.com.cn/finalpage/2024-04-26/1...
2026-06-13 15:42:23,413 - INFO - [91/220] 下载成功 - 600919/2023_1219833470.pdf (28444403 bytes)
2026-06-13 15:42:25,416 - INFO - [92/220] 提取 PDF 链接 - 600919 江苏银行
2026-06-13 15:42:25,563 - INFO - [92/220] 下载中 - http://static.cninfo.com.cn/finalpage/2025-04-19/1...
2026-06-13 15:42:26,102 - INFO - [92/220] 下载成功 - 600919/2024_1223143261.pdf (27947496 bytes)
2026-06-13 15:42:28,104 - INFO - [93/220] 提取 PDF 链接 - 600919 江苏银行
2026-06-13 15:42:28,183 - INFO - [93/220] 下载中 - http://static.cninfo.com.cn/finalpage/2026-04-29/1...
2026-06-13 15:42:28,203 - INFO - [93/220] 下载成功 - 600919/2025_1225247508.pdf (217873 bytes)
2026-06-13 15:42:30,205 - INFO - [94/220] 提取 PDF 链接 - 601009 南京银行
2026-06-13 15:42:30,314 - INFO - [94/220] 下载中 - http://static.cninfo.com.cn/finalpage/2026-04-23/1...
2026-06-13 15:42:30,333 - INFO - [94/220] 下载成功 - 601009/2025_1225157423.pdf (143674 bytes)
2026-06-13 15:42:32,338 - INFO - [95/220] 跳过已存在 - 601229/2021_1213030160.pdf
2026-06-13 15:42:32,341 - INFO - [96/220] 提取 PDF 链接 - 601229 上海银行
2026-06-13 15:42:32,454 - INFO - [96/220] 下载中 - http://static.cninfo.com.cn/finalpage/2023-04-28/1...
2026-06-13 15:42:32,903 - INFO - [96/220] 下载成功 - 601229/2022_1216664772.pdf (21910154 bytes)
2026-06-13 15:42:34,906 - INFO - [97/220] 跳过已存在 - 601229/2023_1219842057.pdf
2026-06-13 15:42:34,906 - INFO - [98/220] 提取 PDF 链接 - 601229 上海银行
2026-06-13 15:42:35,002 - INFO - [98/220] 下载中 - http://static.cninfo.com.cn/finalpage/2025-04-25/1...
2026-06-13 15:42:35,164 - INFO - [98/220] 下载成功 - 601229/2024_1223286933.pdf (9076518 bytes)
2026-06-13 15:42:37,169 - INFO - [99/220] 跳过已存在 - 601229/2025_1225173740.pdf
2026-06-13 15:42:37,169 - INFO - [100/220] 提取 PDF 链接 - 600926 杭州银行
2026-06-13 15:42:37,303 - INFO - [100/220] 下载中 - http://static.cninfo.com.cn/finalpage/2022-04-16/1...
2026-06-13 15:42:37,523 - INFO - [100/220] 下载成功 - 600926/2021_1212942447.pdf (5293298 bytes)
2026-06-13 15:42:39,528 - INFO - [101/220] 跳过已存在 - 600926/2022_1216586604.pdf
2026-06-13 15:42:39,528 - INFO - [102/220] 提取 PDF 链接 - 600926 杭州银行
2026-06-13 15:42:39,653 - INFO - [102/220] 下载中 - http://static.cninfo.com.cn/finalpage/2024-04-20/1...
2026-06-13 15:42:39,784 - INFO - [102/220] 下载成功 - 600926/2023_1219702551.pdf (6036279 bytes)
2026-06-13 15:42:41,789 - INFO - [103/220] 跳过已存在 - 600926/2024_1223072723.pdf
2026-06-13 15:42:41,790 - INFO - [104/220] 提取 PDF 链接 - 600926 杭州银行
2026-06-13 15:42:41,914 - INFO - [104/220] 下载中 - http://static.cninfo.com.cn/finalpage/2026-04-23/1...
2026-06-13 15:42:42,253 - INFO - [104/220] 下载成功 - 600926/2025_1225157186.pdf (18720165 bytes)
2026-06-13 15:42:44,258 - INFO - [105/220] 跳过已存在 - 601169/2021_1213270798.pdf
2026-06-13 15:42:44,259 - INFO - [106/220] 提取 PDF 链接 - 601169 北京银行
2026-06-13 15:42:44,383 - INFO - [106/220] 下载中 - http://static.cninfo.com.cn/finalpage/2023-04-08/1...
2026-06-13 15:42:44,793 - INFO - [106/220] 下载成功 - 601169/2022_1216358080.pdf (22070108 bytes)
2026-06-13 15:42:46,794 - INFO - [107/220] 跳过已存在 - 601169/2023_1219583298.pdf
2026-06-13 15:42:46,794 - INFO - [108/220] 提取 PDF 链接 - 601169 北京银行
2026-06-13 15:42:46,944 - INFO - [108/220] 下载中 - http://static.cninfo.com.cn/finalpage/2025-04-15/1...
2026-06-13 15:42:47,177 - INFO - [108/220] 下载成功 - 601169/2024_1223096753.pdf (12096323 bytes)
2026-06-13 15:42:49,182 - INFO - [109/220] 跳过已存在 - 601169/2021_1214474230.pdf
2026-06-13 15:42:49,185 - INFO - [110/220] 提取 PDF 链接 - 601169 北京银行
2026-06-13 15:42:49,343 - INFO - [110/220] 下载中 - http://static.cninfo.com.cn/finalpage/2026-04-28/1...
2026-06-13 15:42:49,559 - INFO - [110/220] 下载成功 - 601169/2025_1225217665.pdf (12502589 bytes)
2026-06-13 15:42:51,563 - INFO - [111/220] 跳过已存在 - 601838/2021_1213177276.pdf
2026-06-13 15:42:51,564 - INFO - [112/220] 提取 PDF 链接 - 601838 成都银行
2026-06-13 15:42:51,693 - INFO - [112/220] 下载中 - http://static.cninfo.com.cn/finalpage/2023-04-26/1...
2026-06-13 15:42:52,266 - INFO - [112/220] 下载成功 - 601838/2022_1216595303.pdf (38590537 bytes)
2026-06-13 15:42:54,271 - INFO - [113/220] 跳过已存在 - 601838/2023_1219797258.pdf
2026-06-13 15:42:54,272 - INFO - [114/220] 提取 PDF 链接 - 601838 成都银行
2026-06-13 15:42:54,452 - INFO - [114/220] 下载中 - http://static.cninfo.com.cn/finalpage/2025-04-29/1...
2026-06-13 15:42:54,945 - INFO - [114/220] 下载成功 - 601838/2024_1223384751.pdf (31054278 bytes)
2026-06-13 15:42:56,946 - INFO - [115/220] 跳过已存在 - 601838/2025_1225154073.pdf
2026-06-13 15:42:56,947 - INFO - [116/220] 提取 PDF 链接 - 601963 重庆银行
2026-06-13 15:42:57,124 - INFO - [116/220] 下载中 - http://static.cninfo.com.cn/finalpage/2022-04-01/1...
2026-06-13 15:42:57,472 - INFO - [116/220] 下载成功 - 601963/2021_1212765374.pdf (13957130 bytes)
2026-06-13 15:42:59,474 - INFO - [117/220] 跳过已存在 - 601963/2022_1216273578.pdf
2026-06-13 15:42:59,476 - INFO - [118/220] 提取 PDF 链接 - 601963 重庆银行
2026-06-13 15:42:59,592 - INFO - [118/220] 下载中 - http://static.cninfo.com.cn/finalpage/2024-03-28/1...
2026-06-13 15:42:59,792 - INFO - [118/220] 下载成功 - 601963/2023_1219426937.pdf (6370610 bytes)
2026-06-13 15:43:01,795 - INFO - [119/220] 跳过已存在 - 601963/2024_1222868917.pdf
2026-06-13 15:43:01,795 - INFO - [120/220] 提取 PDF 链接 - 601963 重庆银行
2026-06-13 15:43:01,902 - INFO - [120/220] 下载中 - http://static.cninfo.com.cn/finalpage/2026-04-29/1...
2026-06-13 15:43:01,925 - INFO - [120/220] 下载成功 - 601963/2025_1225236611.pdf (260781 bytes)
2026-06-13 15:43:03,930 - INFO - [121/220] 跳过已存在 - 601665/2021_1213216183.pdf
2026-06-13 15:43:03,930 - INFO - [122/220] 提取 PDF 链接 - 601665 齐鲁银行
2026-06-13 15:43:04,073 - INFO - [122/220] 下载中 - http://static.cninfo.com.cn/finalpage/2023-04-28/1...
2026-06-13 15:43:04,732 - INFO - [122/220] 下载成功 - 601665/2022_1216664967.pdf (24239171 bytes)
2026-06-13 15:43:06,740 - INFO - [123/220] 跳过已存在 - 601665/2023_1219878175.pdf
2026-06-13 15:43:06,740 - INFO - [124/220] 提取 PDF 链接 - 601665 齐鲁银行
2026-06-13 15:43:06,873 - INFO - [124/220] 下载中 - http://static.cninfo.com.cn/finalpage/2025-04-26/1...
2026-06-13 15:43:07,144 - INFO - [124/220] 下载成功 - 601665/2024_1223315100.pdf (13996454 bytes)
2026-06-13 15:43:09,148 - INFO - [125/220] 跳过已存在 - 601665/2025_1225153202.pdf
2026-06-13 15:43:09,149 - INFO - [126/220] 提取 PDF 链接 - 601577 长沙银行
2026-06-13 15:43:09,262 - INFO - [126/220] 下载中 - http://static.cninfo.com.cn/finalpage/2022-04-29/1...
2026-06-13 15:43:09,613 - INFO - [126/220] 下载成功 - 601577/2021_1213225112.pdf (18708451 bytes)
2026-06-13 15:43:11,615 - INFO - [127/220] 跳过已存在 - 601577/2022_1216709524.pdf
2026-06-13 15:43:11,616 - INFO - [128/220] 提取 PDF 链接 - 601577 长沙银行
2026-06-13 15:43:11,753 - INFO - [128/220] 下载中 - http://static.cninfo.com.cn/finalpage/2024-04-27/1...
2026-06-13 15:43:12,042 - INFO - [128/220] 下载成功 - 601577/2023_1219878101.pdf (15391521 bytes)
2026-06-13 15:43:14,044 - INFO - [129/220] 跳过已存在 - 601577/2025_1225235579.pdf
2026-06-13 15:43:14,044 - INFO - [130/220] 提取 PDF 链接 - 601577 长沙银行
2026-06-13 15:43:14,173 - INFO - [130/220] 下载中 - http://static.cninfo.com.cn/finalpage/2026-04-29/1...
2026-06-13 15:43:15,105 - INFO - [130/220] 下载成功 - 601577/2025_1225235704.pdf (32013032 bytes)
2026-06-13 15:43:17,112 - INFO - [131/220] 跳过已存在 - 002966/2021_1212710659.pdf
2026-06-13 15:43:17,112 - INFO - [132/220] 提取 PDF 链接 - 002966 苏州银行
2026-06-13 15:43:17,253 - INFO - [132/220] 下载中 - http://static.cninfo.com.cn/finalpage/2023-04-25/1...
2026-06-13 15:43:17,445 - INFO - [132/220] 下载成功 - 002966/2022_1216563025.pdf (10960059 bytes)
2026-06-13 15:43:19,450 - INFO - [133/220] 跳过已存在 - 002966/2023_1219863836.pdf
2026-06-13 15:43:19,450 - INFO - [134/220] 提取 PDF 链接 - 002966 苏州银行
2026-06-13 15:43:19,576 - INFO - [134/220] 下载中 - http://static.cninfo.com.cn/finalpage/2025-04-29/1...
2026-06-13 15:43:20,122 - INFO - [134/220] 下载成功 - 002966/2024_1223374205.pdf (32188436 bytes)
2026-06-13 15:43:22,124 - INFO - [135/220] 提取 PDF 链接 - 002966 苏州银行
2026-06-13 15:43:22,232 - INFO - [135/220] 下载中 - http://static.cninfo.com.cn/finalpage/2026-04-29/1...
2026-06-13 15:43:22,543 - INFO - [135/220] 下载成功 - 002966/2025_1225240292.pdf (18514180 bytes)
2026-06-13 15:43:24,547 - INFO - [136/220] 跳过已存在 - 002948/2021_1212688376.pdf
2026-06-13 15:43:24,547 - INFO - [137/220] 提取 PDF 链接 - 002948 青岛银行
2026-06-13 15:43:24,673 - INFO - [137/220] 下载中 - http://static.cninfo.com.cn/finalpage/2023-04-01/1...
2026-06-13 15:43:25,095 - INFO - [137/220] 下载成功 - 002948/2022_1216303439.pdf (28151892 bytes)
2026-06-13 15:43:27,096 - INFO - [138/220] 跳过已存在 - 002948/2023_1219448240.pdf
2026-06-13 15:43:27,097 - INFO - [139/220] 提取 PDF 链接 - 002948 青岛银行
2026-06-13 15:43:27,214 - INFO - [139/220] 下载中 - http://static.cninfo.com.cn/finalpage/2025-03-27/1...
2026-06-13 15:43:27,548 - INFO - [139/220] 下载成功 - 002948/2024_1222910646.pdf (19588562 bytes)
2026-06-13 15:43:29,554 - INFO - [140/220] 跳过已存在 - 002948/2025_1225036797.pdf
2026-06-13 15:43:29,557 - INFO - [141/220] 提取 PDF 链接 - 601997 贵阳银行
2026-06-13 15:43:29,682 - INFO - [141/220] 下载中 - http://static.cninfo.com.cn/finalpage/2022-04-29/1...
2026-06-13 15:43:29,734 - INFO - [141/220] 下载成功 - 601997/2021_1213217274.pdf (1011904 bytes)
2026-06-13 15:43:31,740 - INFO - [142/220] 跳过已存在 - 601997/2022_1216707566.pdf
2026-06-13 15:43:31,740 - INFO - [143/220] 提取 PDF 链接 - 601997 贵阳银行
2026-06-13 15:43:31,832 - INFO - [143/220] 下载中 - http://static.cninfo.com.cn/finalpage/2024-04-27/1...
2026-06-13 15:43:31,875 - INFO - [143/220] 下载成功 - 601997/2023_1219878523.pdf (1772051 bytes)
2026-06-13 15:43:33,880 - INFO - [144/220] 跳过已存在 - 601997/2024_1223385084.pdf
2026-06-13 15:43:33,880 - INFO - [145/220] 提取 PDF 链接 - 601997 贵阳银行
2026-06-13 15:43:33,983 - INFO - [145/220] 下载中 - http://static.cninfo.com.cn/finalpage/2026-04-23/1...
2026-06-13 15:43:34,067 - INFO - [145/220] 下载成功 - 601997/2025_1225151048.pdf (1772540 bytes)
2026-06-13 15:43:36,068 - INFO - [146/220] 跳过已存在 - 601187/2021_1212729810.pdf
2026-06-13 15:43:36,071 - INFO - [147/220] 提取 PDF 链接 - 601187 厦门银行
2026-06-13 15:43:36,212 - INFO - [147/220] 下载中 - http://static.cninfo.com.cn/finalpage/2023-04-28/1...
2026-06-13 15:43:36,252 - INFO - [147/220] 下载成功 - 601187/2022_1216664721.pdf (1565121 bytes)
2026-06-13 15:43:38,257 - INFO - [148/220] 跳过已存在 - 601187/2023_1219916780.pdf
2026-06-13 15:43:38,258 - INFO - [149/220] 提取 PDF 链接 - 601187 厦门银行
2026-06-13 15:43:38,413 - INFO - [149/220] 下载中 - http://static.cninfo.com.cn/finalpage/2025-04-29/1...
2026-06-13 15:43:38,836 - INFO - [149/220] 下载成功 - 601187/2024_1223384649.pdf (26832268 bytes)
2026-06-13 15:43:40,842 - INFO - [150/220] 跳过已存在 - 601187/2025_1225266451.pdf
2026-06-13 15:43:40,843 - INFO - [151/220] 提取 PDF 链接 - 600928 西安银行
2026-06-13 15:43:40,962 - INFO - [151/220] 下载中 - http://static.cninfo.com.cn/finalpage/2022-04-29/1...
2026-06-13 15:43:41,193 - INFO - [151/220] 下载成功 - 600928/2021_1213224935.pdf (14062956 bytes)
2026-06-13 15:43:43,198 - INFO - [152/220] 跳过已存在 - 600928/2022_1216664125.pdf
2026-06-13 15:43:43,199 - INFO - [153/220] 提取 PDF 链接 - 600928 西安银行
2026-06-13 15:43:43,294 - INFO - [153/220] 下载中 - http://static.cninfo.com.cn/finalpage/2024-04-30/1...
2026-06-13 15:43:43,452 - INFO - [153/220] 下载成功 - 600928/2023_1219916502.pdf (9251402 bytes)
2026-06-13 15:43:45,457 - INFO - [154/220] 跳过已存在 - 600928/2024_1223421244.pdf
2026-06-13 15:43:45,458 - INFO - [155/220] 提取 PDF 链接 - 600928 西安银行
2026-06-13 15:43:45,562 - INFO - [155/220] 下载中 - http://static.cninfo.com.cn/finalpage/2026-04-23/1...
2026-06-13 15:43:45,952 - INFO - [155/220] 下载成功 - 600928/2025_1225151615.pdf (25853787 bytes)
2026-06-13 15:43:47,955 - INFO - [156/220] 跳过已存在 - 002936/2021_1212750891.pdf
2026-06-13 15:43:47,955 - INFO - [157/220] 提取 PDF 链接 - 002936 郑州银行
2026-06-13 15:43:48,102 - INFO - [157/220] 下载中 - http://static.cninfo.com.cn/finalpage/2023-03-31/1...
2026-06-13 15:43:48,404 - INFO - [157/220] 下载成功 - 002936/2022_1216278357.pdf (19845837 bytes)
2026-06-13 15:43:50,408 - INFO - [158/220] 跳过已存在 - 002936/2023_1219447779.pdf
2026-06-13 15:43:50,408 - INFO - [159/220] 提取 PDF 链接 - 002936 郑州银行
2026-06-13 15:43:50,532 - INFO - [159/220] 下载中 - http://static.cninfo.com.cn/finalpage/2025-03-28/1...
2026-06-13 15:43:50,857 - INFO - [159/220] 下载成功 - 002936/2024_1222927737.pdf (19785223 bytes)
2026-06-13 15:43:52,857 - INFO - [160/220] 跳过已存在 - 002936/2025_1225059575.pdf
2026-06-13 15:43:52,858 - INFO - [161/220] 提取 PDF 链接 - 001227 兰州银行
2026-06-13 15:43:53,003 - INFO - [161/220] 下载中 - http://static.cninfo.com.cn/finalpage/2022-04-28/1...
2026-06-13 15:43:53,297 - INFO - [161/220] 下载成功 - 001227/2021_1213176178.pdf (18075797 bytes)
2026-06-13 15:43:55,299 - INFO - [162/220] 跳过已存在 - 001227/2022_1216689014.pdf
2026-06-13 15:43:55,299 - INFO - [163/220] 提取 PDF 链接 - 001227 兰州银行
2026-06-13 15:43:55,393 - INFO - [163/220] 下载中 - http://static.cninfo.com.cn/finalpage/2024-04-27/1...
2026-06-13 15:43:55,554 - INFO - [163/220] 下载成功 - 001227/2023_1219866155.pdf (9696627 bytes)
2026-06-13 15:43:57,556 - INFO - [164/220] 跳过已存在 - 001227/2025_1225219135.pdf
2026-06-13 15:43:57,556 - INFO - [165/220] 提取 PDF 链接 - 601825 沪农商行
2026-06-13 15:43:57,693 - INFO - [165/220] 下载中 - http://static.cninfo.com.cn/finalpage/2022-04-30/1...
2026-06-13 15:43:57,847 - INFO - [165/220] 下载成功 - 601825/2021_1213270996.pdf (9505615 bytes)
2026-06-13 15:43:59,847 - INFO - [166/220] 跳过已存在 - 601825/2022_1216653502.pdf
2026-06-13 15:43:59,850 - INFO - [167/220] 提取 PDF 链接 - 601825 沪农商行
2026-06-13 15:44:00,032 - INFO - [167/220] 下载中 - http://static.cninfo.com.cn/finalpage/2024-04-26/1...
2026-06-13 15:44:00,377 - INFO - [167/220] 下载成功 - 601825/2023_1219834221.pdf (23281852 bytes)
2026-06-13 15:44:02,384 - INFO - [168/220] 跳过已存在 - 601825/2024_1223285575.pdf
2026-06-13 15:44:02,384 - INFO - [169/220] 提取 PDF 链接 - 601825 沪农商行
2026-06-13 15:44:02,494 - INFO - [169/220] 下载中 - http://static.cninfo.com.cn/finalpage/2026-04-23/1...
2026-06-13 15:44:02,535 - INFO - [169/220] 下载成功 - 601825/2025_1225150697.pdf (234462 bytes)
2026-06-13 15:44:04,540 - INFO - [170/220] 跳过已存在 - 601077/2021_1212749302.pdf
2026-06-13 15:44:04,542 - INFO - [171/220] 提取 PDF 链接 - 601077 渝农商行
2026-06-13 15:44:04,690 - INFO - [171/220] 下载中 - http://static.cninfo.com.cn/finalpage/2023-03-31/1...
2026-06-13 15:44:04,875 - INFO - [171/220] 下载成功 - 601077/2022_1216275742.pdf (3963500 bytes)
2026-06-13 15:44:06,876 - INFO - [172/220] 提取 PDF 链接 - 601077 渝农商行
2026-06-13 15:44:07,002 - INFO - [172/220] 下载中 - http://static.cninfo.com.cn/finalpage/2024-03-29/1...
2026-06-13 15:44:07,340 - INFO - [172/220] 下载成功 - 601077/2023_1219448302.pdf (15975439 bytes)
2026-06-13 15:44:09,344 - INFO - [173/220] 提取 PDF 链接 - 601077 渝农商行
2026-06-13 15:44:09,453 - INFO - [173/220] 下载中 - http://static.cninfo.com.cn/finalpage/2025-03-26/1...
2026-06-13 15:44:09,787 - INFO - [173/220] 下载成功 - 601077/2024_1222896101.pdf (19726176 bytes)
2026-06-13 15:44:11,793 - INFO - [174/220] 跳过已存在 - 601077/2025_1225032225.pdf
2026-06-13 15:44:11,794 - INFO - [175/220] 提取 PDF 链接 - 601128 常熟银行
2026-06-13 15:44:11,933 - INFO - [175/220] 下载中 - http://static.cninfo.com.cn/finalpage/2022-03-31/1...
2026-06-13 15:44:12,100 - INFO - [175/220] 下载成功 - 601128/2021_1212740956.pdf (9441081 bytes)
2026-06-13 15:44:14,106 - INFO - [176/220] 跳过已存在 - 601128/2022_1216200170.pdf
2026-06-13 15:44:14,106 - INFO - [177/220] 提取 PDF 链接 - 601128 常熟银行
2026-06-13 15:44:14,273 - INFO - [177/220] 下载中 - http://static.cninfo.com.cn/finalpage/2024-03-22/1...
2026-06-13 15:44:14,633 - INFO - [177/220] 下载成功 - 601128/2023_1219375028.pdf (10442658 bytes)
2026-06-13 15:44:16,636 - INFO - [178/220] 跳过已存在 - 601128/2025_1225168852.pdf
2026-06-13 15:44:16,636 - INFO - [179/220] 跳过已存在 - 601128/2024_1222926504.pdf
2026-06-13 15:44:16,636 - INFO - [180/220] 提取 PDF 链接 - 601128 常熟银行
2026-06-13 15:44:16,763 - INFO - [180/220] 下载中 - http://static.cninfo.com.cn/finalpage/2026-04-24/1...
2026-06-13 15:44:18,105 - INFO - [180/220] 下载成功 - 601128/2025_1225168991.pdf (52023547 bytes)
2026-06-13 15:44:20,107 - INFO - [181/220] 跳过已存在 - 002958/2021_1213207165.pdf
2026-06-13 15:44:20,109 - INFO - [182/220] 提取 PDF 链接 - 002958 青农商行
2026-06-13 15:44:20,243 - INFO - [182/220] 下载中 - http://static.cninfo.com.cn/finalpage/2023-04-29/1...
2026-06-13 15:44:20,526 - INFO - [182/220] 下载成功 - 002958/2022_1216700620.pdf (14232942 bytes)
2026-06-13 15:44:22,528 - INFO - [183/220] 跳过已存在 - 002958/2023_1219861227.pdf
2026-06-13 15:44:22,528 - INFO - [184/220] 提取 PDF 链接 - 002958 青农商行
2026-06-13 15:44:22,664 - INFO - [184/220] 下载中 - http://static.cninfo.com.cn/finalpage/2025-04-25/1...
2026-06-13 15:44:23,033 - INFO - [184/220] 下载成功 - 002958/2024_1223278998.pdf (19091711 bytes)
2026-06-13 15:44:25,038 - INFO - [185/220] 跳过已存在 - 002958/2025_1225245653.pdf
2026-06-13 15:44:25,039 - INFO - [186/220] 提取 PDF 链接 - 600908 无锡银行
2026-06-13 15:44:25,175 - INFO - [186/220] 下载中 - http://static.cninfo.com.cn/finalpage/2022-04-29/1...
2026-06-13 15:44:25,238 - INFO - [186/220] 下载成功 - 600908/2021_1213205947.pdf (777787 bytes)
2026-06-13 15:44:27,243 - INFO - [187/220] 提取 PDF 链接 - 600908 无锡银行
2026-06-13 15:44:27,373 - INFO - [187/220] 下载中 - http://static.cninfo.com.cn/finalpage/2023-03-30/1...
2026-06-13 15:44:27,404 - INFO - [187/220] 下载成功 - 600908/2022_1216255129.pdf (851758 bytes)
2026-06-13 15:44:29,409 - INFO - [188/220] 提取 PDF 链接 - 600908 无锡银行
2026-06-13 15:44:29,533 - INFO - [188/220] 下载中 - http://static.cninfo.com.cn/finalpage/2024-03-30/1...
2026-06-13 15:44:29,562 - INFO - [188/220] 下载成功 - 600908/2023_1219461792.pdf (512238 bytes)
2026-06-13 15:44:31,563 - INFO - [189/220] 提取 PDF 链接 - 600908 无锡银行
2026-06-13 15:44:31,684 - INFO - [189/220] 下载中 - http://static.cninfo.com.cn/finalpage/2025-03-29/1...
2026-06-13 15:44:31,731 - INFO - [189/220] 下载成功 - 600908/2024_1222945254.pdf (631995 bytes)
2026-06-13 15:44:33,737 - INFO - [190/220] 提取 PDF 链接 - 600908 无锡银行
2026-06-13 15:44:33,844 - INFO - [190/220] 下载中 - http://static.cninfo.com.cn/finalpage/2026-03-28/1...
2026-06-13 15:44:33,897 - INFO - [190/220] 下载成功 - 600908/2025_1225048035.pdf (687499 bytes)
2026-06-13 15:44:35,901 - INFO - [191/220] 提取 PDF 链接 - 002807 江阴银行
2026-06-13 15:44:36,024 - INFO - [191/220] 下载中 - http://static.cninfo.com.cn/finalpage/2022-03-30/1...
2026-06-13 15:44:36,412 - INFO - [191/220] 下载成功 - 002807/2021_1212725606.pdf (23563656 bytes)
2026-06-13 15:44:38,418 - INFO - [192/220] 提取 PDF 链接 - 002807 江阴银行
2026-06-13 15:44:38,553 - INFO - [192/220] 下载中 - http://static.cninfo.com.cn/finalpage/2023-03-28/1...
2026-06-13 15:44:39,046 - INFO - [192/220] 下载成功 - 002807/2022_1216234647.pdf (32014605 bytes)
2026-06-13 15:44:41,051 - INFO - [193/220] 提取 PDF 链接 - 002807 江阴银行
2026-06-13 15:44:41,173 - INFO - [193/220] 下载中 - http://static.cninfo.com.cn/finalpage/2025-03-29/1...
2026-06-13 15:44:41,396 - INFO - [193/220] 下载成功 - 002807/2024_1222944077.pdf (10301880 bytes)
2026-06-13 15:44:43,399 - INFO - [194/220] 跳过已存在 - 002807/2023_1219469611.pdf
2026-06-13 15:44:43,400 - INFO - [195/220] 提取 PDF 链接 - 002807 江阴银行
2026-06-13 15:44:43,503 - INFO - [195/220] 下载中 - http://static.cninfo.com.cn/finalpage/2026-04-29/1...
2026-06-13 15:44:43,838 - INFO - [195/220] 下载成功 - 002807/2025_1225234343.pdf (19055958 bytes)
2026-06-13 15:44:45,842 - INFO - [196/220] 跳过已存在 - 002839/2021_1212708642.pdf
2026-06-13 15:44:45,842 - INFO - [197/220] 提取 PDF 链接 - 002839 张家港行
2026-06-13 15:44:45,974 - INFO - [197/220] 下载中 - http://static.cninfo.com.cn/finalpage/2023-03-28/1...
2026-06-13 15:44:46,603 - INFO - [197/220] 下载成功 - 002839/2022_1216235254.pdf (34410409 bytes)
2026-06-13 15:44:48,605 - INFO - [198/220] 跳过已存在 - 002839/2023_1219911283.pdf
2026-06-13 15:44:48,605 - INFO - [199/220] 提取 PDF 链接 - 002839 张家港行
2026-06-13 15:44:48,725 - INFO - [199/220] 下载中 - http://static.cninfo.com.cn/finalpage/2025-03-29/1...
2026-06-13 15:44:49,383 - INFO - [199/220] 下载成功 - 002839/2024_1222945525.pdf (20319323 bytes)
2026-06-13 15:44:51,387 - INFO - [200/220] 提取 PDF 链接 - 002839 张家港行
2026-06-13 15:45:01,453 - ERROR - [200/220] 提取 PDF 链接失败 - 002839 张家港行: 请求 API 失败: 504 Server Error: Gateway Time-out for url: https://www.cninfo.com.cn/new/announcement/bulletin_detail
2026-06-13 15:45:03,458 - INFO - [201/220] 跳过已存在 - 603323/2021_1213171178.pdf
2026-06-13 15:45:03,458 - INFO - [202/220] 跳过已存在 - 603323/2022_1216666428.pdf
2026-06-13 15:45:03,459 - INFO - [203/220] 跳过已存在 - 603323/2023_1219879841.pdf
2026-06-13 15:45:03,459 - INFO - [204/220] 跳过已存在 - 603323/2024_1223422528.pdf
2026-06-13 15:45:03,459 - INFO - [205/220] 提取 PDF 链接 - 603323 苏农银行
2026-06-13 15:45:03,564 - INFO - [205/220] 下载中 - http://static.cninfo.com.cn/finalpage/2026-04-30/1...
2026-06-13 15:45:04,164 - INFO - [205/220] 下载成功 - 603323/2025_1225266561.pdf (32131474 bytes)
2026-06-13 15:45:06,167 - INFO - [206/220] 跳过已存在 - 601528/2021_1212753520.pdf
2026-06-13 15:45:06,167 - INFO - [207/220] 提取 PDF 链接 - 601528 瑞丰银行
2026-06-13 15:45:06,294 - INFO - [207/220] 下载中 - http://static.cninfo.com.cn/finalpage/2023-03-29/1...
2026-06-13 15:45:06,933 - INFO - [207/220] 下载成功 - 601528/2022_1216242333.pdf (40099289 bytes)
2026-06-13 15:45:08,936 - INFO - [208/220] 跳过已存在 - 601528/2023_1219426931.pdf
2026-06-13 15:45:08,936 - INFO - [209/220] 提取 PDF 链接 - 601528 瑞丰银行
2026-06-13 15:45:09,061 - INFO - [209/220] 下载中 - http://static.cninfo.com.cn/finalpage/2025-03-28/1...
2026-06-13 15:45:09,747 - INFO - [209/220] 下载成功 - 601528/2024_1222926516.pdf (41435192 bytes)
2026-06-13 15:45:11,752 - INFO - [210/220] 跳过已存在 - 601528/2025_1225036741.pdf
2026-06-13 15:45:11,753 - INFO - [211/220] 提取 PDF 链接 - 601860 紫金银行
2026-06-13 15:45:11,873 - INFO - [211/220] 下载中 - http://static.cninfo.com.cn/finalpage/2023-04-29/1...
2026-06-13 15:45:12,096 - INFO - [211/220] 下载成功 - 601860/2022_1216707444.pdf (7672773 bytes)
2026-06-13 15:45:14,098 - INFO - [212/220] 提取 PDF 链接 - 601860 紫金银行
2026-06-13 15:45:14,233 - INFO - [212/220] 下载中 - http://static.cninfo.com.cn/finalpage/2024-04-26/1...
2026-06-13 15:45:14,443 - INFO - [212/220] 下载成功 - 601860/2023_1219834248.pdf (11815817 bytes)
2026-06-13 15:45:16,444 - INFO - [213/220] 跳过已存在 - 601860/2024_1223278031.pdf
2026-06-13 15:45:16,445 - INFO - [214/220] 提取 PDF 链接 - 601860 紫金银行
2026-06-13 15:45:16,533 - INFO - [214/220] 下载中 - http://static.cninfo.com.cn/finalpage/2026-04-24/1...
2026-06-13 15:45:16,783 - INFO - [214/220] 下载成功 - 601860/2025_1225169548.pdf (14605126 bytes)
2026-06-13 15:45:18,789 - INFO - [215/220] 提取 PDF 链接 - 601009 南京银行
2026-06-13 15:45:18,923 - ERROR - [215/220] 提取 PDF 链接失败 - 601009 南京银行: 请求 API 失败: Expecting value: line 1 column 1 (char 0)
2026-06-13 15:45:20,926 - INFO - [216/220] 跳过已存在 - 601009/2022_1216706740.pdf
2026-06-13 15:45:20,926 - INFO - [217/220] 提取 PDF 链接 - 601009 南京银行
2026-06-13 15:45:21,298 - INFO - [217/220] 下载中 - http://static.cninfo.com.cn/finalpage/2024-04-27/1...
2026-06-13 15:45:22,534 - INFO - [217/220] 下载成功 - 601009/2023_1219877711.pdf (28326634 bytes)
2026-06-13 15:45:24,535 - INFO - [218/220] 提取 PDF 链接 - 001227 兰州银行
2026-06-13 15:45:24,676 - INFO - [218/220] 下载中 - http://static.cninfo.com.cn/finalpage/2025-04-28/1...
2026-06-13 15:45:25,342 - INFO - [218/220] 下载成功 - 001227/2024_1223317301.pdf (19425791 bytes)
2026-06-13 15:45:27,348 - INFO - [219/220] 跳过已存在 - 601577/2024_1223314435.pdf
2026-06-13 15:45:27,348 - INFO - [220/220] 提取 PDF 链接 - 601860 紫金银行
2026-06-13 15:45:27,581 - INFO - [220/220] 下载中 - http://static.cninfo.com.cn/finalpage/2022-04-30/1...
2026-06-13 15:45:27,784 - INFO - [220/220] 下载成功 - 601860/2021_1213271026.pdf (4034340 bytes)
2026-06-13 15:45:27,785 - INFO - 已保存 2 条失败记录到 outputs/logs/failed_downloads.csv
2026-06-13 15:45:27,785 - INFO - ==================================================
2026-06-13 15:45:27,785 - INFO - 下载完成
2026-06-13 15:45:27,785 - INFO - 总数: 220
2026-06-13 15:45:27,785 - INFO - 成功: 135
2026-06-13 15:45:27,785 - INFO - 跳过(已存在): 83
2026-06-13 15:45:27,785 - INFO - 失败: 2
2026-06-13 15:45:27,785 - INFO - ==================================================
已加载 5 个 Cookie
