2026-06-13 14:12:23,866 - INFO - 加载 metadata 文件: data/metadata/metadata.csv
2026-06-13 14:12:23,867 - INFO - 共找到 255 条记录
2026-06-13 14:12:23,868 - INFO - 开始下载 PDF 文件...
2026-06-13 14:12:23,868 - INFO - [1/255] 提取 PDF 链接 - 601398 工商银行
2026-06-13 14:12:34,023 - ERROR - [1/255] 提取 PDF 链接失败 - 601398 工商银行: 请求 API 失败: 504 Server Error: Gateway Time-out for url: https://www.cninfo.com.cn/new/announcement/bulletin_detail
2026-06-13 14:12:35,029 - INFO - [2/255] 提取 PDF 链接 - 601398 工商银行
2026-06-13 14:12:45,132 - ERROR - [2/255] 提取 PDF 链接失败 - 601398 工商银行: 请求 API 失败: 504 Server Error: Gateway Time-out for url: https://www.cninfo.com.cn/new/announcement/bulletin_detail
2026-06-13 14:12:46,140 - INFO - [3/255] 提取 PDF 链接 - 601398 工商银行
2026-06-13 14:12:46,266 - INFO - [3/255] 下载中 - http://static.cninfo.com.cn/finalpage/2024-03-28/1...
2026-06-13 14:12:46,646 - INFO - [3/255] 下载成功 - 601398_2024-03-28_55046472.pdf (5173281 bytes)
2026-06-13 14:12:47,647 - INFO - [4/255] 提取 PDF 链接 - 601398 工商银行
2026-06-13 14:12:47,794 - INFO - [4/255] 下载中 - http://static.cninfo.com.cn/finalpage/2022-03-31/1...
2026-06-13 14:12:47,943 - INFO - [4/255] 下载成功 - 601398_2022-03-31_86411905.pdf (5696350 bytes)
2026-06-13 14:12:48,947 - INFO - [5/255] 提取 PDF 链接 - 601398 工商银行
2026-06-13 14:12:49,213 - INFO - [5/255] 下载中 - http://static.cninfo.com.cn/finalpage/2023-03-31/1...
2026-06-13 14:12:49,461 - INFO - [5/255] 下载成功 - 601398_2023-03-31_73366081.pdf (5700887 bytes)
2026-06-13 14:12:50,463 - INFO - [6/255] 提取 PDF 链接 - 601398 工商银行
2026-06-13 14:12:50,643 - INFO - [6/255] 下载中 - http://static.cninfo.com.cn/finalpage/2024-03-28/1...
2026-06-13 14:12:50,998 - INFO - [6/255] 下载成功 - 601398_2024-03-28_46297862.pdf (5173281 bytes)
2026-06-13 14:12:52,003 - INFO - [7/255] 提取 PDF 链接 - 601398 工商银行
2026-06-13 14:12:52,112 - INFO - [7/255] 下载中 - http://static.cninfo.com.cn/finalpage/2025-03-29/1...
2026-06-13 14:12:52,510 - INFO - [7/255] 下载成功 - 601398_2025-03-29_10732493.pdf (13048446 bytes)
2026-06-13 14:12:53,514 - INFO - [8/255] 提取 PDF 链接 - 601398 工商银行
2026-06-13 14:12:53,713 - INFO - [8/255] 下载中 - http://static.cninfo.com.cn/finalpage/2026-03-28/1...
2026-06-13 14:12:54,048 - INFO - [8/255] 下载成功 - 601398_2026-03-28_48786588.pdf (7308585 bytes)
2026-06-13 14:12:55,053 - INFO - [9/255] 提取 PDF 链接 - 601939 建设银行
2026-06-13 14:12:55,174 - INFO - [9/255] 下载中 - http://static.cninfo.com.cn/finalpage/2022-03-30/1...
2026-06-13 14:12:55,301 - INFO - [9/255] 下载成功 - 601939_2022-03-30_17774244.pdf (5522723 bytes)
2026-06-13 14:12:56,302 - INFO - [10/255] 提取 PDF 链接 - 601939 建设银行
2026-06-13 14:12:56,403 - INFO - [10/255] 下载中 - http://static.cninfo.com.cn/finalpage/2023-03-30/1...
2026-06-13 14:12:56,582 - INFO - [10/255] 下载成功 - 601939_2023-03-30_10985821.pdf (3932584 bytes)
2026-06-13 14:12:57,586 - INFO - [11/255] 提取 PDF 链接 - 601939 建设银行
2026-06-13 14:12:57,713 - INFO - [11/255] 下载中 - http://static.cninfo.com.cn/finalpage/2024-03-29/1...
2026-06-13 14:12:57,863 - INFO - [11/255] 下载成功 - 601939_2024-03-29_10750548.pdf (4541079 bytes)
2026-06-13 14:12:58,869 - INFO - [12/255] 提取 PDF 链接 - 601939 建设银行
2026-06-13 14:12:59,004 - INFO - [12/255] 下载中 - http://static.cninfo.com.cn/finalpage/2025-03-29/1...
2026-06-13 14:12:59,420 - INFO - [12/255] 下载成功 - 601939_2025-03-29_86078690.pdf (7245871 bytes)
2026-06-13 14:13:00,425 - INFO - [13/255] 提取 PDF 链接 - 601939 建设银行
2026-06-13 14:13:00,524 - INFO - [13/255] 下载中 - http://static.cninfo.com.cn/finalpage/2026-03-28/1...
2026-06-13 14:13:00,574 - INFO - [13/255] 下载成功 - 601939_2026-03-28_28135276.pdf (231263 bytes)
2026-06-13 14:13:01,578 - INFO - [14/255] 提取 PDF 链接 - 601288 农业银行
2026-06-13 14:13:01,723 - INFO - [14/255] 下载中 - http://static.cninfo.com.cn/finalpage/2022-03-31/1...
2026-06-13 14:13:02,170 - INFO - [14/255] 下载成功 - 601288_2022-03-31_21105612.pdf (8817885 bytes)
2026-06-13 14:13:03,176 - INFO - [15/255] 提取 PDF 链接 - 601288 农业银行
2026-06-13 14:13:03,684 - INFO - [15/255] 下载中 - http://static.cninfo.com.cn/finalpage/2023-03-31/1...
2026-06-13 14:13:04,583 - INFO - [15/255] 下载成功 - 601288_2023-03-31_63256075.pdf (9426569 bytes)
2026-06-13 14:13:05,588 - INFO - [16/255] 提取 PDF 链接 - 601288 农业银行
2026-06-13 14:13:05,724 - INFO - [16/255] 下载中 - http://static.cninfo.com.cn/finalpage/2024-03-29/1...
2026-06-13 14:13:06,184 - INFO - [16/255] 下载成功 - 601288_2024-03-29_21929633.pdf (10367535 bytes)
2026-06-13 14:13:07,187 - INFO - [17/255] 提取 PDF 链接 - 601288 农业银行
2026-06-13 14:13:07,283 - INFO - [17/255] 下载中 - http://static.cninfo.com.cn/finalpage/2025-03-29/1...
2026-06-13 14:13:07,415 - INFO - [17/255] 下载成功 - 601288_2025-03-29_45937628.pdf (4451930 bytes)
2026-06-13 14:13:08,420 - INFO - [18/255] 提取 PDF 链接 - 601288 农业银行
2026-06-13 14:13:08,613 - INFO - [18/255] 下载中 - http://static.cninfo.com.cn/finalpage/2026-03-31/1...
2026-06-13 14:13:08,975 - INFO - [18/255] 下载成功 - 601288_2026-03-31_79281285.pdf (7646116 bytes)
2026-06-13 14:13:09,980 - INFO - [19/255] 提取 PDF 链接 - 601988 中国银行
2026-06-13 14:13:10,102 - INFO - [19/255] 下载中 - http://static.cninfo.com.cn/finalpage/2022-03-30/1...
