2026-06-11 19:12:27,915 - INFO - 加载配置文件: configs/crawl.yaml
2026-06-11 19:12:27,916 - INFO - 开始搜索公告，关键词: ['ESG报告', '可持续发展报告', '社会责任报告']
2026-06-11 19:12:27,916 - INFO - 搜索关键词: ESG报告
2026-06-11 19:12:28,033 - INFO - 关键词 ESG报告 第 1 页无数据
2026-06-11 19:12:28,033 - INFO - 搜索关键词: 可持续发展报告
2026-06-11 19:12:28,174 - INFO - 关键词 可持续发展报告 第 1 页无数据
2026-06-11 19:12:28,174 - INFO - 搜索关键词: 社会责任报告
2026-06-11 19:12:28,289 - INFO - 关键词 社会责任报告 第 1 页无数据
2026-06-11 19:12:28,290 - INFO - 共保存 0 条记录到 /Users/zhujie/大三下/数据挖掘与机器学习/poject_B/data/metadata/metadata.csv
2026-06-11 19:12:28,290 - INFO - 搜索完成
2026-06-11 19:12:54,644 - INFO - 加载配置文件: configs/crawl.yaml
2026-06-11 19:12:54,646 - INFO - 开始搜索公告，关键词: ['ESG报告', '可持续发展报告', '社会责任报告']
2026-06-11 19:12:54,646 - INFO - 搜索关键词: ESG报告
2026-06-11 19:12:56,565 - INFO - 关键词 ESG报告 第 1 页无数据
2026-06-11 19:12:56,565 - INFO - 搜索关键词: 可持续发展报告
2026-06-11 19:12:56,712 - INFO - 关键词 可持续发展报告 第 1 页无数据
2026-06-11 19:12:56,712 - INFO - 搜索关键词: 社会责任报告
2026-06-11 19:12:56,845 - INFO - 关键词 社会责任报告 第 1 页无数据
2026-06-11 19:12:56,846 - INFO - 共保存 0 条记录到 /Users/zhujie/大三下/数据挖掘与机器学习/poject_B/data/metadata/metadata.csv
2026-06-11 19:12:56,846 - INFO - 搜索完成
2026-06-11 19:19:44,844 - INFO - 加载配置文件: configs/crawl.yaml
2026-06-11 19:19:44,846 - INFO - 开始搜索公告，关键词: ['ESG报告', '可持续发展报告', '社会责任报告']
2026-06-11 19:19:44,846 - INFO - 数据来源: 巨潮资讯（通过 tushare 获取）
2026-06-11 19:19:45,427 - ERROR - Tushare API 调用失败: [Errno 1] Operation not permitted: '/Users/zhujie/tk.csv'
2026-06-11 19:19:45,428 - INFO - 共保存 1 条记录到 /Users/zhujie/大三下/数据挖掘与机器学习/poject_B/data/metadata/metadata.csv
2026-06-11 19:19:45,428 - INFO - 搜索完成
2026-06-11 19:20:23,969 - INFO - 加载配置文件: configs/crawl.yaml
2026-06-11 19:20:23,970 - INFO - 开始搜索公告，关键词: ['ESG报告', '可持续发展报告', '社会责任报告']
2026-06-11 19:20:23,970 - INFO - 数据来源: 巨潮资讯（通过 tushare 获取）
2026-06-11 19:20:24,556 - INFO - Tushare 连接成功
2026-06-11 19:20:24,556 - INFO - 搜索关键词: ESG报告
2026-06-11 19:20:24,656 - ERROR - Tushare API 调用失败: 请指定正确的接口名
2026-06-11 19:20:24,657 - INFO - 共保存 1 条记录到 /Users/zhujie/大三下/数据挖掘与机器学习/poject_B/data/metadata/metadata.csv
2026-06-11 19:20:24,657 - INFO - 搜索完成
2026-06-11 19:21:13,533 - INFO - 加载配置文件: configs/crawl.yaml
2026-06-11 19:21:13,534 - INFO - 开始搜索公告，关键词: ['ESG报告', '可持续发展报告', '社会责任报告']
2026-06-11 19:21:13,535 - INFO - 数据来源: 巨潮资讯（通过 tushare 获取）
2026-06-11 19:21:14,057 - ERROR - Tushare API 调用失败: [Errno 1] Operation not permitted: '/Users/zhujie/tk.csv'
2026-06-11 19:21:14,057 - INFO - 共保存 1 条记录到 /Users/zhujie/大三下/数据挖掘与机器学习/poject_B/data/metadata/metadata.csv
2026-06-11 19:21:14,057 - INFO - 搜索完成
2026-06-11 19:21:20,042 - INFO - 加载配置文件: configs/crawl.yaml
2026-06-11 19:21:20,044 - INFO - 开始搜索公告，关键词: ['ESG报告', '可持续发展报告', '社会责任报告']
2026-06-11 19:21:20,044 - INFO - 数据来源: 巨潮资讯（通过 tushare 获取）
2026-06-11 19:21:20,489 - INFO - Tushare 连接成功
2026-06-11 19:21:20,573 - ERROR - Tushare API 调用失败: 请指定正确的接口名
2026-06-11 19:21:20,574 - INFO - 共保存 1 条记录到 /Users/zhujie/大三下/数据挖掘与机器学习/poject_B/data/metadata/metadata.csv
2026-06-11 19:21:20,574 - INFO - 搜索完成
2026-06-11 19:29:00,505 - INFO - 加载配置文件: configs/crawl.yaml
2026-06-11 19:29:00,507 - INFO - 开始搜索公告，关键词: ['ESG报告', '可持续发展报告', '社会责任报告']
2026-06-11 19:29:00,507 - INFO - 数据来源: 巨潮资讯（通过 tushare 获取）
2026-06-11 19:29:01,003 - INFO - Tushare 连接成功
2026-06-11 19:29:01,090 - ERROR - Tushare API 调用失败: 请指定正确的接口名
2026-06-11 19:29:01,093 - INFO - 共保存 1 条记录到 /Users/zhujie/大三下/数据挖掘与机器学习/poject_B/data/metadata/metadata.csv
2026-06-11 19:29:01,093 - INFO - 搜索完成
2026-06-11 19:29:09,757 - INFO - 加载配置文件: configs/crawl.yaml
2026-06-11 19:29:09,758 - INFO - 开始搜索公告，关键词: ['ESG报告', '可持续发展报告', '社会责任报告']
2026-06-11 19:29:09,758 - INFO - 数据来源: 巨潮资讯（通过 tushare 获取）
2026-06-11 19:29:10,195 - INFO - Tushare 连接成功
2026-06-11 19:29:10,267 - ERROR - Tushare API 调用失败: 请指定正确的接口名
2026-06-11 19:29:10,268 - INFO - 共保存 1 条记录到 /Users/zhujie/大三下/数据挖掘与机器学习/poject_B/data/metadata/metadata.csv
2026-06-11 19:29:10,268 - INFO - 搜索完成
2026-06-11 19:32:38,928 - INFO - 加载配置文件: configs/crawl.yaml
2026-06-11 19:32:38,929 - INFO - 开始搜索公告，关键词: ['ESG报告', '可持续发展报告', '社会责任报告']
2026-06-11 19:32:38,929 - INFO - 数据来源: 巨潮资讯（通过 tushare 获取）
2026-06-11 19:32:39,370 - INFO - Tushare 连接成功
2026-06-11 19:32:39,370 - ERROR - Tushare API 调用失败: 'NoneType' object has no attribute 'empty'
2026-06-11 19:32:39,370 - INFO - 共保存 1 条记录到 /Users/zhujie/大三下/数据挖掘与机器学习/poject_B/data/metadata/metadata.csv
2026-06-11 19:32:39,370 - INFO - 搜索完成
2026-06-11 20:50:13,381 - INFO - 加载配置文件: configs/crawl.yaml
2026-06-11 20:50:13,382 - INFO - 开始搜索公告，关键词: ['ESG报告', '可持续发展报告', '社会责任报告']
2026-06-11 20:50:13,385 - INFO - Tushare 初始化成功
2026-06-11 20:50:13,385 - INFO - 搜索关键词: ESG报告
2026-06-11 20:50:13,482 - ERROR - 获取 SZSE 市场数据失败: 请指定正确的接口名
2026-06-11 20:50:13,563 - ERROR - 获取 SSE 市场数据失败: 请指定正确的接口名
2026-06-11 20:50:13,563 - INFO - 搜索关键词: 可持续发展报告
2026-06-11 20:50:13,643 - ERROR - 获取 SZSE 市场数据失败: 请指定正确的接口名
2026-06-11 20:50:13,723 - ERROR - 获取 SSE 市场数据失败: 请指定正确的接口名
2026-06-11 20:50:13,723 - INFO - 搜索关键词: 社会责任报告
2026-06-11 20:50:13,813 - ERROR - 获取 SZSE 市场数据失败: 请指定正确的接口名
2026-06-11 20:50:13,962 - ERROR - 获取 SSE 市场数据失败: 请指定正确的接口名
2026-06-11 20:50:13,963 - INFO - 共保存 6 条记录到 /Users/zhujie/大三下/数据挖掘与机器学习/poject_B/data/metadata/metadata.csv
2026-06-11 20:50:13,963 - INFO - 搜索完成
2026-06-11 21:04:02,701 - INFO - 加载配置文件: configs/crawl.yaml
2026-06-11 21:04:02,702 - INFO - 开始搜索公告，关键词: ['ESG报告', '可持续发展报告', '社会责任报告']
2026-06-11 21:04:02,703 - INFO - Tushare 初始化成功
2026-06-11 21:04:02,704 - INFO - 搜索关键词: ESG报告
2026-06-11 21:04:03,117 - INFO - 关键词 'ESG报告' 在 SZSE 市场无数据或接口不可用
2026-06-11 21:04:03,505 - INFO - 关键词 'ESG报告' 在 SSE 市场无数据或接口不可用
2026-06-11 21:04:03,505 - INFO - 搜索关键词: 可持续发展报告
2026-06-11 21:04:03,878 - INFO - 关键词 '可持续发展报告' 在 SZSE 市场无数据或接口不可用
2026-06-11 21:04:04,217 - INFO - 关键词 '可持续发展报告' 在 SSE 市场无数据或接口不可用
2026-06-11 21:04:04,217 - INFO - 搜索关键词: 社会责任报告
2026-06-11 21:04:04,607 - INFO - 关键词 '社会责任报告' 在 SZSE 市场无数据或接口不可用
2026-06-11 21:04:04,997 - INFO - 关键词 '社会责任报告' 在 SSE 市场无数据或接口不可用
2026-06-11 21:04:04,998 - INFO - 共保存 0 条记录到 /Users/zhujie/大三下/数据挖掘与机器学习/poject_B/data/metadata/metadata.csv
2026-06-11 21:04:04,998 - INFO - 搜索完成
2026-06-11 21:05:20,485 - INFO - 加载配置文件: configs/crawl.yaml
2026-06-11 21:05:20,485 - INFO - 开始搜索公告，关键词: ['ESG报告', '可持续发展报告', '社会责任报告']
2026-06-11 21:05:20,487 - INFO - Tushare 初始化成功
2026-06-11 21:05:20,487 - INFO - 搜索关键词: ESG报告
2026-06-11 21:05:20,647 - INFO - 关键词 'ESG报告' 在 SZSE 市场无数据
2026-06-11 21:05:20,808 - INFO - 关键词 'ESG报告' 在 SSE 市场无数据
2026-06-11 21:05:20,808 - INFO - 搜索关键词: 可持续发展报告
2026-06-11 21:05:21,028 - INFO - 关键词 '可持续发展报告' 在 SZSE 市场无数据
2026-06-11 21:05:21,198 - INFO - 关键词 '可持续发展报告' 在 SSE 市场无数据
2026-06-11 21:05:21,198 - INFO - 搜索关键词: 社会责任报告
2026-06-11 21:05:21,358 - INFO - 关键词 '社会责任报告' 在 SZSE 市场无数据
2026-06-11 21:05:21,597 - INFO - 关键词 '社会责任报告' 在 SSE 市场无数据
2026-06-11 21:05:21,597 - WARNING - Tushare公告接口不可用，生成模拟数据用于测试
2026-06-11 21:05:21,597 - INFO - Tushare接口不可用，生成模拟数据
2026-06-11 21:05:21,601 - INFO - 共保存 15 条记录到 /Users/zhujie/大三下/数据挖掘与机器学习/poject_B/data/metadata/metadata.csv
2026-06-11 21:05:21,601 - INFO - 搜索完成
2026-06-11 21:09:24,781 - INFO - 加载配置文件: configs/crawl.yaml
2026-06-11 21:09:24,782 - INFO - 开始搜索公告，关键词: ['ESG报告', '可持续发展报告', '社会责任报告']
2026-06-11 21:09:24,782 - INFO - 搜索关键词: ESG报告
2026-06-11 21:09:28,533 - INFO - 找到 716 条记录
2026-06-11 21:09:28,544 - INFO - 已达到最大记录数 500
2026-06-11 21:09:28,546 - INFO - 共保存 500 条记录到 /Users/zhujie/大三下/数据挖掘与机器学习/poject_B/data/metadata/metadata.csv
2026-06-11 21:09:28,546 - INFO - 搜索完成
2026-06-11 21:09:58,837 - INFO - 加载配置文件: configs/crawl.yaml
2026-06-11 21:09:58,838 - INFO - 开始搜索公告，关键词: ['ESG报告', '可持续发展报告', '社会责任报告']
2026-06-11 21:09:58,838 - INFO - 搜索关键词: ESG报告
2026-06-11 21:10:03,219 - INFO - 找到 716 条记录
2026-06-11 21:10:03,235 - INFO - 已达到最大记录数 500
2026-06-11 21:10:03,237 - INFO - 共保存 500 条记录到 /Users/zhujie/大三下/数据挖掘与机器学习/poject_B/data/metadata/metadata.csv
2026-06-11 21:10:03,237 - INFO - 搜索完成
2026-06-11 21:29:51,525 - INFO - 加载配置文件: configs/crawl.yaml
2026-06-11 21:29:51,525 - INFO - 开始搜索公告，关键词: ['ESG报告', '可持续发展报告', '社会责任报告']
2026-06-11 21:29:51,525 - INFO - 搜索关键词: ESG报告
2026-06-11 21:29:56,323 - INFO - 找到 716 条记录
2026-06-11 21:29:56,335 - INFO - 已达到最大记录数 500
2026-06-11 21:29:56,337 - INFO - 共保存 500 条记录到 /Users/zhujie/大三下/数据挖掘与机器学习/poject_B/data/metadata/metadata.csv
2026-06-11 21:29:56,337 - INFO - 搜索完成
2026-06-11 21:30:37,316 - INFO - 加载配置文件: configs/crawl.yaml
2026-06-11 21:30:37,317 - INFO - 开始搜索公告，关键词: ['ESG报告', '可持续发展报告', '社会责任报告']
2026-06-11 21:30:37,317 - INFO - 搜索关键词: ESG报告
2026-06-11 21:30:47,823 - INFO - 找到 716 条记录
2026-06-11 21:30:47,836 - INFO - 已达到最大记录数 500
2026-06-11 21:30:47,839 - INFO - 共保存 500 条记录到 /Users/zhujie/大三下/数据挖掘与机器学习/poject_B/data/metadata/metadata.csv
2026-06-11 21:30:47,839 - INFO - 搜索完成
2026-06-11 21:35:03,536 - INFO - 加载配置文件: configs/crawl.yaml
2026-06-11 21:35:03,537 - INFO - 开始搜索公告，关键词: ['ESG报告', '可持续发展报告', '社会责任报告']
2026-06-11 21:35:03,537 - INFO - 仅筛选银行业股票
2026-06-11 21:35:03,537 - INFO - 使用预定义的银行业股票列表
2026-06-11 21:35:03,537 - INFO - 搜索关键词: ESG报告
2026-06-11 21:35:08,094 - INFO - 找到 716 条记录
2026-06-11 21:35:08,095 - INFO - 筛选银行股后剩余 18 条记录
2026-06-11 21:35:13,462 - INFO - 找到 716 条记录
2026-06-11 21:35:13,464 - INFO - 筛选银行股后剩余 18 条记录
2026-06-11 21:35:14,970 - INFO - 搜索关键词: 可持续发展报告
2026-06-11 21:35:24,082 - INFO - 找到 162 条记录
2026-06-11 21:35:24,082 - INFO - 筛选银行股后剩余 6 条记录
2026-06-11 21:35:26,593 - INFO - 找到 162 条记录
2026-06-11 21:35:26,593 - INFO - 筛选银行股后剩余 6 条记录
2026-06-11 21:35:28,097 - INFO - 搜索关键词: 社会责任报告
2026-06-11 21:35:45,315 - INFO - 找到 2555 条记录
2026-06-11 21:35:45,320 - INFO - 筛选银行股后剩余 56 条记录
2026-06-11 21:36:00,792 - INFO - 找到 2555 条记录
2026-06-11 21:36:00,796 - INFO - 筛选银行股后剩余 55 条记录
2026-06-11 21:36:02,308 - INFO - 共保存 159 条记录到 /Users/zhujie/大三下/数据挖掘与机器学习/poject_B/data/metadata/metadata.csv
2026-06-11 21:36:02,309 - INFO - 搜索完成
2026-06-11 21:37:54,050 - INFO - 加载配置文件: configs/crawl.yaml
2026-06-11 21:37:54,051 - INFO - 开始搜索公告，关键词: ['ESG报告', '可持续发展报告', '社会责任报告']
2026-06-11 21:37:54,051 - INFO - 搜索关键词: ESG报告
2026-06-11 21:37:59,044 - INFO - 找到 716 条记录
2026-06-11 21:37:59,056 - INFO - 已达到最大记录数 500
2026-06-11 21:37:59,059 - INFO - 共保存 500 条记录到 /Users/zhujie/大三下/数据挖掘与机器学习/poject_B/data/metadata/metadata.csv
2026-06-11 21:37:59,059 - INFO - 搜索完成
2026-06-11 21:38:57,730 - INFO - 加载配置文件: configs/crawl.yaml
2026-06-11 21:38:57,731 - INFO - 开始搜索公告，关键词: ['ESG报告', '可持续发展报告', '社会责任报告']
2026-06-11 21:38:57,731 - INFO - 仅筛选银行业股票
2026-06-11 21:38:57,731 - INFO - 使用预定义的银行业股票列表
2026-06-11 21:38:57,731 - INFO - 搜索关键词: ESG报告
2026-06-11 21:39:02,583 - INFO - 找到 716 条记录
2026-06-11 21:39:02,583 - INFO - 筛选银行股后剩余 18 条记录
2026-06-11 21:39:08,318 - INFO - 找到 716 条记录
2026-06-11 21:39:08,319 - INFO - 筛选银行股后剩余 18 条记录
2026-06-11 21:39:09,823 - INFO - 搜索关键词: 可持续发展报告
2026-06-11 21:39:10,971 - INFO - 找到 162 条记录
2026-06-11 21:39:10,971 - INFO - 筛选银行股后剩余 6 条记录
2026-06-11 21:39:13,552 - INFO - 找到 162 条记录
2026-06-11 21:39:13,553 - INFO - 筛选银行股后剩余 6 条记录
2026-06-11 21:39:15,055 - INFO - 搜索关键词: 社会责任报告
2026-06-11 21:39:27,993 - INFO - 找到 2554 条记录
2026-06-11 21:39:27,996 - INFO - 筛选银行股后剩余 55 条记录
2026-06-11 21:40:00,989 - ERROR - 获取 沪深京 市场数据失败: Expecting value: line 1 column 1 (char 0)
2026-06-11 21:40:00,994 - INFO - 共保存 104 条记录到 /Users/zhujie/大三下/数据挖掘与机器学习/poject_B/data/metadata/metadata.csv
2026-06-11 21:40:00,994 - INFO - 搜索完成
2026-06-11 22:19:33,706 - INFO - 加载配置文件: configs/crawl.yaml
2026-06-11 22:19:33,707 - INFO - 开始搜索公告，关键词: ['ESG报告', '可持续发展报告', '社会责任报告']
2026-06-11 22:19:33,707 - INFO - 搜索关键词: ESG报告
2026-06-11 22:19:39,659 - INFO - 找到 716 条记录
2026-06-11 22:19:39,670 - INFO - 已达到最大记录数 500
2026-06-11 22:19:39,673 - INFO - 共保存 500 条记录到 /Users/zhujie/大三下/数据挖掘与机器学习/poject_B/data/metadata/metadata.csv
2026-06-11 22:19:39,673 - INFO - 搜索完成
2026-06-11 22:20:09,302 - INFO - 加载配置文件: configs/crawl.yaml
2026-06-11 22:20:09,303 - INFO - 开始搜索公告，关键词: ['ESG报告', '可持续发展报告', '社会责任报告']
2026-06-11 22:20:09,303 - INFO - 仅筛选银行业股票
2026-06-11 22:20:09,303 - INFO - 使用预定义的银行业股票列表
2026-06-11 22:20:09,303 - INFO - 搜索关键词: ESG报告
2026-06-11 22:20:15,288 - INFO - 找到 716 条记录
2026-06-11 22:20:15,290 - INFO - 筛选银行股后剩余 18 条记录
2026-06-11 22:20:20,280 - INFO - 找到 716 条记录
2026-06-11 22:20:20,281 - INFO - 筛选银行股后剩余 18 条记录
2026-06-11 22:20:21,788 - INFO - 搜索关键词: 可持续发展报告
2026-06-11 22:20:23,291 - INFO - 找到 162 条记录
2026-06-11 22:20:23,291 - INFO - 筛选银行股后剩余 6 条记录
2026-06-11 22:20:26,126 - INFO - 找到 162 条记录
2026-06-11 22:20:26,127 - INFO - 筛选银行股后剩余 6 条记录
2026-06-11 22:20:27,631 - INFO - 搜索关键词: 社会责任报告
2026-06-11 22:20:51,978 - INFO - 找到 2554 条记录
2026-06-11 22:20:51,982 - INFO - 筛选银行股后剩余 55 条记录
2026-06-11 22:21:06,655 - INFO - 找到 2554 条记录
2026-06-11 22:21:06,656 - INFO - 筛选银行股后剩余 55 条记录
2026-06-11 22:21:08,161 - INFO - 共保存 158 条记录到 /Users/zhujie/大三下/数据挖掘与机器学习/poject_B/data/metadata/metadata.csv
2026-06-11 22:21:08,161 - INFO - 搜索完成
2026-06-11 22:56:43,849 - INFO - 加载配置文件: configs/crawl.yaml
2026-06-11 22:56:43,850 - INFO - 开始搜索公告，关键词: ['ESG报告', '可持续发展报告', '社会责任报告']
2026-06-11 22:56:43,850 - INFO - 仅筛选银行业股票
2026-06-11 22:56:43,850 - INFO - 搜索关键词: ESG报告
2026-06-11 22:56:43,982 - INFO - 第 1/0 页，本页 30 条记录
2026-06-11 22:56:44,111 - INFO - 第 1/0 页，本页 30 条记录
2026-06-11 22:56:44,111 - INFO - 搜索关键词: 可持续发展报告
2026-06-11 22:56:44,341 - INFO - 第 1/0 页，本页 30 条记录
2026-06-11 22:56:44,472 - INFO - 第 1/0 页，本页 30 条记录
2026-06-11 22:56:44,472 - INFO - 搜索关键词: 社会责任报告
2026-06-11 22:56:44,602 - INFO - 第 1/0 页，本页 30 条记录
2026-06-11 22:56:44,751 - INFO - 第 1/0 页，本页 30 条记录
2026-06-11 22:56:44,756 - INFO - 共保存 0 条记录到 /Users/zhujie/大三下/数据挖掘与机器学习/poject_B/data/metadata/metadata.csv
2026-06-11 22:56:44,756 - INFO - 搜索完成
2026-06-11 22:57:19,274 - INFO - 加载配置文件: configs/crawl.yaml
2026-06-11 22:57:19,275 - INFO - 开始搜索公告，关键词: ['ESG报告', '可持续发展报告', '社会责任报告']
2026-06-11 22:57:19,275 - INFO - 搜索关键词: ESG报告
2026-06-11 22:57:19,463 - INFO - 第 1/0 页，本页 30 条记录
2026-06-11 22:57:19,594 - INFO - 第 1/0 页，本页 30 条记录
2026-06-11 22:57:19,595 - INFO - 搜索关键词: 可持续发展报告
2026-06-11 22:57:19,733 - INFO - 第 1/0 页，本页 30 条记录
2026-06-11 22:57:19,872 - INFO - 第 1/0 页，本页 30 条记录
2026-06-11 22:57:19,872 - INFO - 搜索关键词: 社会责任报告
2026-06-11 22:57:20,014 - INFO - 第 1/0 页，本页 30 条记录
2026-06-11 22:57:20,133 - INFO - 第 1/0 页，本页 30 条记录
2026-06-11 22:57:20,136 - INFO - 共保存 180 条记录到 /Users/zhujie/大三下/数据挖掘与机器学习/poject_B/data/metadata/metadata.csv
2026-06-11 22:57:20,136 - INFO - 搜索完成
2026-06-11 22:57:26,747 - INFO - 加载配置文件: configs/crawl.yaml
2026-06-11 22:57:26,748 - INFO - 开始搜索公告，关键词: ['ESG报告', '可持续发展报告', '社会责任报告']
2026-06-11 22:57:26,748 - INFO - 仅筛选银行业股票
2026-06-11 22:57:26,748 - INFO - 搜索关键词: ESG报告
2026-06-11 22:57:26,923 - INFO - 第 1/0 页，本页 30 条记录
2026-06-11 22:57:27,053 - INFO - 第 1/0 页，本页 30 条记录
2026-06-11 22:57:27,053 - INFO - 搜索关键词: 可持续发展报告
2026-06-11 22:57:27,223 - INFO - 第 1/0 页，本页 30 条记录
2026-06-11 22:57:27,362 - INFO - 第 1/0 页，本页 30 条记录
2026-06-11 22:57:27,363 - INFO - 搜索关键词: 社会责任报告
2026-06-11 22:57:27,492 - INFO - 第 1/0 页，本页 30 条记录
2026-06-11 22:57:27,623 - INFO - 第 1/0 页，本页 30 条记录
2026-06-11 22:57:27,623 - INFO - 共保存 0 条记录到 /Users/zhujie/大三下/数据挖掘与机器学习/poject_B/data/metadata/metadata.csv
2026-06-11 22:57:27,623 - INFO - 搜索完成
2026-06-11 22:59:02,525 - INFO - 加载配置文件: configs/crawl.yaml
2026-06-11 22:59:02,527 - INFO - 开始搜索公告，关键词: ['ESG报告', '可持续发展报告', '社会责任报告']
2026-06-11 22:59:02,527 - INFO - 仅筛选银行业股票
2026-06-11 22:59:02,527 - INFO - 搜索关键词: ESG报告
2026-06-11 22:59:02,763 - INFO - 第 1/0 页，本页 30 条记录
2026-06-11 22:59:03,743 - INFO - 第 1/0 页，本页 30 条记录
2026-06-11 22:59:03,743 - INFO - 搜索关键词: 可持续发展报告
2026-06-11 22:59:03,902 - INFO - 第 1/0 页，本页 30 条记录
2026-06-11 22:59:04,023 - INFO - 第 1/0 页，本页 30 条记录
2026-06-11 22:59:04,023 - INFO - 搜索关键词: 社会责任报告
2026-06-11 22:59:04,194 - INFO - 第 1/0 页，本页 30 条记录
2026-06-11 22:59:04,317 - INFO - 第 1/0 页，本页 30 条记录
2026-06-11 22:59:04,318 - INFO - 共保存 0 条记录到 /Users/zhujie/大三下/数据挖掘与机器学习/poject_B/data/metadata/metadata.csv
2026-06-11 22:59:04,318 - INFO - 搜索完成
2026-06-11 23:21:24,878 - INFO - 加载配置文件: configs/crawl.yaml
2026-06-11 23:21:24,879 - INFO - 开始搜索公告，关键词: ['ESG报告', '可持续发展报告', '社会责任报告']
2026-06-11 23:21:24,879 - INFO - 搜索关键词: ESG报告
2026-06-11 23:21:25,039 - INFO - 第 1/0 页，本页 30 条记录
2026-06-11 23:21:25,201 - INFO - 第 1/0 页，本页 30 条记录
2026-06-11 23:21:25,201 - INFO - 搜索关键词: 可持续发展报告
2026-06-11 23:21:25,331 - INFO - 第 1/0 页，本页 30 条记录
2026-06-11 23:21:25,469 - INFO - 第 1/0 页，本页 30 条记录
2026-06-11 23:21:25,469 - INFO - 搜索关键词: 社会责任报告
2026-06-11 23:21:25,611 - INFO - 第 1/0 页，本页 30 条记录
2026-06-11 23:21:25,759 - INFO - 第 1/0 页，本页 30 条记录
2026-06-11 23:21:25,762 - INFO - 共保存 0 条记录到 /Users/zhujie/大三下/数据挖掘与机器学习/poject_B/data/metadata/metadata.csv
2026-06-11 23:21:25,762 - INFO - 搜索完成
2026-06-11 23:29:08,715 - INFO - 加载配置文件: configs/crawl.yaml
2026-06-11 23:29:08,716 - INFO - 开始搜索公告，关键词: ['ESG报告', '可持续发展报告', '社会责任报告']
2026-06-11 23:29:08,716 - INFO - 搜索关键词: ESG报告
2026-06-11 23:29:12,616 - INFO - 找到 716 条记录
2026-06-11 23:29:12,624 - INFO - 已达到最大记录数 500
2026-06-11 23:29:12,627 - INFO - 共保存 500 条记录到 /Users/zhujie/大三下/数据挖掘与机器学习/poject_B/data/metadata/metadata.csv
2026-06-11 23:29:12,627 - INFO - 搜索完成
2026-06-11 23:29:28,554 - INFO - 加载配置文件: configs/crawl.yaml
2026-06-11 23:29:28,555 - INFO - 开始搜索公告，关键词: ['ESG报告', '可持续发展报告', '社会责任报告']
2026-06-11 23:29:28,555 - INFO - 仅筛选银行业股票
2026-06-11 23:29:28,555 - INFO - 使用预定义的银行业股票列表
2026-06-11 23:29:28,555 - INFO - 搜索关键词: ESG报告
2026-06-11 23:29:32,240 - INFO - 找到 716 条记录
2026-06-11 23:29:32,241 - INFO - 筛选银行股后剩余 18 条记录
2026-06-11 23:29:37,890 - INFO - 找到 716 条记录
2026-06-11 23:29:37,892 - INFO - 筛选银行股后剩余 18 条记录
2026-06-11 23:29:39,397 - INFO - 搜索关键词: 可持续发展报告
2026-06-11 23:29:40,533 - INFO - 找到 162 条记录
2026-06-11 23:29:40,533 - INFO - 筛选银行股后剩余 6 条记录
2026-06-11 23:29:42,993 - INFO - 找到 162 条记录
2026-06-11 23:29:42,993 - INFO - 筛选银行股后剩余 6 条记录
2026-06-11 23:29:44,498 - INFO - 搜索关键词: 社会责任报告
2026-06-11 23:30:00,270 - INFO - 找到 2555 条记录
2026-06-11 23:30:00,272 - INFO - 筛选银行股后剩余 54 条记录
2026-06-11 23:30:14,777 - INFO - 找到 2555 条记录
2026-06-11 23:30:14,782 - INFO - 筛选银行股后剩余 54 条记录
2026-06-11 23:30:16,291 - INFO - 共保存 156 条记录到 /Users/zhujie/大三下/数据挖掘与机器学习/poject_B/data/metadata/metadata.csv
2026-06-11 23:30:16,291 - INFO - 搜索完成
2026-06-12 20:20:02,283 - INFO - 加载配置文件: configs/crawl.yaml
2026-06-12 20:20:02,284 - INFO - 开始搜索公告，关键词: ['ESG报告', '可持续发展报告', '社会责任报告']
2026-06-12 20:20:02,284 - INFO - 仅筛选银行业股票
2026-06-12 20:20:02,284 - INFO - 仅筛选 [2022, 2023] 年度的报告
2026-06-12 20:20:02,284 - INFO - 使用预定义的银行业股票列表
2026-06-12 20:20:02,284 - INFO - 将排除以下年份的报告: {2016, 2017, 2018, 2019, 2020, 2021, 2024, 2025, 2026, 2027, 2028, 2029, 2015}
2026-06-12 20:20:02,284 - INFO - 只保留以下年份的报告: [2022, 2023]
2026-06-12 20:20:02,284 - INFO - 搜索关键词: ESG报告
2026-06-12 20:20:08,515 - INFO - 找到 716 条记录
2026-06-12 20:20:08,516 - INFO - 筛选银行股后剩余 18 条记录
2026-06-12 20:20:08,517 - INFO - 过滤年份后排除 5 条记录，剩余 13 条
2026-06-12 20:20:17,222 - INFO - 找到 716 条记录
2026-06-12 20:20:17,223 - INFO - 筛选银行股后剩余 18 条记录
2026-06-12 20:20:17,223 - INFO - 过滤年份后排除 5 条记录，剩余 13 条
2026-06-12 20:20:18,726 - INFO - 搜索关键词: 可持续发展报告
2026-06-12 20:20:20,000 - INFO - 找到 162 条记录
2026-06-12 20:20:20,001 - INFO - 筛选银行股后剩余 6 条记录
2026-06-12 20:20:20,002 - INFO - 过滤年份后排除 3 条记录，剩余 3 条
2026-06-12 20:20:22,690 - INFO - 找到 162 条记录
2026-06-12 20:20:22,690 - INFO - 筛选银行股后剩余 6 条记录
2026-06-12 20:20:22,691 - INFO - 过滤年份后排除 3 条记录，剩余 3 条
2026-06-12 20:20:24,195 - INFO - 搜索关键词: 社会责任报告
2026-06-12 20:20:40,329 - INFO - 找到 2554 条记录
2026-06-12 20:20:40,333 - INFO - 筛选银行股后剩余 55 条记录
2026-06-12 20:20:40,334 - INFO - 过滤年份后排除 24 条记录，剩余 31 条
2026-06-12 20:20:56,607 - INFO - 找到 2554 条记录
2026-06-12 20:20:56,612 - INFO - 筛选银行股后剩余 55 条记录
2026-06-12 20:20:56,613 - INFO - 过滤年份后排除 24 条记录，剩余 31 条
2026-06-12 20:20:58,120 - INFO - 共保存 94 条记录到 /Users/zhujie/大三下/数据挖掘与机器学习/poject_B/data/metadata/metadata.csv
2026-06-12 20:20:58,120 - INFO - 搜索完成
2026-06-12 20:21:56,423 - INFO - 加载配置文件: configs/crawl.yaml
2026-06-12 20:21:56,424 - INFO - 开始搜索公告，关键词: ['ESG报告', '可持续发展报告', '社会责任报告']
2026-06-12 20:21:56,424 - INFO - 仅筛选银行业股票
2026-06-12 20:21:56,424 - INFO - 仅筛选 [2022, 2023] 年度的报告
2026-06-12 20:21:56,424 - INFO - 使用预定义的银行业股票列表
2026-06-12 20:21:56,424 - INFO - 只保留包含以下年份的报告: [2022, 2023]
2026-06-12 20:21:56,424 - INFO - 过滤模式: 2022年度|2022年 | 2023年度|2023年
2026-06-12 20:21:56,424 - INFO - 搜索关键词: ESG报告
2026-06-12 20:21:59,916 - INFO - 找到 716 条记录
2026-06-12 20:21:59,917 - INFO - 筛选银行股后剩余 18 条记录
2026-06-12 20:21:59,918 - INFO - 过滤年份后排除 12 条记录，剩余 6 条
2026-06-12 20:22:04,715 - INFO - 找到 716 条记录
2026-06-12 20:22:04,716 - INFO - 筛选银行股后剩余 18 条记录
2026-06-12 20:22:04,716 - INFO - 过滤年份后排除 12 条记录，剩余 6 条
2026-06-12 20:22:06,219 - INFO - 搜索关键词: 可持续发展报告
2026-06-12 20:22:07,510 - INFO - 找到 162 条记录
2026-06-12 20:22:07,512 - INFO - 筛选银行股后剩余 6 条记录
2026-06-12 20:22:07,512 - INFO - 过滤年份后排除 3 条记录，剩余 3 条
2026-06-12 20:22:19,843 - ERROR - 获取 沪深京 市场数据失败: Expecting value: line 1 column 1 (char 0)
2026-06-12 20:22:19,846 - INFO - 搜索关键词: 社会责任报告
2026-06-12 20:22:33,440 - INFO - 找到 2555 条记录
2026-06-12 20:22:33,444 - INFO - 筛选银行股后剩余 56 条记录
2026-06-12 20:22:33,444 - INFO - 过滤年份后排除 32 条记录，剩余 24 条
2026-06-12 20:22:46,408 - INFO - 找到 2554 条记录
2026-06-12 20:22:46,413 - INFO - 筛选银行股后剩余 56 条记录
2026-06-12 20:22:46,413 - INFO - 过滤年份后排除 32 条记录，剩余 24 条
2026-06-12 20:22:47,921 - INFO - 共保存 64 条记录到 /Users/zhujie/大三下/数据挖掘与机器学习/poject_B/data/metadata/metadata.csv
2026-06-12 20:22:47,921 - INFO - 搜索完成
2026-06-12 20:24:31,471 - INFO - 加载配置文件: configs/crawl.yaml
2026-06-12 20:24:31,472 - INFO - 开始搜索公告，关键词: ['ESG报告', '可持续发展报告', '社会责任报告']
2026-06-12 20:24:31,472 - INFO - 仅筛选银行业股票
2026-06-12 20:24:31,472 - INFO - 仅筛选 [2022, 2023] 年度的报告
2026-06-12 20:24:31,472 - INFO - 使用预定义的银行业股票列表
2026-06-12 20:24:31,472 - INFO - 只保留包含以下年份的报告: [2022, 2023]
2026-06-12 20:24:31,472 - INFO - 过滤模式: 2022年度|2022年 | 2023年度|2023年
2026-06-12 20:24:31,472 - INFO - 搜索关键词: ESG报告
2026-06-12 20:24:40,228 - INFO - 找到 1661 条记录
2026-06-12 20:24:40,230 - INFO - 筛选银行股后剩余 25 条记录
2026-06-12 20:24:40,231 - INFO - 过滤年份后排除 11 条记录，剩余 14 条
2026-06-12 20:24:50,006 - INFO - 找到 1662 条记录
2026-06-12 20:24:50,006 - INFO - 筛选银行股后剩余 26 条记录
2026-06-12 20:24:50,007 - INFO - 过滤年份后排除 12 条记录，剩余 14 条
2026-06-12 20:24:51,510 - INFO - 搜索关键词: 可持续发展报告
2026-06-12 20:24:54,841 - INFO - 找到 342 条记录
2026-06-12 20:24:54,842 - INFO - 筛选银行股后剩余 10 条记录
2026-06-12 20:24:54,842 - INFO - 过滤年份后排除 3 条记录，剩余 7 条
2026-06-12 20:24:58,216 - INFO - 找到 342 条记录
2026-06-12 20:24:58,217 - INFO - 筛选银行股后剩余 10 条记录
2026-06-12 20:24:58,217 - INFO - 过滤年份后排除 3 条记录，剩余 7 条
2026-06-12 20:24:59,718 - INFO - 搜索关键词: 社会责任报告
2026-06-12 20:25:26,874 - INFO - 找到 3630 条记录
2026-06-12 20:25:26,878 - INFO - 筛选银行股后剩余 65 条记录
2026-06-12 20:25:26,878 - INFO - 过滤年份后排除 19 条记录，剩余 46 条
2026-06-12 20:25:53,559 - INFO - 找到 3630 条记录
2026-06-12 20:25:53,560 - INFO - 筛选银行股后剩余 64 条记录
2026-06-12 20:25:53,561 - INFO - 过滤年份后排除 18 条记录，剩余 46 条
2026-06-12 20:25:55,070 - INFO - 共保存 134 条记录到 /Users/zhujie/大三下/数据挖掘与机器学习/poject_B/data/metadata/metadata.csv
2026-06-12 20:25:55,070 - INFO - 搜索完成
2026-06-12 23:17:47,188 - INFO - 加载配置文件: configs/crawl.yaml
2026-06-12 23:17:47,190 - INFO - 开始搜索公告，关键词: ['ESG报告', '可持续发展报告', '社会责任报告']
2026-06-12 23:17:47,190 - INFO - 仅筛选银行业股票
2026-06-12 23:17:47,190 - INFO - 仅筛选 [2021, 2022, 2023, 2024] 年度的报告
2026-06-12 23:17:47,190 - INFO - 使用预定义的银行业股票列表
2026-06-12 23:17:47,190 - INFO - 只保留包含以下年份的报告: [2021, 2022, 2023, 2024]
2026-06-12 23:17:47,190 - INFO - 过滤模式: 2021年度|2021年 | 2022年度|2022年 | 2023年度|2023年 | 2024年度|2024年
2026-06-12 23:17:47,190 - INFO - 搜索关键词: ESG报告
2026-06-12 23:18:01,825 - INFO - 找到 2995 条记录
2026-06-12 23:18:01,827 - INFO - 筛选银行股后剩余 57 条记录
2026-06-12 23:18:01,828 - INFO - 过滤年份后排除 12 条记录，剩余 45 条
2026-06-12 23:18:18,323 - INFO - 找到 2994 条记录
2026-06-12 23:18:18,324 - INFO - 筛选银行股后剩余 57 条记录
2026-06-12 23:18:18,325 - INFO - 过滤年份后排除 12 条记录，剩余 45 条
2026-06-12 23:18:19,830 - INFO - 搜索关键词: 可持续发展报告
2026-06-12 23:18:23,981 - INFO - 找到 950 条记录
2026-06-12 23:18:23,982 - INFO - 筛选银行股后剩余 32 条记录
2026-06-12 23:18:23,982 - INFO - 过滤年份后排除 3 条记录，剩余 29 条
2026-06-12 23:18:34,692 - INFO - 找到 950 条记录
2026-06-12 23:18:34,695 - INFO - 筛选银行股后剩余 32 条记录
2026-06-12 23:18:34,695 - INFO - 过滤年份后排除 3 条记录，剩余 29 条
2026-06-12 23:18:36,201 - INFO - 搜索关键词: 社会责任报告
2026-06-12 23:19:08,845 - INFO - 找到 5460 条记录
2026-06-12 23:19:08,846 - INFO - 筛选银行股后剩余 178 条记录
2026-06-12 23:19:08,847 - INFO - 过滤年份后排除 7 条记录，剩余 171 条
2026-06-12 23:19:19,247 - INFO - 加载配置文件: configs/crawl.yaml
2026-06-12 23:19:19,248 - INFO - 开始搜索公告，关键词: ['ESG报告', '可持续发展报告', '社会责任报告']
2026-06-12 23:19:19,248 - INFO - 仅筛选银行业股票
2026-06-12 23:19:19,248 - INFO - 仅筛选 [2021, 2022, 2023, 2024] 年度的报告
2026-06-12 23:19:19,248 - INFO - 使用预定义的银行业股票列表
2026-06-12 23:19:19,248 - INFO - 只保留包含以下年份的报告: [2021, 2022, 2023, 2024]
2026-06-12 23:19:19,248 - INFO - 过滤模式: 2021年度|2021年 | 2022年度|2022年 | 2023年度|2023年 | 2024年度|2024年
2026-06-12 23:19:19,248 - INFO - 搜索关键词: ESG报告
2026-06-12 23:19:34,699 - INFO - 找到 2994 条记录
2026-06-12 23:19:34,700 - INFO - 筛选银行股后剩余 58 条记录
2026-06-12 23:19:34,700 - INFO - 过滤年份后排除 12 条记录，剩余 46 条
2026-06-12 23:19:37,840 - INFO - 找到 5460 条记录
2026-06-12 23:19:37,841 - INFO - 筛选银行股后剩余 178 条记录
2026-06-12 23:19:37,841 - INFO - 过滤年份后排除 7 条记录，剩余 171 条
2026-06-12 23:19:39,360 - INFO - 共保存 490 条记录到 /Users/zhujie/大三下/数据挖掘与机器学习/poject_B/data/metadata/metadata.csv
2026-06-12 23:19:39,360 - INFO - 搜索完成
2026-06-12 23:19:51,357 - INFO - 找到 2995 条记录
2026-06-12 23:19:51,359 - INFO - 筛选银行股后剩余 58 条记录
2026-06-12 23:19:51,359 - INFO - 过滤年份后排除 12 条记录，剩余 46 条
2026-06-12 23:19:52,866 - INFO - 搜索关键词: 可持续发展报告
2026-06-12 23:19:57,203 - INFO - 找到 945 条记录
2026-06-12 23:19:57,203 - INFO - 筛选银行股后剩余 32 条记录
2026-06-12 23:19:57,204 - INFO - 过滤年份后排除 3 条记录，剩余 29 条
2026-06-12 23:20:02,840 - INFO - 找到 950 条记录
2026-06-12 23:20:02,841 - INFO - 筛选银行股后剩余 32 条记录
2026-06-12 23:20:02,841 - INFO - 过滤年份后排除 3 条记录，剩余 29 条
2026-06-12 23:20:04,348 - INFO - 搜索关键词: 社会责任报告
2026-06-12 23:20:56,859 - INFO - 找到 5460 条记录
2026-06-12 23:20:56,862 - INFO - 筛选银行股后剩余 178 条记录
2026-06-12 23:20:56,863 - INFO - 过滤年份后排除 7 条记录，剩余 171 条
2026-06-12 23:21:34,750 - ERROR - 获取 沪深京 市场数据失败: Expecting value: line 1 column 1 (char 0)
2026-06-12 23:21:34,761 - INFO - 共保存 322 条记录到 /Users/zhujie/大三下/数据挖掘与机器学习/poject_B/data/metadata/metadata.csv
2026-06-12 23:21:34,761 - INFO - 搜索完成
2026-06-12 23:27:59,935 - INFO - 加载配置文件: configs/crawl.yaml
2026-06-12 23:27:59,936 - INFO - 开始搜索公告，关键词: ['ESG报告', '可持续发展报告', '社会责任报告']
2026-06-12 23:27:59,936 - INFO - 仅筛选银行业股票
2026-06-12 23:27:59,936 - INFO - 仅筛选 [2021, 2022, 2023, 2024, 2025] 年度的报告
2026-06-12 23:27:59,936 - INFO - 使用预定义的银行业股票列表
2026-06-12 23:27:59,936 - INFO - 只保留包含以下年份的报告: [2021, 2022, 2023, 2024, 2025]
2026-06-12 23:27:59,936 - INFO - 过滤模式: 2021年度|2021年 | 2022年度|2022年 | 2023年度|2023年 | 2024年度|2024年 | 2025年度|2025年
2026-06-12 23:27:59,936 - INFO - 搜索关键词: ESG报告
2026-06-12 23:28:23,618 - INFO - 找到 2995 条记录
2026-06-12 23:28:23,620 - INFO - 筛选银行股后剩余 56 条记录
2026-06-12 23:28:23,621 - INFO - 过滤年份后排除 12 条记录，剩余 44 条
2026-06-12 23:28:51,886 - INFO - 找到 2995 条记录
2026-06-12 23:28:51,887 - INFO - 筛选银行股后剩余 56 条记录
2026-06-12 23:28:51,888 - INFO - 过滤年份后排除 12 条记录，剩余 44 条
2026-06-12 23:28:53,390 - INFO - 搜索关键词: 可持续发展报告
2026-06-12 23:28:57,773 - INFO - 找到 950 条记录
2026-06-12 23:28:57,774 - INFO - 筛选银行股后剩余 32 条记录
2026-06-12 23:28:57,774 - INFO - 过滤年份后排除 3 条记录，剩余 29 条
2026-06-12 23:29:03,689 - INFO - 找到 950 条记录
2026-06-12 23:29:03,690 - INFO - 筛选银行股后剩余 32 条记录
2026-06-12 23:29:03,691 - INFO - 过滤年份后排除 3 条记录，剩余 29 条
2026-06-12 23:29:05,197 - INFO - 搜索关键词: 社会责任报告
2026-06-12 23:29:37,508 - ERROR - 获取 沪深京 市场数据失败: Expecting value: line 1 column 1 (char 0)
2026-06-12 23:30:11,716 - INFO - 找到 5460 条记录
2026-06-12 23:30:11,718 - INFO - 筛选银行股后剩余 178 条记录
2026-06-12 23:30:11,719 - INFO - 过滤年份后排除 7 条记录，剩余 171 条
2026-06-12 23:30:13,232 - INFO - 共保存 318 条记录到 /Users/zhujie/大三下/数据挖掘与机器学习/poject_B/data/metadata/metadata.csv
2026-06-12 23:30:13,233 - INFO - 搜索完成
2026-06-12 23:34:39,927 - INFO - 加载配置文件: configs/crawl.yaml
2026-06-12 23:34:39,928 - INFO - 开始搜索公告，关键词: ['ESG报告', '可持续发展报告', '社会责任报告']
2026-06-12 23:34:39,928 - INFO - 仅筛选银行业股票
2026-06-12 23:34:39,928 - INFO - 仅筛选 [2021, 2022, 2023, 2024, 2025] 年度的报告
2026-06-12 23:34:39,928 - INFO - 使用预定义的银行业股票列表
2026-06-12 23:34:39,928 - INFO - 只保留包含以下年份的报告: [2021, 2022, 2023, 2024, 2025]
2026-06-12 23:34:39,928 - INFO - 过滤模式: 2021年度|2021年 | 2022年度|2022年 | 2023年度|2023年 | 2024年度|2024年 | 2025年度|2025年
2026-06-12 23:34:39,928 - INFO - 搜索关键词: ESG报告
2026-06-12 23:35:12,913 - INFO - 找到 5040 条记录
2026-06-12 23:35:12,915 - INFO - 筛选银行股后剩余 168 条记录
2026-06-12 23:35:12,916 - INFO - 过滤年份后排除 1 条记录，剩余 167 条
2026-06-12 23:35:37,933 - INFO - 找到 5040 条记录
2026-06-12 23:35:37,937 - INFO - 筛选银行股后剩余 168 条记录
2026-06-12 23:35:37,938 - INFO - 过滤年份后排除 1 条记录，剩余 167 条
2026-06-12 23:35:39,444 - INFO - 搜索关键词: 可持续发展报告
2026-06-12 23:36:09,301 - ERROR - 获取 沪深京 市场数据失败: Expecting value: line 1 column 1 (char 0)
2026-06-12 23:36:22,407 - INFO - 找到 2340 条记录
2026-06-12 23:36:22,411 - INFO - 筛选银行股后剩余 96 条记录
2026-06-12 23:36:22,411 - INFO - 过滤年份后排除 6 条记录，剩余 90 条
2026-06-12 23:36:23,919 - INFO - 搜索关键词: 社会责任报告
2026-06-12 23:36:46,099 - ERROR - 获取 沪深京 市场数据失败: Expecting value: line 1 column 1 (char 0)
2026-06-12 23:37:21,948 - ERROR - 获取 沪深京 市场数据失败: Expecting value: line 1 column 1 (char 0)
2026-06-12 23:37:21,953 - INFO - 共保存 427 条记录到 /Users/zhujie/大三下/数据挖掘与机器学习/poject_B/data/metadata/metadata.csv
2026-06-12 23:37:21,953 - INFO - 搜索完成
2026-06-12 23:38:45,635 - INFO - 加载配置文件: configs/crawl.yaml
2026-06-12 23:38:45,636 - INFO - 开始搜索公告，关键词: ['ESG报告', '可持续发展报告', '社会责任报告']
2026-06-12 23:38:45,636 - INFO - 仅筛选银行业股票
2026-06-12 23:38:45,636 - INFO - 仅筛选 [2021, 2022, 2023, 2024, 2025] 年度的报告
2026-06-12 23:38:45,636 - INFO - 使用预定义的银行业股票列表
2026-06-12 23:38:45,636 - INFO - 只保留包含以下年份的报告: [2021, 2022, 2023, 2024, 2025]
2026-06-12 23:38:45,636 - INFO - 过滤模式: 2021年度|2021年 | 2022年度|2022年 | 2023年度|2023年 | 2024年度|2024年 | 2025年度|2025年
2026-06-12 23:38:45,636 - INFO - 搜索关键词: ESG报告
2026-06-12 23:39:17,842 - INFO - 找到 5040 条记录
2026-06-12 23:39:17,844 - INFO - 筛选银行股后剩余 168 条记录
2026-06-12 23:39:17,845 - INFO - 过滤年份后排除 1 条记录，剩余 167 条
2026-06-12 23:39:34,898 - INFO - 加载配置文件: configs/crawl.yaml
2026-06-12 23:39:34,899 - INFO - 开始搜索公告，关键词: ['ESG报告', '可持续发展报告', '社会责任报告']
2026-06-12 23:39:34,899 - INFO - 仅筛选银行业股票
2026-06-12 23:39:34,899 - INFO - 仅筛选 [2021, 2022, 2023, 2024, 2025] 年度的报告
2026-06-12 23:39:34,899 - INFO - 使用预定义的银行业股票列表
2026-06-12 23:39:34,899 - INFO - 只保留包含以下年份的报告: [2021, 2022, 2023, 2024, 2025]
2026-06-12 23:39:34,899 - INFO - 过滤模式: 2021年度|2021年 | 2022年度|2022年 | 2023年度|2023年 | 2024年度|2024年 | 2025年度|2025年
2026-06-12 23:39:34,899 - INFO - 搜索关键词: ESG报告
2026-06-12 23:39:42,494 - INFO - 找到 5040 条记录
2026-06-12 23:39:42,496 - INFO - 筛选银行股后剩余 168 条记录
2026-06-12 23:39:42,497 - INFO - 过滤年份后排除 1 条记录，剩余 167 条
2026-06-12 23:39:44,002 - INFO - 搜索关键词: 可持续发展报告
2026-06-12 23:39:50,616 - ERROR - 获取 沪深京 市场数据失败: Expecting value: line 1 column 1 (char 0)
2026-06-12 23:39:57,851 - INFO - 找到 2340 条记录
2026-06-12 23:39:57,854 - INFO - 筛选银行股后剩余 96 条记录
2026-06-12 23:39:57,855 - INFO - 过滤年份后排除 6 条记录，剩余 90 条
2026-06-12 23:40:10,942 - INFO - 找到 2335 条记录
2026-06-12 23:40:10,945 - INFO - 筛选银行股后剩余 96 条记录
2026-06-12 23:40:10,946 - INFO - 过滤年份后排除 6 条记录，剩余 90 条
2026-06-12 23:40:12,449 - INFO - 搜索关键词: 社会责任报告
2026-06-12 23:40:13,450 - INFO - 找到 5040 条记录
2026-06-12 23:40:13,451 - INFO - 筛选银行股后剩余 168 条记录
2026-06-12 23:40:13,452 - INFO - 过滤年份后排除 1 条记录，剩余 167 条
2026-06-12 23:40:14,959 - INFO - 搜索关键词: 可持续发展报告
2026-06-12 23:40:28,119 - ERROR - 获取 沪深京 市场数据失败: Expecting value: line 1 column 1 (char 0)
2026-06-12 23:40:29,873 - INFO - 找到 2335 条记录
2026-06-12 23:40:29,874 - INFO - 筛选银行股后剩余 96 条记录
2026-06-12 23:40:29,875 - INFO - 过滤年份后排除 6 条记录，剩余 90 条
2026-06-12 23:40:42,247 - INFO - 找到 2340 条记录
2026-06-12 23:40:42,249 - INFO - 筛选银行股后剩余 96 条记录
2026-06-12 23:40:42,250 - INFO - 过滤年份后排除 6 条记录，剩余 90 条
2026-06-12 23:40:43,759 - INFO - 搜索关键词: 社会责任报告
2026-06-12 23:40:56,356 - INFO - 找到 5940 条记录
2026-06-12 23:40:56,357 - INFO - 筛选银行股后剩余 83 条记录
2026-06-12 23:40:56,358 - INFO - 过滤年份后排除 7 条记录，剩余 76 条
2026-06-12 23:40:57,021 - ERROR - 获取 沪深京 市场数据失败: Expecting value: line 1 column 1 (char 0)
2026-06-12 23:40:57,869 - INFO - 共保存 591 条记录到 /Users/zhujie/大三下/数据挖掘与机器学习/poject_B/data/metadata/metadata.csv
2026-06-12 23:40:57,869 - INFO - 搜索完成
2026-06-12 23:41:26,837 - INFO - 找到 5940 条记录
2026-06-12 23:41:26,839 - INFO - 筛选银行股后剩余 83 条记录
2026-06-12 23:41:26,839 - INFO - 过滤年份后排除 7 条记录，剩余 76 条
2026-06-12 23:41:28,347 - INFO - 共保存 425 条记录到 /Users/zhujie/大三下/数据挖掘与机器学习/poject_B/data/metadata/metadata.csv
2026-06-12 23:41:28,347 - INFO - 搜索完成
2026-06-13 13:19:18,599 - INFO - 加载配置文件: configs/crawl.yaml
2026-06-13 13:19:18,600 - INFO - 开始搜索公告，关键词: ['社会责任报告', 'ESG报告', '可持续发展报告', '环境、社会及治理报告']
2026-06-13 13:19:18,600 - INFO - 仅筛选银行业股票
2026-06-13 13:19:18,600 - INFO - 仅筛选 [2021, 2022, 2023, 2024, 2025] 年度的报告
2026-06-13 13:19:18,600 - INFO - 使用预定义的银行业股票列表
2026-06-13 13:19:18,600 - INFO - 只保留包含以下年份的报告: [2021, 2022, 2023, 2024, 2025]
2026-06-13 13:19:18,600 - INFO - 过滤模式: 2021年度|2021年 | 2022年度|2022年 | 2023年度|2023年 | 2024年度|2024年 | 2025年度|2025年
2026-06-13 13:19:18,600 - INFO - 搜索关键词: 社会责任报告
2026-06-13 13:19:51,509 - INFO - 找到 5940 条记录
2026-06-13 13:19:51,512 - INFO - 筛选银行股后剩余 83 条记录
2026-06-13 13:19:51,512 - INFO - 过滤年份后排除 7 条记录，剩余 76 条
2026-06-13 13:20:23,168 - INFO - 找到 5940 条记录
2026-06-13 13:20:23,169 - INFO - 筛选银行股后剩余 83 条记录
2026-06-13 13:20:23,170 - INFO - 过滤年份后排除 7 条记录，剩余 76 条
2026-06-13 13:20:24,677 - INFO - 搜索关键词: ESG报告
2026-06-13 13:20:50,542 - ERROR - 获取 沪深京 市场数据失败: Expecting value: line 1 column 1 (char 0)
2026-06-13 13:21:14,115 - INFO - 找到 5040 条记录
2026-06-13 13:21:14,117 - INFO - 筛选银行股后剩余 168 条记录
2026-06-13 13:21:14,118 - INFO - 过滤年份后排除 1 条记录，剩余 167 条
2026-06-13 13:21:15,624 - INFO - 搜索关键词: 可持续发展报告
2026-06-13 13:21:38,139 - INFO - 找到 2340 条记录
2026-06-13 13:21:38,140 - INFO - 筛选银行股后剩余 96 条记录
2026-06-13 13:21:38,141 - INFO - 过滤年份后排除 6 条记录，剩余 90 条
2026-06-13 13:21:50,595 - INFO - 找到 2340 条记录
2026-06-13 13:21:50,600 - INFO - 筛选银行股后剩余 96 条记录
2026-06-13 13:21:50,601 - INFO - 过滤年份后排除 6 条记录，剩余 90 条
2026-06-13 13:21:52,109 - INFO - 搜索关键词: 环境、社会及治理报告
2026-06-13 13:22:04,565 - INFO - 找到 2350 条记录
2026-06-13 13:22:04,569 - INFO - 筛选银行股后剩余 21 条记录
2026-06-13 13:22:04,570 - INFO - 过滤年份后排除 4 条记录，剩余 17 条
2026-06-13 13:22:24,906 - INFO - 找到 2350 条记录
2026-06-13 13:22:24,908 - INFO - 筛选银行股后剩余 21 条记录
2026-06-13 13:22:24,908 - INFO - 过滤年份后排除 4 条记录，剩余 17 条
2026-06-13 13:22:26,418 - INFO - 共保存 534 条记录到 /Users/zhujie/大三下/数据挖掘与机器学习/poject_B/data/metadata/metadata.csv
2026-06-13 13:22:26,418 - INFO - 搜索完成
2026-06-13 13:23:29,885 - INFO - 加载配置文件: configs/crawl.yaml
2026-06-13 13:23:29,886 - INFO - 开始搜索公告，关键词: ['社会责任报告', 'ESG报告', '可持续发展报告', '环境、社会及治理报告']
2026-06-13 13:23:29,886 - INFO - 仅筛选银行业股票
2026-06-13 13:23:29,886 - INFO - 仅筛选 [2024] 年度的报告
2026-06-13 13:23:29,886 - INFO - 使用预定义的银行业股票列表
2026-06-13 13:23:29,886 - INFO - 只保留包含以下年份的报告: [2024]
2026-06-13 13:23:29,886 - INFO - 过滤模式: 2024年度|2024年
2026-06-13 13:23:29,886 - INFO - 搜索关键词: 社会责任报告
2026-06-13 13:23:51,593 - ERROR - 获取 沪深京 市场数据失败: Expecting value: line 1 column 1 (char 0)
2026-06-13 13:24:23,717 - INFO - 找到 5940 条记录
2026-06-13 13:24:23,719 - INFO - 筛选银行股后剩余 83 条记录
2026-06-13 13:24:23,720 - INFO - 过滤年份后排除 63 条记录，剩余 20 条
2026-06-13 13:24:32,916 - INFO - 搜索关键词: ESG报告
2026-06-13 13:24:46,671 - ERROR - 获取 沪深京 市场数据失败: Expecting value: line 1 column 1 (char 0)
2026-06-13 13:25:50,691 - INFO - 找到 5040 条记录
2026-06-13 13:25:50,696 - INFO - 筛选银行股后剩余 168 条记录
2026-06-13 13:25:50,697 - INFO - 过滤年份后排除 158 条记录，剩余 10 条
2026-06-13 13:25:53,287 - INFO - 搜索关键词: 可持续发展报告
2026-06-13 13:26:14,754 - INFO - 找到 2335 条记录
2026-06-13 13:26:14,756 - INFO - 筛选银行股后剩余 96 条记录
2026-06-13 13:26:14,757 - INFO - 过滤年份后排除 77 条记录，剩余 19 条
2026-06-13 13:26:34,058 - INFO - 找到 2365 条记录
2026-06-13 13:26:34,061 - INFO - 筛选银行股后剩余 99 条记录
2026-06-13 13:26:34,061 - INFO - 过滤年份后排除 80 条记录，剩余 19 条
2026-06-13 13:26:37,963 - INFO - 搜索关键词: 环境、社会及治理报告
2026-06-13 13:26:48,979 - INFO - 找到 2350 条记录
2026-06-13 13:26:48,982 - INFO - 筛选银行股后剩余 21 条记录
2026-06-13 13:26:48,982 - INFO - 过滤年份后排除 15 条记录，剩余 6 条
2026-06-13 13:33:00,512 - INFO - 加载配置文件: configs/crawl.yaml
2026-06-13 13:33:00,512 - INFO - 开始搜索公告，关键词: ['社会责任报告', 'ESG报告', '可持续发展报告', '环境、社会及治理报告']
2026-06-13 13:33:00,512 - INFO - 仅筛选银行业股票
2026-06-13 13:33:00,512 - INFO - 仅筛选 [2024] 年度的报告
2026-06-13 13:33:00,512 - INFO - 使用预定义的银行业股票列表
2026-06-13 13:33:00,512 - INFO - 只保留包含以下年份的报告: [2024]
2026-06-13 13:33:00,512 - INFO - 过滤模式: 2024年度|2024年
2026-06-13 13:33:00,512 - INFO - 搜索关键词: 社会责任报告
2026-06-13 13:33:28,038 - INFO - 找到 5940 条记录
2026-06-13 13:33:28,041 - INFO - 筛选银行股后剩余 83 条记录
2026-06-13 13:33:28,042 - INFO - 过滤年份后排除 63 条记录，剩余 20 条
2026-06-13 13:34:46,133 - INFO - 使用预定义的银行业股票列表
2026-06-13 13:34:46,133 - INFO - 只保留包含以下年份的报告: [2024]
2026-06-13 13:34:46,133 - INFO - 过滤模式: 2024年度|2024年
2026-06-13 13:34:46,133 - INFO - 搜索关键词: 社会责任报告
2026-06-13 13:34:51,677 - INFO - 找到 1061 条记录
2026-06-13 13:34:51,678 - INFO - 筛选银行股后剩余 36 条记录
2026-06-13 13:34:51,679 - INFO - 过滤年份后排除 36 条记录，剩余 0 条
2026-06-13 13:34:51,679 - INFO - 过滤年份后无数据
2026-06-13 13:34:56,812 - INFO - 找到 1061 条记录
2026-06-13 13:34:56,814 - INFO - 筛选银行股后剩余 36 条记录
2026-06-13 13:34:56,815 - INFO - 过滤年份后排除 36 条记录，剩余 0 条
2026-06-13 13:34:56,815 - INFO - 过滤年份后无数据
2026-06-13 13:35:28,162 - INFO - 加载配置文件: configs/crawl.yaml
2026-06-13 13:35:28,163 - INFO - 开始搜索公告，关键词: ['社会责任报告', 'ESG报告', '可持续发展报告', '环境、社会及治理报告']
2026-06-13 13:35:28,163 - INFO - 仅筛选银行业股票
2026-06-13 13:35:28,163 - INFO - 使用预定义的银行业股票列表
2026-06-13 13:35:28,163 - INFO - 搜索关键词: 社会责任报告
2026-06-13 13:37:18,153 - INFO - 使用预定义的银行业股票列表
2026-06-13 13:37:18,153 - INFO - 搜索关键词: 社会责任报告
2026-06-13 13:37:28,971 - INFO - 找到 1789 条记录
2026-06-13 13:37:28,974 - INFO - 筛选银行股后剩余 58 条记录
2026-06-13 13:37:28,974 - INFO - 已达到最大记录数 3
2026-06-13 13:37:42,208 - INFO - 加载配置文件: configs/crawl.yaml
2026-06-13 13:37:42,208 - INFO - 开始搜索公告，关键词: ['社会责任报告', 'ESG报告', '可持续发展报告', '环境、社会及治理报告']
2026-06-13 13:37:42,208 - INFO - 仅筛选银行业股票
2026-06-13 13:37:42,208 - INFO - 使用预定义的银行业股票列表
2026-06-13 13:37:42,209 - INFO - 搜索关键词: 社会责任报告
2026-06-13 13:38:11,451 - ERROR - 获取 沪深京 市场数据失败: Expecting value: line 1 column 1 (char 0)
2026-06-13 13:39:15,872 - INFO - 使用预定义的银行业股票列表
2026-06-13 13:39:15,872 - INFO - 搜索关键词: 社会责任报告
2026-06-13 13:39:24,189 - INFO - 找到 1789 条记录
2026-06-13 13:39:24,192 - INFO - 筛选银行股后剩余 58 条记录
2026-06-13 13:39:24,192 - INFO - 已达到最大记录数 3
2026-06-13 13:39:24,193 - INFO - 共保存 3 条记录到 /Users/zhujie/大三下/数据挖掘与机器学习/poject_B/data/metadata/test_metadata.csv
2026-06-13 13:40:08,274 - INFO - 使用预定义的银行业股票列表
2026-06-13 13:40:08,275 - INFO - 搜索关键词: 社会责任报告
2026-06-13 13:40:20,465 - ERROR - 获取 沪深京 市场数据失败: Expecting value: line 1 column 1 (char 0)
2026-06-13 13:41:30,520 - INFO - 找到 2254 条记录
2026-06-13 13:41:30,522 - INFO - 筛选银行股后剩余 65 条记录
2026-06-13 13:41:31,028 - INFO - 搜索关键词: ESG报告
2026-06-13 13:41:41,234 - ERROR - 获取 沪深京 市场数据失败: Expecting value: line 1 column 1 (char 0)
2026-06-13 13:41:52,166 - ERROR - 获取 沪深京 市场数据失败: Expecting value: line 1 column 1 (char 0)
2026-06-13 13:41:52,170 - INFO - 搜索关键词: 可持续发展报告
2026-06-13 13:42:05,007 - ERROR - 获取 沪深京 市场数据失败: Expecting value: line 1 column 1 (char 0)
2026-06-13 13:42:15,766 - ERROR - 获取 沪深京 市场数据失败: Expecting value: line 1 column 1 (char 0)
2026-06-13 13:42:15,773 - INFO - 共保存 70 条记录到 /Users/zhujie/大三下/数据挖掘与机器学习/poject_B/data/metadata/metadata.csv
2026-06-13 13:50:17,178 - INFO - 使用预定义的银行业股票列表
2026-06-13 13:50:17,178 - INFO - 只保留包含以下年份的报告: [2021]
2026-06-13 13:50:17,179 - INFO - 过滤模式: 2021年度|2021年
2026-06-13 13:50:17,179 - INFO - 搜索关键词: 社会责任报告
2026-06-13 13:50:30,407 - INFO - 找到 2554 条记录
2026-06-13 13:50:30,409 - INFO - 筛选银行股后剩余 80 条记录
2026-06-13 13:50:30,410 - INFO - 过滤年份后排除 43 条记录，剩余 37 条
2026-06-13 13:50:41,811 - INFO - 找到 2554 条记录
2026-06-13 13:50:41,814 - INFO - 筛选银行股后剩余 81 条记录
2026-06-13 13:50:41,815 - INFO - 过滤年份后排除 43 条记录，剩余 38 条
2026-06-13 13:50:41,816 - INFO - 已达到最大记录数 50
2026-06-13 13:50:42,121 - INFO - 使用预定义的银行业股票列表
2026-06-13 13:50:42,121 - INFO - 只保留包含以下年份的报告: [2021]
2026-06-13 13:50:42,122 - INFO - 过滤模式: 2021年度|2021年
2026-06-13 13:50:42,122 - INFO - 搜索关键词: 社会责任报告
2026-06-13 13:51:03,955 - INFO - 找到 2554 条记录
2026-06-13 13:51:03,959 - INFO - 筛选银行股后剩余 78 条记录
2026-06-13 13:51:03,959 - INFO - 过滤年份后排除 43 条记录，剩余 35 条
2026-06-13 13:51:18,073 - INFO - 找到 2555 条记录
2026-06-13 13:51:18,074 - INFO - 筛选银行股后剩余 79 条记录
2026-06-13 13:51:18,074 - INFO - 过滤年份后排除 43 条记录，剩余 36 条
2026-06-13 13:51:18,075 - INFO - 已达到最大记录数 50
2026-06-13 13:51:18,375 - INFO - 使用预定义的银行业股票列表
2026-06-13 13:51:18,376 - INFO - 只保留包含以下年份的报告: [2021]
2026-06-13 13:51:18,376 - INFO - 过滤模式: 2021年度|2021年
2026-06-13 13:51:18,376 - INFO - 搜索关键词: 社会责任报告
2026-06-13 13:51:30,570 - INFO - 找到 2555 条记录
2026-06-13 13:51:30,573 - INFO - 筛选银行股后剩余 82 条记录
2026-06-13 13:51:30,574 - INFO - 过滤年份后排除 43 条记录，剩余 39 条
2026-06-13 13:51:46,434 - ERROR - 获取 沪深京 市场数据失败: Response ended prematurely
2026-06-13 13:51:46,740 - INFO - 使用预定义的银行业股票列表
2026-06-13 13:51:46,741 - INFO - 只保留包含以下年份的报告: [2021]
2026-06-13 13:51:46,741 - INFO - 过滤模式: 2021年度|2021年
2026-06-13 13:51:46,742 - INFO - 搜索关键词: 社会责任报告
2026-06-13 13:52:14,061 - INFO - 找到 2555 条记录
2026-06-13 13:52:14,064 - INFO - 筛选银行股后剩余 79 条记录
2026-06-13 13:52:14,065 - INFO - 过滤年份后排除 43 条记录，剩余 36 条
2026-06-13 13:52:43,307 - INFO - 使用预定义的银行业股票列表
2026-06-13 13:52:43,307 - INFO - 搜索关键词: 社会责任报告
2026-06-13 15:07:07,554 - INFO - 加载配置文件: configs/crawl.yaml
2026-06-13 15:07:07,555 - INFO - 开始搜索公告，关键词: ['社会责任报告', 'ESG报告', '可持续发展报告', '环境、社会及治理报告']
2026-06-13 15:07:07,555 - INFO - 仅筛选银行业股票
2026-06-13 15:07:07,555 - INFO - 仅筛选 [2021, 2022, 2023, 2024, 2025] 年度的报告
2026-06-13 15:07:07,555 - INFO - 使用预定义的银行业股票列表
2026-06-13 15:07:07,555 - INFO - 只保留包含以下年份的报告: [2021, 2022, 2023, 2024, 2025]
2026-06-13 15:07:07,555 - INFO - 过滤模式: 2021年度|2021年 | 2022年度|2022年 | 2023年度|2023年 | 2024年度|2024年 | 2025年度|2025年
2026-06-13 15:07:07,555 - INFO - 使用逐个银行搜索策略，共 42 家银行
2026-06-13 15:07:07,555 - INFO - [1/42] 搜索银行: 002142 (宁波银行)
2026-06-13 15:07:23,356 - ERROR - 获取数据失败 (symbol=002142, keyword=环境、社会及治理报告): "None of [Index(['代码', '简称', '公告标题', '公告时间', 'announcementId', 'orgId'], dtype='str')] are in the [columns]"
2026-06-13 15:07:23,360 - INFO - [2/42] 搜索银行: 002839 (张家港行)
2026-06-13 15:07:25,253 - ERROR - 获取数据失败 (symbol=002839, keyword=ESG报告): "None of [Index(['代码', '简称', '公告标题', '公告时间', 'announcementId', 'orgId'], dtype='str')] are in the [columns]"
2026-06-13 15:07:27,164 - ERROR - 获取数据失败 (symbol=002839, keyword=环境、社会及治理报告): "None of [Index(['代码', '简称', '公告标题', '公告时间', 'announcementId', 'orgId'], dtype='str')] are in the [columns]"
2026-06-13 15:07:27,165 - INFO - [3/42] 搜索银行: 601288 (农业银行)
2026-06-13 15:07:29,104 - ERROR - 获取数据失败 (symbol=601288, keyword=ESG报告): "None of [Index(['代码', '简称', '公告标题', '公告时间', 'announcementId', 'orgId'], dtype='str')] are in the [columns]"
2026-06-13 15:07:32,646 - INFO - [4/42] 搜索银行: 601939 (建设银行)
2026-06-13 15:07:34,744 - ERROR - 获取数据失败 (symbol=601939, keyword=ESG报告): "None of [Index(['代码', '简称', '公告标题', '公告时间', 'announcementId', 'orgId'], dtype='str')] are in the [columns]"
2026-06-13 15:07:36,644 - ERROR - 获取数据失败 (symbol=601939, keyword=环境、社会及治理报告): "None of [Index(['代码', '简称', '公告标题', '公告时间', 'announcementId', 'orgId'], dtype='str')] are in the [columns]"
2026-06-13 15:07:36,644 - INFO - [5/42] 搜索银行: 603323 (苏农银行)
2026-06-13 15:07:42,234 - ERROR - 获取数据失败 (symbol=603323, keyword=环境、社会及治理报告): "None of [Index(['代码', '简称', '公告标题', '公告时间', 'announcementId', 'orgId'], dtype='str')] are in the [columns]"
2026-06-13 15:07:42,237 - INFO - [6/42] 搜索银行: 601009 (南京银行)
2026-06-13 15:07:42,624 - ERROR - 获取数据失败 (symbol=601009, keyword=ESG报告): "None of [Index(['代码', '简称', '公告标题', '公告时间', 'announcementId', 'orgId'], dtype='str')] are in the [columns]"
2026-06-13 15:07:46,163 - INFO - [7/42] 搜索银行: 600928 (西安银行)
2026-06-13 15:07:49,824 - ERROR - 获取数据失败 (symbol=600928, keyword=可持续发展报告): "None of [Index(['代码', '简称', '公告标题', '公告时间', 'announcementId', 'orgId'], dtype='str')] are in the [columns]"
2026-06-13 15:07:51,591 - INFO - [8/42] 搜索银行: 601818 (光大银行)
2026-06-13 15:07:53,504 - ERROR - 获取数据失败 (symbol=601818, keyword=ESG报告): "None of [Index(['代码', '简称', '公告标题', '公告时间', 'announcementId', 'orgId'], dtype='str')] are in the [columns]"
2026-06-13 15:07:57,053 - INFO - [9/42] 搜索银行: 601988 (中国银行)
2026-06-13 15:07:58,966 - ERROR - 获取数据失败 (symbol=601988, keyword=ESG报告): "None of [Index(['代码', '简称', '公告标题', '公告时间', 'announcementId', 'orgId'], dtype='str')] are in the [columns]"
2026-06-13 15:08:00,867 - ERROR - 获取数据失败 (symbol=601988, keyword=环境、社会及治理报告): "None of [Index(['代码', '简称', '公告标题', '公告时间', 'announcementId', 'orgId'], dtype='str')] are in the [columns]"
2026-06-13 15:08:00,867 - INFO - [10/42] 搜索银行: 601077 (渝农商行)
2026-06-13 15:08:06,626 - ERROR - 获取数据失败 (symbol=601077, keyword=环境、社会及治理报告): "None of [Index(['代码', '简称', '公告标题', '公告时间', 'announcementId', 'orgId'], dtype='str')] are in the [columns]"
2026-06-13 15:08:06,629 - INFO - [11/42] 搜索银行: 601328 (交通银行)
2026-06-13 15:08:12,063 - ERROR - 获取数据失败 (symbol=601328, keyword=环境、社会及治理报告): "None of [Index(['代码', '简称', '公告标题', '公告时间', 'announcementId', 'orgId'], dtype='str')] are in the [columns]"
2026-06-13 15:08:12,063 - INFO - [12/42] 搜索银行: 601665 (齐鲁银行)
