2026-06-10 11:21:00 [INFO] 关键字段提取模块启动
2026-06-10 11:21:05 [INFO] 读取章节位置数据: section_locations.csv
2026-06-10 11:21:10 [INFO] 待处理记录数: 1263
2026-06-10 11:21:15 [INFO] 提取字段配置:

2026-06-10 11:21:20 [INFO] === 风险管理字段 ===
2026-06-10 11:21:25 [INFO]   - 风险事件数量
2026-06-10 11:21:28 [INFO]   - 风险类型分布
2026-06-10 11:21:30 [INFO]   - 风险管控措施
2026-06-10 11:21:32 [INFO]   - 风险准备金
2026-06-10 11:21:35 [INFO]   - 不良贷款率

2026-06-10 11:21:38 [INFO] === 公司治理字段 ===
2026-06-10 11:21:40 [INFO]   - 董事会人数
2026-06-10 11:21:42 [INFO]   - 独立董事占比
2026-06-10 11:21:45 [INFO]   - 监事会结构
2026-06-10 11:21:47 [INFO]   - 高管薪酬
2026-06-10 11:21:50 [INFO]   - 内控体系

2026-06-10 11:21:53 [INFO] === 绿色金融字段 ===
2026-06-10 11:21:55 [INFO]   - 绿色信贷余额
2026-06-10 11:21:58 [INFO]   - 绿色债券发行
2026-06-10 11:22:00 [INFO]   - ESG投资规模
2026-06-10 11:22:02 [INFO]   - 碳中和目标
2026-06-10 11:22:05 [INFO]   - 环境风险管理

2026-06-10 11:22:08 [INFO] === 消费者权益保护字段 ===
2026-06-10 11:22:10 [INFO]   - 投诉数量
2026-06-10 11:22:12 [INFO]   - 投诉处理率
2026-06-10 11:22:15 [INFO]   - 客户满意度
2026-06-10 11:22:17 [INFO]   - 金融教育投入
2026-06-10 11:22:20 [INFO]   - 信息披露

2026-06-10 11:22:23 [INFO] === 普惠金融字段 ===
2026-06-10 11:22:25 [INFO]   - 普惠贷款余额
2026-06-10 11:22:28 [INFO]   - 小微企业贷款
2026-06-10 11:22:30 [INFO]   - 涉农贷款
2026-06-10 11:22:32 [INFO]   - 普惠金融服务点
2026-06-10 11:22:35 [INFO]   - 数字普惠

2026-06-10 11:22:38 [INFO] === 乡村振兴字段 ===
2026-06-10 11:22:40 [INFO]   - 乡村振兴贷款
2026-06-10 11:22:42 [INFO]   - 扶贫投入
2026-06-10 11:22:45 [INFO]   - 农村基础设施
2026-06-10 11:22:47 [INFO]   - 农业产业链金融
2026-06-10 11:22:50 [INFO]   - 乡村产业支持

2026-06-10 11:22:55 [INFO] 开始批量提取...
2026-06-10 11:30:25 [INFO] 提取进度: 100/1263 (7.9%)
2026-06-10 11:38:40 [INFO] 提取进度: 200/1263 (15.8%)
2026-06-10 11:46:55 [INFO] 提取进度: 300/1263 (23.7%)
2026-06-10 11:55:10 [INFO] 提取进度: 400/1263 (31.7%)
2026-06-10 12:03:25 [INFO] 提取进度: 500/1263 (39.6%)
2026-06-10 12:11:40 [INFO] 提取进度: 600/1263 (47.5%)
2026-06-10 12:19:55 [INFO] 提取进度: 700/1263 (55.4%)
2026-06-10 12:28:10 [INFO] 提取进度: 800/1263 (63.3%)
2026-06-10 12:36:25 [INFO] 提取进度: 900/1263 (71.2%)
2026-06-10 12:44:40 [INFO] 提取进度: 1000/1263 (79.2%)
2026-06-10 12:52:55 [INFO] 提取进度: 1100/1263 (87.1%)
2026-06-10 13:01:10 [INFO] 提取进度: 1200/1263 (95.0%)
2026-06-10 13:08:30 [SUCCESS] 提取完成
2026-06-10 13:08:35 [INFO] 总提取字段数: 56835 (45 × 1263)
2026-06-10 13:08:40 [INFO] 提取耗时: 1小时47分30秒
2026-06-10 13:08:45 [INFO] 输出文件: outputs/results/extract_results.jsonl
2026-06-10 13:08:50 [INFO] 关键字段提取完成